2024-09-14 16:09:43.5352||DEBUG|SmartWMS.Program|init main 
2024-09-14 16:09:44.0887||DEBUG|Microsoft.EntityFrameworkCore.Infrastructure|An 'IServiceProvider' was created for internal use by Entity Framework. 
2024-09-14 16:09:44.3935||DEBUG|Microsoft.EntityFrameworkCore.Model|The index {'UserId'} was not created on entity type 'IdentityUserRole<string>' as the properties are already covered by the index {'UserId', 'RoleId'}. 
2024-09-14 16:09:44.3948||DEBUG|Microsoft.EntityFrameworkCore.Model|The index {'UserId'} was not created on entity type 'IdentityUserToken<string>' as the properties are already covered by the index {'UserId', 'LoginProvider', 'Name'}. 
2024-09-14 16:09:44.3948||DEBUG|Microsoft.EntityFrameworkCore.Model|The index {'UsersUserId'} was not created on entity type 'UsersHasTask' as the properties are already covered by the index {'UsersUserId', 'TasksTaskId'}. 
2024-09-14 16:09:44.5700||DEBUG|Microsoft.EntityFrameworkCore.Infrastructure|Entity Framework Core 8.0.8 initialized 'SmartwmsDbContext' using provider 'Npgsql.EntityFrameworkCore.PostgreSQL:8.0.4+51faf6e9c9c7ef99c3e98d98a96adb8fa8ae4553' with options: None 
2024-09-14 16:09:44.5958||DEBUG|Microsoft.EntityFrameworkCore.Query|Compiling query expression: 
'DbSet<IdentityRole>()
    .FirstOrDefault(r => r.NormalizedName == __normalizedName_0)' 
2024-09-14 16:09:44.6796||DEBUG|Microsoft.EntityFrameworkCore.Query|Generated query execution expression: 
'queryContext => ShapedQueryCompilingExpressionVisitor.SingleOrDefaultAsync<IdentityRole>(
    asyncEnumerable: new SingleQueryingEnumerable<IdentityRole>(
        (RelationalQueryContext)queryContext, 
        RelationalCommandCache.QueryExpression(
            Projection Mapping:
                EmptyProjectionMember -> Dictionary<IProperty, int> { [Property: IdentityRole.Id (string) Required PK AfterSave:Throw, 0], [Property: IdentityRole.ConcurrencyStamp (string) Concurrency, 1], [Property: IdentityRole.Name (string) MaxLength(256), 2], [Property: IdentityRole.NormalizedName (string) Index MaxLength(256), 3] }
            SELECT TOP(1) a.Id, a.ConcurrencyStamp, a.Name, a.NormalizedName
            FROM AspNetRoles AS a
            WHERE a.NormalizedName == @__normalizedName_0), 
        null, 
        Func<QueryContext, DbDataReader, ResultContext, SingleQueryResultCoordinator, IdentityRole>, 
        SmartWMS.Entities.SmartwmsDbContext, 
        False, 
        False, 
        True
    ), 
    cancellationToken: queryContext.CancellationToken)' 
2024-09-14 16:09:44.7003||DEBUG|Microsoft.EntityFrameworkCore.Database.Connection|Creating DbConnection. 
2024-09-14 16:09:44.7033||DEBUG|Microsoft.EntityFrameworkCore.Database.Connection|Created DbConnection. (2ms). 
2024-09-14 16:09:44.7049||DEBUG|Microsoft.EntityFrameworkCore.Database.Connection|Opening connection to database 'smartwms_db' on server 'tcp://localhost:5432'. 
2024-09-14 16:09:44.7989||DEBUG|Microsoft.EntityFrameworkCore.Database.Connection|Opened connection to database 'smartwms_db' on server 'tcp://localhost:5432'. 
2024-09-14 16:09:44.8060||DEBUG|Microsoft.EntityFrameworkCore.Database.Command|Creating DbCommand for 'ExecuteReader'. 
2024-09-14 16:09:44.8099||DEBUG|Microsoft.EntityFrameworkCore.Database.Command|Created DbCommand for 'ExecuteReader' (4ms). 
2024-09-14 16:09:44.8154||DEBUG|Microsoft.EntityFrameworkCore.Database.Command|Initialized DbCommand for 'ExecuteReader' (11ms). 
2024-09-14 16:09:44.8214||DEBUG|Microsoft.EntityFrameworkCore.Database.Command|Executing DbCommand [Parameters=[@__normalizedName_0='?'], CommandType='Text', CommandTimeout='30']
SELECT a."Id", a."ConcurrencyStamp", a."Name", a."NormalizedName"
FROM "AspNetRoles" AS a
WHERE a."NormalizedName" = @__normalizedName_0
LIMIT 1 
2024-09-14 16:09:44.8811||INFO|Microsoft.EntityFrameworkCore.Database.Command|Executed DbCommand (62ms) [Parameters=[@__normalizedName_0='?'], CommandType='Text', CommandTimeout='30']
SELECT a."Id", a."ConcurrencyStamp", a."Name", a."NormalizedName"
FROM "AspNetRoles" AS a
WHERE a."NormalizedName" = @__normalizedName_0
LIMIT 1 
2024-09-14 16:09:44.9132||DEBUG|Microsoft.EntityFrameworkCore.ChangeTracking|Context 'SmartwmsDbContext' started tracking 'IdentityRole' entity. Consider using 'DbContextOptionsBuilder.EnableSensitiveDataLogging' to see key values. 
2024-09-14 16:09:44.9349||DEBUG|Microsoft.EntityFrameworkCore.Database.Command|Closing data reader to 'smartwms_db' on server 'tcp://localhost:5432'. 
2024-09-14 16:09:44.9433||DEBUG|Microsoft.EntityFrameworkCore.Database.Command|A data reader for 'smartwms_db' on server 'tcp://localhost:5432' is being disposed after spending 57ms reading results. 
2024-09-14 16:09:44.9466||DEBUG|Microsoft.EntityFrameworkCore.Database.Connection|Closing connection to database 'smartwms_db' on server 'tcp://localhost:5432'. 
2024-09-14 16:09:44.9499||DEBUG|Microsoft.EntityFrameworkCore.Database.Connection|Closed connection to database 'smartwms_db' on server 'tcp://localhost:5432' (3ms). 
2024-09-14 16:09:44.9526||DEBUG|Microsoft.EntityFrameworkCore.Database.Connection|Opening connection to database 'smartwms_db' on server 'tcp://localhost:5432'. 
2024-09-14 16:09:44.9528||DEBUG|Microsoft.EntityFrameworkCore.Database.Connection|Opened connection to database 'smartwms_db' on server 'tcp://localhost:5432'. 
2024-09-14 16:09:44.9528||DEBUG|Microsoft.EntityFrameworkCore.Database.Command|Creating DbCommand for 'ExecuteReader'. 
2024-09-14 16:09:44.9528||DEBUG|Microsoft.EntityFrameworkCore.Database.Command|Created DbCommand for 'ExecuteReader' (0ms). 
2024-09-14 16:09:44.9528||DEBUG|Microsoft.EntityFrameworkCore.Database.Command|Initialized DbCommand for 'ExecuteReader' (0ms). 
2024-09-14 16:09:44.9528||DEBUG|Microsoft.EntityFrameworkCore.Database.Command|Executing DbCommand [Parameters=[@__normalizedName_0='?'], CommandType='Text', CommandTimeout='30']
SELECT a."Id", a."ConcurrencyStamp", a."Name", a."NormalizedName"
FROM "AspNetRoles" AS a
WHERE a."NormalizedName" = @__normalizedName_0
LIMIT 1 
2024-09-14 16:09:44.9556||INFO|Microsoft.EntityFrameworkCore.Database.Command|Executed DbCommand (3ms) [Parameters=[@__normalizedName_0='?'], CommandType='Text', CommandTimeout='30']
SELECT a."Id", a."ConcurrencyStamp", a."Name", a."NormalizedName"
FROM "AspNetRoles" AS a
WHERE a."NormalizedName" = @__normalizedName_0
LIMIT 1 
2024-09-14 16:09:44.9558||DEBUG|Microsoft.EntityFrameworkCore.ChangeTracking|Context 'SmartwmsDbContext' started tracking 'IdentityRole' entity. Consider using 'DbContextOptionsBuilder.EnableSensitiveDataLogging' to see key values. 
2024-09-14 16:09:44.9558||DEBUG|Microsoft.EntityFrameworkCore.Database.Command|Closing data reader to 'smartwms_db' on server 'tcp://localhost:5432'. 
2024-09-14 16:09:44.9558||DEBUG|Microsoft.EntityFrameworkCore.Database.Command|A data reader for 'smartwms_db' on server 'tcp://localhost:5432' is being disposed after spending 0ms reading results. 
2024-09-14 16:09:44.9558||DEBUG|Microsoft.EntityFrameworkCore.Database.Connection|Closing connection to database 'smartwms_db' on server 'tcp://localhost:5432'. 
2024-09-14 16:09:44.9558||DEBUG|Microsoft.EntityFrameworkCore.Database.Connection|Closed connection to database 'smartwms_db' on server 'tcp://localhost:5432' (0ms). 
2024-09-14 16:09:44.9558||DEBUG|Microsoft.EntityFrameworkCore.Database.Connection|Opening connection to database 'smartwms_db' on server 'tcp://localhost:5432'. 
2024-09-14 16:09:44.9558||DEBUG|Microsoft.EntityFrameworkCore.Database.Connection|Opened connection to database 'smartwms_db' on server 'tcp://localhost:5432'. 
2024-09-14 16:09:44.9558||DEBUG|Microsoft.EntityFrameworkCore.Database.Command|Creating DbCommand for 'ExecuteReader'. 
2024-09-14 16:09:44.9558||DEBUG|Microsoft.EntityFrameworkCore.Database.Command|Created DbCommand for 'ExecuteReader' (0ms). 
2024-09-14 16:09:44.9558||DEBUG|Microsoft.EntityFrameworkCore.Database.Command|Initialized DbCommand for 'ExecuteReader' (0ms). 
2024-09-14 16:09:44.9558||DEBUG|Microsoft.EntityFrameworkCore.Database.Command|Executing DbCommand [Parameters=[@__normalizedName_0='?'], CommandType='Text', CommandTimeout='30']
SELECT a."Id", a."ConcurrencyStamp", a."Name", a."NormalizedName"
FROM "AspNetRoles" AS a
WHERE a."NormalizedName" = @__normalizedName_0
LIMIT 1 
2024-09-14 16:09:44.9569||INFO|Microsoft.EntityFrameworkCore.Database.Command|Executed DbCommand (1ms) [Parameters=[@__normalizedName_0='?'], CommandType='Text', CommandTimeout='30']
SELECT a."Id", a."ConcurrencyStamp", a."Name", a."NormalizedName"
FROM "AspNetRoles" AS a
WHERE a."NormalizedName" = @__normalizedName_0
LIMIT 1 
2024-09-14 16:09:44.9569||DEBUG|Microsoft.EntityFrameworkCore.ChangeTracking|Context 'SmartwmsDbContext' started tracking 'IdentityRole' entity. Consider using 'DbContextOptionsBuilder.EnableSensitiveDataLogging' to see key values. 
2024-09-14 16:09:44.9569||DEBUG|Microsoft.EntityFrameworkCore.Database.Command|Closing data reader to 'smartwms_db' on server 'tcp://localhost:5432'. 
2024-09-14 16:09:44.9569||DEBUG|Microsoft.EntityFrameworkCore.Database.Command|A data reader for 'smartwms_db' on server 'tcp://localhost:5432' is being disposed after spending 0ms reading results. 
2024-09-14 16:09:44.9569||DEBUG|Microsoft.EntityFrameworkCore.Database.Connection|Closing connection to database 'smartwms_db' on server 'tcp://localhost:5432'. 
2024-09-14 16:09:44.9569||DEBUG|Microsoft.EntityFrameworkCore.Database.Connection|Closed connection to database 'smartwms_db' on server 'tcp://localhost:5432' (0ms). 
2024-09-14 16:09:44.9582||DEBUG|Microsoft.EntityFrameworkCore.Infrastructure|'SmartwmsDbContext' disposed. 
2024-09-14 16:09:44.9595||DEBUG|Microsoft.EntityFrameworkCore.Database.Connection|Disposing connection to database 'smartwms_db' on server 'tcp://localhost:5432'. 
2024-09-14 16:09:44.9600||DEBUG|Microsoft.EntityFrameworkCore.Database.Connection|Disposed connection to database 'smartwms_db' on server 'tcp://localhost:5432' (0ms). 
2024-09-14 16:09:44.9773||INFO|Microsoft.AspNetCore.DataProtection.KeyManagement.XmlKeyManager|User profile is available. Using '/Users/kamilsadowski/.aspnet/DataProtection-Keys' as key repository; keys will not be encrypted at rest. 
2024-09-14 16:09:45.0076||DEBUG|Microsoft.EntityFrameworkCore.Infrastructure|Entity Framework Core 8.0.8 initialized 'SmartwmsDbContext' using provider 'Npgsql.EntityFrameworkCore.PostgreSQL:8.0.4+51faf6e9c9c7ef99c3e98d98a96adb8fa8ae4553' with options: None 
2024-09-14 16:09:45.0084||DEBUG|Microsoft.EntityFrameworkCore.Query|Compiling query expression: 
'DbSet<User>()
    .SingleOrDefault(u => u.NormalizedEmail == __normalizedEmail_0)' 
2024-09-14 16:09:45.0121||DEBUG|Microsoft.EntityFrameworkCore.Query|Generated query execution expression: 
'queryContext => ShapedQueryCompilingExpressionVisitor.SingleOrDefaultAsync<User>(
    asyncEnumerable: new SingleQueryingEnumerable<User>(
        (RelationalQueryContext)queryContext, 
        RelationalCommandCache.QueryExpression(
            Projection Mapping:
                EmptyProjectionMember -> Dictionary<IProperty, int> { [Property: User.Id (string) Required PK AfterSave:Throw, 0], [Property: User.AccessFailedCount (int) Required, 1], [Property: User.ConcurrencyStamp (string) Concurrency, 2], [Property: User.Email (string) MaxLength(256), 3], [Property: User.EmailConfirmed (bool) Required, 4], [Property: User.LockoutEnabled (bool) Required, 5], [Property: User.LockoutEnd (DateTimeOffset?), 6], [Property: User.ManagerId (string) FK Index, 7], [Property: User.NormalizedEmail (string) Index MaxLength(256), 8], [Property: User.NormalizedUserName (string) Index MaxLength(256), 9], [Property: User.PasswordHash (string), 10], [Property: User.PhoneNumber (string), 11], [Property: User.PhoneNumberConfirmed (bool) Required, 12], [Property: User.SecurityStamp (string), 13], [Property: User.TwoFactorEnabled (bool) Required, 14], [Property: User.UserName (string) MaxLength(256), 15], [Property: User.WarehousesWarehouseId (int) Required FK Index, 16] }
            SELECT TOP(2) u.Id, u.AccessFailedCount, u.ConcurrencyStamp, u.Email, u.EmailConfirmed, u.LockoutEnabled, u.LockoutEnd, u.manager_id, u.NormalizedEmail, u.NormalizedUserName, u.PasswordHash, u.PhoneNumber, u.PhoneNumberConfirmed, u.SecurityStamp, u.TwoFactorEnabled, u.UserName, u.warehouses_warehouse_id
            FROM users AS u
            WHERE u.NormalizedEmail == @__normalizedEmail_0), 
        null, 
        Func<QueryContext, DbDataReader, ResultContext, SingleQueryResultCoordinator, User>, 
        SmartWMS.Entities.SmartwmsDbContext, 
        False, 
        False, 
        True
    ), 
    cancellationToken: queryContext.CancellationToken)' 
2024-09-14 16:09:45.0121||DEBUG|Microsoft.EntityFrameworkCore.Database.Connection|Creating DbConnection. 
2024-09-14 16:09:45.0121||DEBUG|Microsoft.EntityFrameworkCore.Database.Connection|Created DbConnection. (0ms). 
2024-09-14 16:09:45.0121||DEBUG|Microsoft.EntityFrameworkCore.Database.Connection|Opening connection to database 'smartwms_db' on server 'tcp://localhost:5432'. 
2024-09-14 16:09:45.0121||DEBUG|Microsoft.EntityFrameworkCore.Database.Connection|Opened connection to database 'smartwms_db' on server 'tcp://localhost:5432'. 
2024-09-14 16:09:45.0121||DEBUG|Microsoft.EntityFrameworkCore.Database.Command|Creating DbCommand for 'ExecuteReader'. 
2024-09-14 16:09:45.0121||DEBUG|Microsoft.EntityFrameworkCore.Database.Command|Created DbCommand for 'ExecuteReader' (0ms). 
2024-09-14 16:09:45.0121||DEBUG|Microsoft.EntityFrameworkCore.Database.Command|Initialized DbCommand for 'ExecuteReader' (0ms). 
2024-09-14 16:09:45.0121||DEBUG|Microsoft.EntityFrameworkCore.Database.Command|Executing DbCommand [Parameters=[@__normalizedEmail_0='?'], CommandType='Text', CommandTimeout='30']
SELECT u."Id", u."AccessFailedCount", u."ConcurrencyStamp", u."Email", u."EmailConfirmed", u."LockoutEnabled", u."LockoutEnd", u.manager_id, u."NormalizedEmail", u."NormalizedUserName", u."PasswordHash", u."PhoneNumber", u."PhoneNumberConfirmed", u."SecurityStamp", u."TwoFactorEnabled", u."UserName", u.warehouses_warehouse_id
FROM users AS u
WHERE u."NormalizedEmail" = @__normalizedEmail_0
LIMIT 2 
2024-09-14 16:09:45.0170||INFO|Microsoft.EntityFrameworkCore.Database.Command|Executed DbCommand (4ms) [Parameters=[@__normalizedEmail_0='?'], CommandType='Text', CommandTimeout='30']
SELECT u."Id", u."AccessFailedCount", u."ConcurrencyStamp", u."Email", u."EmailConfirmed", u."LockoutEnabled", u."LockoutEnd", u.manager_id, u."NormalizedEmail", u."NormalizedUserName", u."PasswordHash", u."PhoneNumber", u."PhoneNumberConfirmed", u."SecurityStamp", u."TwoFactorEnabled", u."UserName", u.warehouses_warehouse_id
FROM users AS u
WHERE u."NormalizedEmail" = @__normalizedEmail_0
LIMIT 2 
2024-09-14 16:09:45.0261||DEBUG|Microsoft.EntityFrameworkCore.ChangeTracking|Context 'SmartwmsDbContext' started tracking 'User' entity. Consider using 'DbContextOptionsBuilder.EnableSensitiveDataLogging' to see key values. 
2024-09-14 16:09:45.0407||DEBUG|Microsoft.EntityFrameworkCore.Database.Command|Closing data reader to 'smartwms_db' on server 'tcp://localhost:5432'. 
2024-09-14 16:09:45.0407||DEBUG|Microsoft.EntityFrameworkCore.Database.Command|A data reader for 'smartwms_db' on server 'tcp://localhost:5432' is being disposed after spending 23ms reading results. 
2024-09-14 16:09:45.0408||DEBUG|Microsoft.EntityFrameworkCore.Database.Connection|Closing connection to database 'smartwms_db' on server 'tcp://localhost:5432'. 
2024-09-14 16:09:45.0408||DEBUG|Microsoft.EntityFrameworkCore.Database.Connection|Closed connection to database 'smartwms_db' on server 'tcp://localhost:5432' (0ms). 
2024-09-14 16:09:45.0408||DEBUG|Microsoft.EntityFrameworkCore.Infrastructure|'SmartwmsDbContext' disposed. 
2024-09-14 16:09:45.0408||DEBUG|Microsoft.EntityFrameworkCore.Database.Connection|Disposing connection to database 'smartwms_db' on server 'tcp://localhost:5432'. 
2024-09-14 16:09:45.0408||DEBUG|Microsoft.EntityFrameworkCore.Database.Connection|Disposed connection to database 'smartwms_db' on server 'tcp://localhost:5432' (0ms). 
2024-09-14 16:09:45.1219||DEBUG|Microsoft.AspNetCore.Mvc.ModelBinding.ModelBinderFactory|Registered model binder providers, in the following order: Microsoft.AspNetCore.Mvc.ModelBinding.Binders.BinderTypeModelBinderProvider, Microsoft.AspNetCore.Mvc.ModelBinding.Binders.ServicesModelBinderProvider, Microsoft.AspNetCore.Mvc.ModelBinding.Binders.BodyModelBinderProvider, Microsoft.AspNetCore.Mvc.ModelBinding.Binders.HeaderModelBinderProvider, Microsoft.AspNetCore.Mvc.ModelBinding.Binders.FloatingPointTypeModelBinderProvider, Microsoft.AspNetCore.Mvc.ModelBinding.Binders.EnumTypeModelBinderProvider, Microsoft.AspNetCore.Mvc.ModelBinding.Binders.DateTimeModelBinderProvider, Microsoft.AspNetCore.Mvc.ModelBinding.Binders.SimpleTypeModelBinderProvider, Microsoft.AspNetCore.Mvc.ModelBinding.Binders.TryParseModelBinderProvider, Microsoft.AspNetCore.Mvc.ModelBinding.Binders.CancellationTokenModelBinderProvider, Microsoft.AspNetCore.Mvc.ModelBinding.Binders.ByteArrayModelBinderProvider, Microsoft.AspNetCore.Mvc.ModelBinding.Binders.FormFileModelBinderProvider, Microsoft.AspNetCore.Mvc.ModelBinding.Binders.FormCollectionModelBinderProvider, Microsoft.AspNetCore.Mvc.ModelBinding.Binders.KeyValuePairModelBinderProvider, Microsoft.AspNetCore.Mvc.ModelBinding.Binders.DictionaryModelBinderProvider, Microsoft.AspNetCore.Mvc.ModelBinding.Binders.ArrayModelBinderProvider, Microsoft.AspNetCore.Mvc.ModelBinding.Binders.CollectionModelBinderProvider, Microsoft.AspNetCore.Mvc.ModelBinding.Binders.ComplexObjectModelBinderProvider 
2024-09-14 16:09:45.2094||DEBUG|Microsoft.Extensions.Hosting.Internal.Host|Hosting starting 
2024-09-14 16:09:45.2230||DEBUG|Microsoft.AspNetCore.DataProtection.Repositories.FileSystemXmlRepository|Reading data from file '/Users/kamilsadowski/.aspnet/DataProtection-Keys/key-0ffb32d9-8013-4a53-b6ea-d73a13adc424.xml'. 
2024-09-14 16:09:45.2276||DEBUG|Microsoft.AspNetCore.DataProtection.KeyManagement.XmlKeyManager|Found key {0ffb32d9-8013-4a53-b6ea-d73a13adc424}. 
2024-09-14 16:09:45.2381||DEBUG|Microsoft.AspNetCore.DataProtection.KeyManagement.DefaultKeyResolver|Considering key {0ffb32d9-8013-4a53-b6ea-d73a13adc424} with expiration date 2024-11-12 15:19:46Z as default key. 
2024-09-14 16:09:45.2415||DEBUG|Microsoft.AspNetCore.DataProtection.TypeForwardingActivator|Forwarded activator type request from Microsoft.AspNetCore.DataProtection.AuthenticatedEncryption.ConfigurationModel.AuthenticatedEncryptorDescriptorDeserializer, Microsoft.AspNetCore.DataProtection, Version=8.0.0.0, Culture=neutral, PublicKeyToken=adb9793829ddae60 to Microsoft.AspNetCore.DataProtection.AuthenticatedEncryption.ConfigurationModel.AuthenticatedEncryptorDescriptorDeserializer, Microsoft.AspNetCore.DataProtection, Culture=neutral, PublicKeyToken=adb9793829ddae60 
2024-09-14 16:09:45.2458||DEBUG|Microsoft.AspNetCore.DataProtection.AuthenticatedEncryption.ManagedAuthenticatedEncryptorFactory|Using managed symmetric algorithm 'System.Security.Cryptography.Aes'. 
2024-09-14 16:09:45.2458||DEBUG|Microsoft.AspNetCore.DataProtection.AuthenticatedEncryption.ManagedAuthenticatedEncryptorFactory|Using managed keyed hash algorithm 'System.Security.Cryptography.HMACSHA256'. 
2024-09-14 16:09:45.2501||DEBUG|Microsoft.AspNetCore.DataProtection.KeyManagement.KeyRingProvider|Using key {0ffb32d9-8013-4a53-b6ea-d73a13adc424} as the default key. 
2024-09-14 16:09:45.2517||DEBUG|Microsoft.AspNetCore.DataProtection.Internal.DataProtectionHostedService|Key ring with default key {0ffb32d9-8013-4a53-b6ea-d73a13adc424} was loaded during application startup. 
2024-09-14 16:09:45.4305||INFO|Microsoft.Hosting.Lifetime|Now listening on: http://localhost:5236 
2024-09-14 16:09:45.4305||DEBUG|Microsoft.AspNetCore.Hosting.Diagnostics|Loaded hosting startup assembly SmartWMS 
2024-09-14 16:09:45.4315||INFO|Microsoft.Hosting.Lifetime|Application started. Press Ctrl+C to shut down. 
2024-09-14 16:09:45.4315||INFO|Microsoft.Hosting.Lifetime|Hosting environment: Development 
2024-09-14 16:09:45.4315||INFO|Microsoft.Hosting.Lifetime|Content root path: /Users/kamilsadowski/RiderProjects/SmartWMS 
2024-09-14 16:09:45.4315||DEBUG|Microsoft.Extensions.Hosting.Internal.Host|Hosting started 
2024-09-14 16:09:45.5909||DEBUG|Microsoft.AspNetCore.Server.Kestrel.Transport.Sockets|Connection id "0HN6KORHF4BG9" received FIN. 
2024-09-14 16:09:45.5961||DEBUG|Microsoft.AspNetCore.Server.Kestrel.Connections|Connection id "0HN6KORHF4BG9" accepted. 
2024-09-14 16:09:45.5972||DEBUG|Microsoft.AspNetCore.Server.Kestrel.Connections|Connection id "0HN6KORHF4BG9" started. 
2024-09-14 16:09:45.6050||DEBUG|Microsoft.AspNetCore.Server.Kestrel.Transport.Sockets|Connection id "0HN6KORHF4BG9" sending FIN because: "The Socket transport's send loop completed gracefully." 
2024-09-14 16:09:45.6093||DEBUG|Microsoft.AspNetCore.Server.Kestrel.Connections|Connection id "0HN6KORHF4BG9" disconnecting. 
2024-09-14 16:09:45.6372||DEBUG|Microsoft.AspNetCore.Server.Kestrel.Connections|Connection id "0HN6KORHF4BG9" stopped. 
2024-09-14 16:09:45.6953||DEBUG|Microsoft.AspNetCore.Server.Kestrel.Connections|Connection id "0HN6KORHF4BGA" accepted. 
2024-09-14 16:09:45.6953||DEBUG|Microsoft.AspNetCore.Server.Kestrel.Connections|Connection id "0HN6KORHF4BGA" started. 
2024-09-14 16:09:45.7648||INFO|Microsoft.AspNetCore.Hosting.Diagnostics|Request starting HTTP/1.1 GET http://localhost:5236/swagger/index.html - - - 
2024-09-14 16:09:45.7665||DEBUG|Microsoft.AspNetCore.HostFiltering.HostFilteringMiddleware|Wildcard detected, all requests with hosts will be allowed. 
2024-09-14 16:09:45.7665||TRACE|Microsoft.AspNetCore.HostFiltering.HostFilteringMiddleware|All hosts are allowed. 
2024-09-14 16:09:45.8021||DEBUG|Microsoft.AspNetCore.Routing.Matching.DfaMatcher|No candidates found for the request path '/swagger/index.html' 
2024-09-14 16:09:45.8021||DEBUG|Microsoft.AspNetCore.Routing.EndpointRoutingMiddleware|Request did not match any endpoints 
2024-09-14 16:09:45.8598||DEBUG|Microsoft.AspNetCore.Server.Kestrel.Connections|Connection id "0HN6KORHF4BGA" completed keep alive response. 
2024-09-14 16:09:45.8624||INFO|Microsoft.AspNetCore.Hosting.Diagnostics|Request finished HTTP/1.1 GET http://localhost:5236/swagger/index.html - 200 - text/html;charset=utf-8 104.7357ms 
2024-09-14 16:09:45.9587||INFO|Microsoft.AspNetCore.Hosting.Diagnostics|Request starting HTTP/1.1 GET http://localhost:5236/swagger/v1/swagger.json - - - 
2024-09-14 16:09:45.9588||TRACE|Microsoft.AspNetCore.HostFiltering.HostFilteringMiddleware|All hosts are allowed. 
2024-09-14 16:09:45.9603||DEBUG|Microsoft.AspNetCore.Routing.Matching.DfaMatcher|No candidates found for the request path '/swagger/v1/swagger.json' 
2024-09-14 16:09:45.9603||DEBUG|Microsoft.AspNetCore.Routing.EndpointRoutingMiddleware|Request did not match any endpoints 
2024-09-14 16:09:45.9688||DEBUG|Microsoft.AspNetCore.Server.Kestrel.Connections|Connection id "0HN6KORHF4BGB" accepted. 
2024-09-14 16:09:45.9688||DEBUG|Microsoft.AspNetCore.Server.Kestrel.Connections|Connection id "0HN6KORHF4BGB" started. 
2024-09-14 16:09:45.9688||INFO|Microsoft.AspNetCore.Hosting.Diagnostics|Request starting HTTP/1.1 GET http://localhost:5236/apple-touch-icon-precomposed.png - - - 
2024-09-14 16:09:45.9688||TRACE|Microsoft.AspNetCore.HostFiltering.HostFilteringMiddleware|All hosts are allowed. 
2024-09-14 16:09:45.9688||DEBUG|Microsoft.AspNetCore.Routing.Matching.DfaMatcher|No candidates found for the request path '/apple-touch-icon-precomposed.png' 
2024-09-14 16:09:45.9688||DEBUG|Microsoft.AspNetCore.Routing.EndpointRoutingMiddleware|Request did not match any endpoints 
2024-09-14 16:09:45.9723||DEBUG|Microsoft.AspNetCore.StaticFiles.StaticFileMiddleware|The request path  does not match the path filter 
2024-09-14 16:09:45.9923||DEBUG|Microsoft.AspNetCore.Authentication.BearerToken.BearerTokenHandler|AuthenticationScheme: Identity.Bearer was not authenticated. 
2024-09-14 16:09:46.0022||DEBUG|Microsoft.AspNetCore.Authentication.Cookies.CookieAuthenticationHandler|AuthenticationScheme: Identity.Application was not authenticated. 
2024-09-14 16:09:46.0022||DEBUG|Microsoft.Extensions.DependencyInjection.IdentityServiceCollectionExtensions+CompositeIdentityHandler|AuthenticationScheme: Identity.BearerAndApplication was not authenticated. 
2024-09-14 16:09:46.0059||WARN|Microsoft.AspNetCore.HttpsPolicy.HttpsRedirectionMiddleware|Failed to determine the https port for redirect. 
2024-09-14 16:09:46.0077||DEBUG|Microsoft.AspNetCore.Server.Kestrel.Connections|Connection id "0HN6KORHF4BGB" completed keep alive response. 
2024-09-14 16:09:46.0078||INFO|Microsoft.AspNetCore.Hosting.Diagnostics|Request finished HTTP/1.1 GET http://localhost:5236/apple-touch-icon-precomposed.png - 404 0 - 38.5347ms 
2024-09-14 16:09:46.0078||INFO|Microsoft.AspNetCore.Hosting.Diagnostics|Request reached the end of the middleware pipeline without being handled by application code. Request path: GET http://localhost:5236/apple-touch-icon-precomposed.png, Response status code: 404 
2024-09-14 16:09:46.0090||INFO|Microsoft.AspNetCore.Hosting.Diagnostics|Request starting HTTP/1.1 GET http://localhost:5236/apple-touch-icon.png - - - 
2024-09-14 16:09:46.0090||TRACE|Microsoft.AspNetCore.HostFiltering.HostFilteringMiddleware|All hosts are allowed. 
2024-09-14 16:09:46.0090||DEBUG|Microsoft.AspNetCore.Routing.Matching.DfaMatcher|No candidates found for the request path '/apple-touch-icon.png' 
2024-09-14 16:09:46.0090||DEBUG|Microsoft.AspNetCore.Routing.EndpointRoutingMiddleware|Request did not match any endpoints 
2024-09-14 16:09:46.0090||DEBUG|Microsoft.AspNetCore.StaticFiles.StaticFileMiddleware|The request path  does not match the path filter 
2024-09-14 16:09:46.0100||DEBUG|Microsoft.AspNetCore.Authentication.BearerToken.BearerTokenHandler|AuthenticationScheme: Identity.Bearer was not authenticated. 
2024-09-14 16:09:46.0100||DEBUG|Microsoft.AspNetCore.Authentication.Cookies.CookieAuthenticationHandler|AuthenticationScheme: Identity.Application was not authenticated. 
2024-09-14 16:09:46.0100||DEBUG|Microsoft.Extensions.DependencyInjection.IdentityServiceCollectionExtensions+CompositeIdentityHandler|AuthenticationScheme: Identity.BearerAndApplication was not authenticated. 
2024-09-14 16:09:46.0100||DEBUG|Microsoft.AspNetCore.Server.Kestrel.Connections|Connection id "0HN6KORHF4BGB" completed keep alive response. 
2024-09-14 16:09:46.0100||INFO|Microsoft.AspNetCore.Hosting.Diagnostics|Request finished HTTP/1.1 GET http://localhost:5236/apple-touch-icon.png - 404 0 - 1.2714ms 
2024-09-14 16:09:46.0100||INFO|Microsoft.AspNetCore.Hosting.Diagnostics|Request reached the end of the middleware pipeline without being handled by application code. Request path: GET http://localhost:5236/apple-touch-icon.png, Response status code: 404 
2024-09-14 16:09:46.0839||DEBUG|Microsoft.AspNetCore.Server.Kestrel.Connections|Connection id "0HN6KORHF4BGA" completed keep alive response. 
2024-09-14 16:09:46.0839||INFO|Microsoft.AspNetCore.Hosting.Diagnostics|Request finished HTTP/1.1 GET http://localhost:5236/swagger/v1/swagger.json - 200 - application/json;charset=utf-8 125.4491ms 
2024-09-14 16:10:16.3517||DEBUG|Microsoft.AspNetCore.Server.Kestrel.Transport.Sockets|Connection id "0HN6KORHF4BGB" received FIN. 
2024-09-14 16:10:16.3536||DEBUG|Microsoft.AspNetCore.Server.Kestrel.Transport.Sockets|Connection id "0HN6KORHF4BGB" sending FIN because: "The Socket transport's send loop completed gracefully." 
2024-09-14 16:10:16.3558||DEBUG|Microsoft.AspNetCore.Server.Kestrel.Connections|Connection id "0HN6KORHF4BGB" disconnecting. 
2024-09-14 16:10:16.3586||DEBUG|Microsoft.AspNetCore.Server.Kestrel.Connections|Connection id "0HN6KORHF4BGB" stopped. 
2024-09-14 16:10:26.4442||INFO|Microsoft.AspNetCore.Hosting.Diagnostics|Request starting HTTP/1.1 POST http://localhost:5236/login?useCookies=true - application/json 115 
2024-09-14 16:10:26.4442||TRACE|Microsoft.AspNetCore.HostFiltering.HostFilteringMiddleware|All hosts are allowed. 
2024-09-14 16:10:26.4492||DEBUG|Microsoft.AspNetCore.Routing.Matching.DfaMatcher|1 candidate(s) found for the request path '/login' 
2024-09-14 16:10:26.4499||DEBUG|Microsoft.AspNetCore.Routing.EndpointRoutingMiddleware|Request matched endpoint 'HTTP: POST /login' 
2024-09-14 16:10:26.4509||TRACE|Microsoft.AspNetCore.Routing.EndpointRoutingMiddleware|The endpoint does not specify the IRequestSizeLimitMetadata. 
2024-09-14 16:10:26.4509||DEBUG|Microsoft.AspNetCore.StaticFiles.StaticFileMiddleware|Static files was skipped as the request already matched an endpoint. 
2024-09-14 16:10:26.4540||DEBUG|Microsoft.AspNetCore.Cors.Infrastructure.CorsService|The request has an origin header: 'http://localhost:5236'. 
2024-09-14 16:10:26.4540||INFO|Microsoft.AspNetCore.Cors.Infrastructure.CorsService|CORS policy execution successful. 
2024-09-14 16:10:26.4589||DEBUG|Microsoft.AspNetCore.Authentication.BearerToken.BearerTokenHandler|AuthenticationScheme: Identity.Bearer was not authenticated. 
2024-09-14 16:10:26.4703||TRACE|Microsoft.AspNetCore.DataProtection.KeyManagement.KeyRingBasedDataProtector|Performing unprotect operation to key {0ffb32d9-8013-4a53-b6ea-d73a13adc424} with purposes ('/Users/kamilsadowski/RiderProjects/SmartWMS/', 'Microsoft.AspNetCore.Authentication.Cookies.CookieAuthenticationMiddleware', 'Identity.Application', 'v2'). 
2024-09-14 16:10:26.4947||DEBUG|Microsoft.EntityFrameworkCore.Infrastructure|Entity Framework Core 8.0.8 initialized 'SmartwmsDbContext' using provider 'Npgsql.EntityFrameworkCore.PostgreSQL:8.0.4+51faf6e9c9c7ef99c3e98d98a96adb8fa8ae4553' with options: None 
2024-09-14 16:10:26.5020||DEBUG|Microsoft.EntityFrameworkCore.Query|Compiling query expression: 
'DbSet<User>()
    .FirstOrDefault(e => EF.Property<string>(e, "Id") == __p_0)' 
2024-09-14 16:10:26.5105||DEBUG|Microsoft.EntityFrameworkCore.Query|Generated query execution expression: 
'queryContext => ShapedQueryCompilingExpressionVisitor.SingleOrDefaultAsync<User>(
    asyncEnumerable: new SingleQueryingEnumerable<User>(
        (RelationalQueryContext)queryContext, 
        RelationalCommandCache.QueryExpression(
            Projection Mapping:
                EmptyProjectionMember -> Dictionary<IProperty, int> { [Property: User.Id (string) Required PK AfterSave:Throw, 0], [Property: User.AccessFailedCount (int) Required, 1], [Property: User.ConcurrencyStamp (string) Concurrency, 2], [Property: User.Email (string) MaxLength(256), 3], [Property: User.EmailConfirmed (bool) Required, 4], [Property: User.LockoutEnabled (bool) Required, 5], [Property: User.LockoutEnd (DateTimeOffset?), 6], [Property: User.ManagerId (string) FK Index, 7], [Property: User.NormalizedEmail (string) Index MaxLength(256), 8], [Property: User.NormalizedUserName (string) Index MaxLength(256), 9], [Property: User.PasswordHash (string), 10], [Property: User.PhoneNumber (string), 11], [Property: User.PhoneNumberConfirmed (bool) Required, 12], [Property: User.SecurityStamp (string), 13], [Property: User.TwoFactorEnabled (bool) Required, 14], [Property: User.UserName (string) MaxLength(256), 15], [Property: User.WarehousesWarehouseId (int) Required FK Index, 16] }
            SELECT TOP(1) u.Id, u.AccessFailedCount, u.ConcurrencyStamp, u.Email, u.EmailConfirmed, u.LockoutEnabled, u.LockoutEnd, u.manager_id, u.NormalizedEmail, u.NormalizedUserName, u.PasswordHash, u.PhoneNumber, u.PhoneNumberConfirmed, u.SecurityStamp, u.TwoFactorEnabled, u.UserName, u.warehouses_warehouse_id
            FROM users AS u
            WHERE u.Id == @__p_0), 
        null, 
        Func<QueryContext, DbDataReader, ResultContext, SingleQueryResultCoordinator, User>, 
        SmartWMS.Entities.SmartwmsDbContext, 
        False, 
        False, 
        True
    ), 
    cancellationToken: queryContext.CancellationToken)' 
2024-09-14 16:10:26.5109||DEBUG|Microsoft.EntityFrameworkCore.Database.Connection|Creating DbConnection. 
2024-09-14 16:10:26.5109||DEBUG|Microsoft.EntityFrameworkCore.Database.Connection|Created DbConnection. (0ms). 
2024-09-14 16:10:26.5109||DEBUG|Microsoft.EntityFrameworkCore.Database.Connection|Opening connection to database 'smartwms_db' on server 'tcp://localhost:5432'. 
2024-09-14 16:10:26.5109||DEBUG|Microsoft.EntityFrameworkCore.Database.Connection|Opened connection to database 'smartwms_db' on server 'tcp://localhost:5432'. 
2024-09-14 16:10:26.5109||DEBUG|Microsoft.EntityFrameworkCore.Database.Command|Creating DbCommand for 'ExecuteReader'. 
2024-09-14 16:10:26.5109||DEBUG|Microsoft.EntityFrameworkCore.Database.Command|Created DbCommand for 'ExecuteReader' (0ms). 
2024-09-14 16:10:26.5109||DEBUG|Microsoft.EntityFrameworkCore.Database.Command|Initialized DbCommand for 'ExecuteReader' (0ms). 
2024-09-14 16:10:26.5109||DEBUG|Microsoft.EntityFrameworkCore.Database.Command|Executing DbCommand [Parameters=[@__p_0='?'], CommandType='Text', CommandTimeout='30']
SELECT u."Id", u."AccessFailedCount", u."ConcurrencyStamp", u."Email", u."EmailConfirmed", u."LockoutEnabled", u."LockoutEnd", u.manager_id, u."NormalizedEmail", u."NormalizedUserName", u."PasswordHash", u."PhoneNumber", u."PhoneNumberConfirmed", u."SecurityStamp", u."TwoFactorEnabled", u."UserName", u.warehouses_warehouse_id
FROM users AS u
WHERE u."Id" = @__p_0
LIMIT 1 
2024-09-14 16:10:26.5133||INFO|Microsoft.EntityFrameworkCore.Database.Command|Executed DbCommand (2ms) [Parameters=[@__p_0='?'], CommandType='Text', CommandTimeout='30']
SELECT u."Id", u."AccessFailedCount", u."ConcurrencyStamp", u."Email", u."EmailConfirmed", u."LockoutEnabled", u."LockoutEnd", u.manager_id, u."NormalizedEmail", u."NormalizedUserName", u."PasswordHash", u."PhoneNumber", u."PhoneNumberConfirmed", u."SecurityStamp", u."TwoFactorEnabled", u."UserName", u.warehouses_warehouse_id
FROM users AS u
WHERE u."Id" = @__p_0
LIMIT 1 
2024-09-14 16:10:26.5133||DEBUG|Microsoft.EntityFrameworkCore.ChangeTracking|Context 'SmartwmsDbContext' started tracking 'User' entity. Consider using 'DbContextOptionsBuilder.EnableSensitiveDataLogging' to see key values. 
2024-09-14 16:10:26.5133||DEBUG|Microsoft.EntityFrameworkCore.Database.Command|Closing data reader to 'smartwms_db' on server 'tcp://localhost:5432'. 
2024-09-14 16:10:26.5133||DEBUG|Microsoft.EntityFrameworkCore.Database.Command|A data reader for 'smartwms_db' on server 'tcp://localhost:5432' is being disposed after spending 0ms reading results. 
2024-09-14 16:10:26.5133||DEBUG|Microsoft.EntityFrameworkCore.Database.Connection|Closing connection to database 'smartwms_db' on server 'tcp://localhost:5432'. 
2024-09-14 16:10:26.5138||DEBUG|Microsoft.EntityFrameworkCore.Database.Connection|Closed connection to database 'smartwms_db' on server 'tcp://localhost:5432' (0ms). 
2024-09-14 16:10:26.5265||DEBUG|Microsoft.EntityFrameworkCore.Query|Compiling query expression: 
'DbSet<IdentityUserClaim<string>>()
    .Where(uc => uc.UserId.Equals(__user_Id_0))
    .Select(c => c.ToClaim())' 
2024-09-14 16:10:26.5500||DEBUG|Microsoft.EntityFrameworkCore.Query|Generated query execution expression: 
'queryContext => new SingleQueryingEnumerable<Claim>(
    (RelationalQueryContext)queryContext, 
    RelationalCommandCache.QueryExpression(
        Client Projections:
            0 -> Dictionary<IProperty, int> { [Property: IdentityUserClaim<string>.Id (int) Required PK AfterSave:Throw ValueGenerated.OnAdd, 0], [Property: IdentityUserClaim<string>.ClaimType (string), 1], [Property: IdentityUserClaim<string>.ClaimValue (string), 2], [Property: IdentityUserClaim<string>.UserId (string) Required FK Index, 3] }
        SELECT a.Id, a.ClaimType, a.ClaimValue, a.UserId
        FROM AspNetUserClaims AS a
        WHERE a.UserId == @__user_Id_0), 
    null, 
    Func<QueryContext, DbDataReader, ResultContext, SingleQueryResultCoordinator, Claim>, 
    SmartWMS.Entities.SmartwmsDbContext, 
    False, 
    False, 
    True
)' 
2024-09-14 16:10:26.5500||DEBUG|Microsoft.EntityFrameworkCore.Database.Connection|Opening connection to database 'smartwms_db' on server 'tcp://localhost:5432'. 
2024-09-14 16:10:26.5500||DEBUG|Microsoft.EntityFrameworkCore.Database.Connection|Opened connection to database 'smartwms_db' on server 'tcp://localhost:5432'. 
2024-09-14 16:10:26.5500||DEBUG|Microsoft.EntityFrameworkCore.Database.Command|Creating DbCommand for 'ExecuteReader'. 
2024-09-14 16:10:26.5500||DEBUG|Microsoft.EntityFrameworkCore.Database.Command|Created DbCommand for 'ExecuteReader' (0ms). 
2024-09-14 16:10:26.5500||DEBUG|Microsoft.EntityFrameworkCore.Database.Command|Initialized DbCommand for 'ExecuteReader' (0ms). 
2024-09-14 16:10:26.5500||DEBUG|Microsoft.EntityFrameworkCore.Database.Command|Executing DbCommand [Parameters=[@__user_Id_0='?'], CommandType='Text', CommandTimeout='30']
SELECT a."Id", a."ClaimType", a."ClaimValue", a."UserId"
FROM "AspNetUserClaims" AS a
WHERE a."UserId" = @__user_Id_0 
2024-09-14 16:10:26.5535||INFO|Microsoft.EntityFrameworkCore.Database.Command|Executed DbCommand (3ms) [Parameters=[@__user_Id_0='?'], CommandType='Text', CommandTimeout='30']
SELECT a."Id", a."ClaimType", a."ClaimValue", a."UserId"
FROM "AspNetUserClaims" AS a
WHERE a."UserId" = @__user_Id_0 
2024-09-14 16:10:26.5540||DEBUG|Microsoft.EntityFrameworkCore.Database.Command|Closing data reader to 'smartwms_db' on server 'tcp://localhost:5432'. 
2024-09-14 16:10:26.5540||DEBUG|Microsoft.EntityFrameworkCore.Database.Command|A data reader for 'smartwms_db' on server 'tcp://localhost:5432' is being disposed after spending 0ms reading results. 
2024-09-14 16:10:26.5540||DEBUG|Microsoft.EntityFrameworkCore.Database.Connection|Closing connection to database 'smartwms_db' on server 'tcp://localhost:5432'. 
2024-09-14 16:10:26.5540||DEBUG|Microsoft.EntityFrameworkCore.Database.Connection|Closed connection to database 'smartwms_db' on server 'tcp://localhost:5432' (0ms). 
2024-09-14 16:10:26.5588||DEBUG|Microsoft.EntityFrameworkCore.Query|Compiling query expression: 
'DbSet<IdentityUserRole<string>>()
    .Join(
        inner: DbSet<IdentityRole>(), 
        outerKeySelector: userRole => userRole.RoleId, 
        innerKeySelector: role => role.Id, 
        resultSelector: (userRole, role) => new { 
            userRole = userRole, 
            role = role
         })
    .Where(<>h__TransparentIdentifier0 => <>h__TransparentIdentifier0.userRole.UserId.Equals(__userId_0))
    .Select(<>h__TransparentIdentifier0 => <>h__TransparentIdentifier0.role.Name)' 
2024-09-14 16:10:26.5666||DEBUG|Microsoft.EntityFrameworkCore.Query|Generated query execution expression: 
'queryContext => new SingleQueryingEnumerable<string>(
    (RelationalQueryContext)queryContext, 
    RelationalCommandCache.QueryExpression(
        Projection Mapping:
            EmptyProjectionMember -> 0
        SELECT a0.Name
        FROM AspNetUserRoles AS a
        INNER JOIN AspNetRoles AS a0 ON a.RoleId == a0.Id
        WHERE a.UserId == @__userId_0), 
    null, 
    Func<QueryContext, DbDataReader, ResultContext, SingleQueryResultCoordinator, string>, 
    SmartWMS.Entities.SmartwmsDbContext, 
    False, 
    False, 
    True
)' 
2024-09-14 16:10:26.5671||DEBUG|Microsoft.EntityFrameworkCore.Database.Connection|Opening connection to database 'smartwms_db' on server 'tcp://localhost:5432'. 
2024-09-14 16:10:26.5671||DEBUG|Microsoft.EntityFrameworkCore.Database.Connection|Opened connection to database 'smartwms_db' on server 'tcp://localhost:5432'. 
2024-09-14 16:10:26.5671||DEBUG|Microsoft.EntityFrameworkCore.Database.Command|Creating DbCommand for 'ExecuteReader'. 
2024-09-14 16:10:26.5671||DEBUG|Microsoft.EntityFrameworkCore.Database.Command|Created DbCommand for 'ExecuteReader' (0ms). 
2024-09-14 16:10:26.5671||DEBUG|Microsoft.EntityFrameworkCore.Database.Command|Initialized DbCommand for 'ExecuteReader' (0ms). 
2024-09-14 16:10:26.5671||DEBUG|Microsoft.EntityFrameworkCore.Database.Command|Executing DbCommand [Parameters=[@__userId_0='?'], CommandType='Text', CommandTimeout='30']
SELECT a0."Name"
FROM "AspNetUserRoles" AS a
INNER JOIN "AspNetRoles" AS a0 ON a."RoleId" = a0."Id"
WHERE a."UserId" = @__userId_0 
2024-09-14 16:10:26.5722||INFO|Microsoft.EntityFrameworkCore.Database.Command|Executed DbCommand (5ms) [Parameters=[@__userId_0='?'], CommandType='Text', CommandTimeout='30']
SELECT a0."Name"
FROM "AspNetUserRoles" AS a
INNER JOIN "AspNetRoles" AS a0 ON a."RoleId" = a0."Id"
WHERE a."UserId" = @__userId_0 
2024-09-14 16:10:26.5722||DEBUG|Microsoft.EntityFrameworkCore.Database.Command|Closing data reader to 'smartwms_db' on server 'tcp://localhost:5432'. 
2024-09-14 16:10:26.5722||DEBUG|Microsoft.EntityFrameworkCore.Database.Command|A data reader for 'smartwms_db' on server 'tcp://localhost:5432' is being disposed after spending 0ms reading results. 
2024-09-14 16:10:26.5722||DEBUG|Microsoft.EntityFrameworkCore.Database.Connection|Closing connection to database 'smartwms_db' on server 'tcp://localhost:5432'. 
2024-09-14 16:10:26.5722||DEBUG|Microsoft.EntityFrameworkCore.Database.Connection|Closed connection to database 'smartwms_db' on server 'tcp://localhost:5432' (0ms). 
2024-09-14 16:10:26.5733||DEBUG|Microsoft.EntityFrameworkCore.Database.Connection|Opening connection to database 'smartwms_db' on server 'tcp://localhost:5432'. 
2024-09-14 16:10:26.5733||DEBUG|Microsoft.EntityFrameworkCore.Database.Connection|Opened connection to database 'smartwms_db' on server 'tcp://localhost:5432'. 
2024-09-14 16:10:26.5733||DEBUG|Microsoft.EntityFrameworkCore.Database.Command|Creating DbCommand for 'ExecuteReader'. 
2024-09-14 16:10:26.5733||DEBUG|Microsoft.EntityFrameworkCore.Database.Command|Created DbCommand for 'ExecuteReader' (0ms). 
2024-09-14 16:10:26.5733||DEBUG|Microsoft.EntityFrameworkCore.Database.Command|Initialized DbCommand for 'ExecuteReader' (0ms). 
2024-09-14 16:10:26.5733||DEBUG|Microsoft.EntityFrameworkCore.Database.Command|Executing DbCommand [Parameters=[@__normalizedName_0='?'], CommandType='Text', CommandTimeout='30']
SELECT a."Id", a."ConcurrencyStamp", a."Name", a."NormalizedName"
FROM "AspNetRoles" AS a
WHERE a."NormalizedName" = @__normalizedName_0
LIMIT 1 
2024-09-14 16:10:26.5742||INFO|Microsoft.EntityFrameworkCore.Database.Command|Executed DbCommand (1ms) [Parameters=[@__normalizedName_0='?'], CommandType='Text', CommandTimeout='30']
SELECT a."Id", a."ConcurrencyStamp", a."Name", a."NormalizedName"
FROM "AspNetRoles" AS a
WHERE a."NormalizedName" = @__normalizedName_0
LIMIT 1 
2024-09-14 16:10:26.5742||DEBUG|Microsoft.EntityFrameworkCore.ChangeTracking|Context 'SmartwmsDbContext' started tracking 'IdentityRole' entity. Consider using 'DbContextOptionsBuilder.EnableSensitiveDataLogging' to see key values. 
2024-09-14 16:10:26.5742||DEBUG|Microsoft.EntityFrameworkCore.Database.Command|Closing data reader to 'smartwms_db' on server 'tcp://localhost:5432'. 
2024-09-14 16:10:26.5742||DEBUG|Microsoft.EntityFrameworkCore.Database.Command|A data reader for 'smartwms_db' on server 'tcp://localhost:5432' is being disposed after spending 0ms reading results. 
2024-09-14 16:10:26.5742||DEBUG|Microsoft.EntityFrameworkCore.Database.Connection|Closing connection to database 'smartwms_db' on server 'tcp://localhost:5432'. 
2024-09-14 16:10:26.5742||DEBUG|Microsoft.EntityFrameworkCore.Database.Connection|Closed connection to database 'smartwms_db' on server 'tcp://localhost:5432' (0ms). 
2024-09-14 16:10:26.5760||DEBUG|Microsoft.EntityFrameworkCore.Query|Compiling query expression: 
'DbSet<IdentityRoleClaim<string>>()
    .Where(rc => rc.RoleId.Equals(__role_Id_0))
    .Select(c => new Claim(
        c.ClaimType, 
        c.ClaimValue
    ))' 
2024-09-14 16:10:26.5771||DEBUG|Microsoft.EntityFrameworkCore.Query|Generated query execution expression: 
'queryContext => new SingleQueryingEnumerable<Claim>(
    (RelationalQueryContext)queryContext, 
    RelationalCommandCache.QueryExpression(
        Client Projections:
            0 -> 0
            1 -> 1
        SELECT a.ClaimType, a.ClaimValue
        FROM AspNetRoleClaims AS a
        WHERE a.RoleId == @__role_Id_0), 
    null, 
    Func<QueryContext, DbDataReader, ResultContext, SingleQueryResultCoordinator, Claim>, 
    SmartWMS.Entities.SmartwmsDbContext, 
    False, 
    False, 
    True
)' 
2024-09-14 16:10:26.5771||DEBUG|Microsoft.EntityFrameworkCore.Database.Connection|Opening connection to database 'smartwms_db' on server 'tcp://localhost:5432'. 
2024-09-14 16:10:26.5771||DEBUG|Microsoft.EntityFrameworkCore.Database.Connection|Opened connection to database 'smartwms_db' on server 'tcp://localhost:5432'. 
2024-09-14 16:10:26.5771||DEBUG|Microsoft.EntityFrameworkCore.Database.Command|Creating DbCommand for 'ExecuteReader'. 
2024-09-14 16:10:26.5771||DEBUG|Microsoft.EntityFrameworkCore.Database.Command|Created DbCommand for 'ExecuteReader' (0ms). 
2024-09-14 16:10:26.5771||DEBUG|Microsoft.EntityFrameworkCore.Database.Command|Initialized DbCommand for 'ExecuteReader' (0ms). 
2024-09-14 16:10:26.5771||DEBUG|Microsoft.EntityFrameworkCore.Database.Command|Executing DbCommand [Parameters=[@__role_Id_0='?'], CommandType='Text', CommandTimeout='30']
SELECT a."ClaimType", a."ClaimValue"
FROM "AspNetRoleClaims" AS a
WHERE a."RoleId" = @__role_Id_0 
2024-09-14 16:10:26.5785||INFO|Microsoft.EntityFrameworkCore.Database.Command|Executed DbCommand (1ms) [Parameters=[@__role_Id_0='?'], CommandType='Text', CommandTimeout='30']
SELECT a."ClaimType", a."ClaimValue"
FROM "AspNetRoleClaims" AS a
WHERE a."RoleId" = @__role_Id_0 
2024-09-14 16:10:26.5785||DEBUG|Microsoft.EntityFrameworkCore.Database.Command|Closing data reader to 'smartwms_db' on server 'tcp://localhost:5432'. 
2024-09-14 16:10:26.5785||DEBUG|Microsoft.EntityFrameworkCore.Database.Command|A data reader for 'smartwms_db' on server 'tcp://localhost:5432' is being disposed after spending 0ms reading results. 
2024-09-14 16:10:26.5785||DEBUG|Microsoft.EntityFrameworkCore.Database.Connection|Closing connection to database 'smartwms_db' on server 'tcp://localhost:5432'. 
2024-09-14 16:10:26.5785||DEBUG|Microsoft.EntityFrameworkCore.Database.Connection|Closed connection to database 'smartwms_db' on server 'tcp://localhost:5432' (0ms). 
2024-09-14 16:10:26.5818||DEBUG|Microsoft.AspNetCore.Authentication.Cookies.CookieAuthenticationHandler|AuthenticationScheme: Identity.Application was successfully authenticated. 
2024-09-14 16:10:26.5829||DEBUG|Microsoft.Extensions.DependencyInjection.IdentityServiceCollectionExtensions+CompositeIdentityHandler|AuthenticationScheme: Identity.BearerAndApplication was successfully authenticated. 
2024-09-14 16:10:26.5851||INFO|Microsoft.AspNetCore.Routing.EndpointMiddleware|Executing endpoint 'HTTP: POST /login' 
2024-09-14 16:10:26.5957||DEBUG|Microsoft.AspNetCore.Server.Kestrel|Connection id "0HN6KORHF4BGA", Request id "0HN6KORHF4BGA:00000003": started reading request body. 
2024-09-14 16:10:26.5971||DEBUG|Microsoft.AspNetCore.Server.Kestrel|Connection id "0HN6KORHF4BGA", Request id "0HN6KORHF4BGA:00000003": done reading request body. 
2024-09-14 16:10:26.6218||DEBUG|Microsoft.EntityFrameworkCore.Query|Compiling query expression: 
'DbSet<User>()
    .FirstOrDefault(u => u.NormalizedUserName == __normalizedUserName_0)' 
2024-09-14 16:10:26.6238||DEBUG|Microsoft.EntityFrameworkCore.Query|Generated query execution expression: 
'queryContext => ShapedQueryCompilingExpressionVisitor.SingleOrDefaultAsync<User>(
    asyncEnumerable: new SingleQueryingEnumerable<User>(
        (RelationalQueryContext)queryContext, 
        RelationalCommandCache.QueryExpression(
            Projection Mapping:
                EmptyProjectionMember -> Dictionary<IProperty, int> { [Property: User.Id (string) Required PK AfterSave:Throw, 0], [Property: User.AccessFailedCount (int) Required, 1], [Property: User.ConcurrencyStamp (string) Concurrency, 2], [Property: User.Email (string) MaxLength(256), 3], [Property: User.EmailConfirmed (bool) Required, 4], [Property: User.LockoutEnabled (bool) Required, 5], [Property: User.LockoutEnd (DateTimeOffset?), 6], [Property: User.ManagerId (string) FK Index, 7], [Property: User.NormalizedEmail (string) Index MaxLength(256), 8], [Property: User.NormalizedUserName (string) Index MaxLength(256), 9], [Property: User.PasswordHash (string), 10], [Property: User.PhoneNumber (string), 11], [Property: User.PhoneNumberConfirmed (bool) Required, 12], [Property: User.SecurityStamp (string), 13], [Property: User.TwoFactorEnabled (bool) Required, 14], [Property: User.UserName (string) MaxLength(256), 15], [Property: User.WarehousesWarehouseId (int) Required FK Index, 16] }
            SELECT TOP(1) u.Id, u.AccessFailedCount, u.ConcurrencyStamp, u.Email, u.EmailConfirmed, u.LockoutEnabled, u.LockoutEnd, u.manager_id, u.NormalizedEmail, u.NormalizedUserName, u.PasswordHash, u.PhoneNumber, u.PhoneNumberConfirmed, u.SecurityStamp, u.TwoFactorEnabled, u.UserName, u.warehouses_warehouse_id
            FROM users AS u
            WHERE u.NormalizedUserName == @__normalizedUserName_0), 
        null, 
        Func<QueryContext, DbDataReader, ResultContext, SingleQueryResultCoordinator, User>, 
        SmartWMS.Entities.SmartwmsDbContext, 
        False, 
        False, 
        True
    ), 
    cancellationToken: queryContext.CancellationToken)' 
2024-09-14 16:10:26.6238||DEBUG|Microsoft.EntityFrameworkCore.Database.Connection|Opening connection to database 'smartwms_db' on server 'tcp://localhost:5432'. 
2024-09-14 16:10:26.6238||DEBUG|Microsoft.EntityFrameworkCore.Database.Connection|Opened connection to database 'smartwms_db' on server 'tcp://localhost:5432'. 
2024-09-14 16:10:26.6238||DEBUG|Microsoft.EntityFrameworkCore.Database.Command|Creating DbCommand for 'ExecuteReader'. 
2024-09-14 16:10:26.6238||DEBUG|Microsoft.EntityFrameworkCore.Database.Command|Created DbCommand for 'ExecuteReader' (0ms). 
2024-09-14 16:10:26.6238||DEBUG|Microsoft.EntityFrameworkCore.Database.Command|Initialized DbCommand for 'ExecuteReader' (0ms). 
2024-09-14 16:10:26.6238||DEBUG|Microsoft.EntityFrameworkCore.Database.Command|Executing DbCommand [Parameters=[@__normalizedUserName_0='?'], CommandType='Text', CommandTimeout='30']
SELECT u."Id", u."AccessFailedCount", u."ConcurrencyStamp", u."Email", u."EmailConfirmed", u."LockoutEnabled", u."LockoutEnd", u.manager_id, u."NormalizedEmail", u."NormalizedUserName", u."PasswordHash", u."PhoneNumber", u."PhoneNumberConfirmed", u."SecurityStamp", u."TwoFactorEnabled", u."UserName", u.warehouses_warehouse_id
FROM users AS u
WHERE u."NormalizedUserName" = @__normalizedUserName_0
LIMIT 1 
2024-09-14 16:10:26.6255||INFO|Microsoft.EntityFrameworkCore.Database.Command|Executed DbCommand (1ms) [Parameters=[@__normalizedUserName_0='?'], CommandType='Text', CommandTimeout='30']
SELECT u."Id", u."AccessFailedCount", u."ConcurrencyStamp", u."Email", u."EmailConfirmed", u."LockoutEnabled", u."LockoutEnd", u.manager_id, u."NormalizedEmail", u."NormalizedUserName", u."PasswordHash", u."PhoneNumber", u."PhoneNumberConfirmed", u."SecurityStamp", u."TwoFactorEnabled", u."UserName", u.warehouses_warehouse_id
FROM users AS u
WHERE u."NormalizedUserName" = @__normalizedUserName_0
LIMIT 1 
2024-09-14 16:10:26.6255||DEBUG|Microsoft.EntityFrameworkCore.Database.Command|Closing data reader to 'smartwms_db' on server 'tcp://localhost:5432'. 
2024-09-14 16:10:26.6255||DEBUG|Microsoft.EntityFrameworkCore.Database.Command|A data reader for 'smartwms_db' on server 'tcp://localhost:5432' is being disposed after spending 0ms reading results. 
2024-09-14 16:10:26.6255||DEBUG|Microsoft.EntityFrameworkCore.Database.Connection|Closing connection to database 'smartwms_db' on server 'tcp://localhost:5432'. 
2024-09-14 16:10:26.6255||DEBUG|Microsoft.EntityFrameworkCore.Database.Connection|Closed connection to database 'smartwms_db' on server 'tcp://localhost:5432' (0ms). 
2024-09-14 16:10:26.6818||DEBUG|Microsoft.EntityFrameworkCore.Database.Connection|Opening connection to database 'smartwms_db' on server 'tcp://localhost:5432'. 
2024-09-14 16:10:26.6818||DEBUG|Microsoft.EntityFrameworkCore.Database.Connection|Opened connection to database 'smartwms_db' on server 'tcp://localhost:5432'. 
2024-09-14 16:10:26.6818||DEBUG|Microsoft.EntityFrameworkCore.Database.Command|Creating DbCommand for 'ExecuteReader'. 
2024-09-14 16:10:26.6818||DEBUG|Microsoft.EntityFrameworkCore.Database.Command|Created DbCommand for 'ExecuteReader' (0ms). 
2024-09-14 16:10:26.6818||DEBUG|Microsoft.EntityFrameworkCore.Database.Command|Initialized DbCommand for 'ExecuteReader' (0ms). 
2024-09-14 16:10:26.6818||DEBUG|Microsoft.EntityFrameworkCore.Database.Command|Executing DbCommand [Parameters=[@__user_Id_0='?'], CommandType='Text', CommandTimeout='30']
SELECT a."Id", a."ClaimType", a."ClaimValue", a."UserId"
FROM "AspNetUserClaims" AS a
WHERE a."UserId" = @__user_Id_0 
2024-09-14 16:10:26.6831||INFO|Microsoft.EntityFrameworkCore.Database.Command|Executed DbCommand (1ms) [Parameters=[@__user_Id_0='?'], CommandType='Text', CommandTimeout='30']
SELECT a."Id", a."ClaimType", a."ClaimValue", a."UserId"
FROM "AspNetUserClaims" AS a
WHERE a."UserId" = @__user_Id_0 
2024-09-14 16:10:26.6831||DEBUG|Microsoft.EntityFrameworkCore.Database.Command|Closing data reader to 'smartwms_db' on server 'tcp://localhost:5432'. 
2024-09-14 16:10:26.6831||DEBUG|Microsoft.EntityFrameworkCore.Database.Command|A data reader for 'smartwms_db' on server 'tcp://localhost:5432' is being disposed after spending 0ms reading results. 
2024-09-14 16:10:26.6831||DEBUG|Microsoft.EntityFrameworkCore.Database.Connection|Closing connection to database 'smartwms_db' on server 'tcp://localhost:5432'. 
2024-09-14 16:10:26.6831||DEBUG|Microsoft.EntityFrameworkCore.Database.Connection|Closed connection to database 'smartwms_db' on server 'tcp://localhost:5432' (0ms). 
2024-09-14 16:10:26.6831||DEBUG|Microsoft.EntityFrameworkCore.Database.Connection|Opening connection to database 'smartwms_db' on server 'tcp://localhost:5432'. 
2024-09-14 16:10:26.6831||DEBUG|Microsoft.EntityFrameworkCore.Database.Connection|Opened connection to database 'smartwms_db' on server 'tcp://localhost:5432'. 
2024-09-14 16:10:26.6831||DEBUG|Microsoft.EntityFrameworkCore.Database.Command|Creating DbCommand for 'ExecuteReader'. 
2024-09-14 16:10:26.6838||DEBUG|Microsoft.EntityFrameworkCore.Database.Command|Created DbCommand for 'ExecuteReader' (0ms). 
2024-09-14 16:10:26.6838||DEBUG|Microsoft.EntityFrameworkCore.Database.Command|Initialized DbCommand for 'ExecuteReader' (0ms). 
2024-09-14 16:10:26.6838||DEBUG|Microsoft.EntityFrameworkCore.Database.Command|Executing DbCommand [Parameters=[@__userId_0='?'], CommandType='Text', CommandTimeout='30']
SELECT a0."Name"
FROM "AspNetUserRoles" AS a
INNER JOIN "AspNetRoles" AS a0 ON a."RoleId" = a0."Id"
WHERE a."UserId" = @__userId_0 
2024-09-14 16:10:26.6838||INFO|Microsoft.EntityFrameworkCore.Database.Command|Executed DbCommand (1ms) [Parameters=[@__userId_0='?'], CommandType='Text', CommandTimeout='30']
SELECT a0."Name"
FROM "AspNetUserRoles" AS a
INNER JOIN "AspNetRoles" AS a0 ON a."RoleId" = a0."Id"
WHERE a."UserId" = @__userId_0 
2024-09-14 16:10:26.6848||DEBUG|Microsoft.EntityFrameworkCore.Database.Command|Closing data reader to 'smartwms_db' on server 'tcp://localhost:5432'. 
2024-09-14 16:10:26.6848||DEBUG|Microsoft.EntityFrameworkCore.Database.Command|A data reader for 'smartwms_db' on server 'tcp://localhost:5432' is being disposed after spending 0ms reading results. 
2024-09-14 16:10:26.6848||DEBUG|Microsoft.EntityFrameworkCore.Database.Connection|Closing connection to database 'smartwms_db' on server 'tcp://localhost:5432'. 
2024-09-14 16:10:26.6848||DEBUG|Microsoft.EntityFrameworkCore.Database.Connection|Closed connection to database 'smartwms_db' on server 'tcp://localhost:5432' (0ms). 
2024-09-14 16:10:26.6848||DEBUG|Microsoft.EntityFrameworkCore.Database.Connection|Opening connection to database 'smartwms_db' on server 'tcp://localhost:5432'. 
2024-09-14 16:10:26.6848||DEBUG|Microsoft.EntityFrameworkCore.Database.Connection|Opened connection to database 'smartwms_db' on server 'tcp://localhost:5432'. 
2024-09-14 16:10:26.6848||DEBUG|Microsoft.EntityFrameworkCore.Database.Command|Creating DbCommand for 'ExecuteReader'. 
2024-09-14 16:10:26.6848||DEBUG|Microsoft.EntityFrameworkCore.Database.Command|Created DbCommand for 'ExecuteReader' (0ms). 
2024-09-14 16:10:26.6848||DEBUG|Microsoft.EntityFrameworkCore.Database.Command|Initialized DbCommand for 'ExecuteReader' (0ms). 
2024-09-14 16:10:26.6848||DEBUG|Microsoft.EntityFrameworkCore.Database.Command|Executing DbCommand [Parameters=[@__normalizedName_0='?'], CommandType='Text', CommandTimeout='30']
SELECT a."Id", a."ConcurrencyStamp", a."Name", a."NormalizedName"
FROM "AspNetRoles" AS a
WHERE a."NormalizedName" = @__normalizedName_0
LIMIT 1 
2024-09-14 16:10:26.6858||INFO|Microsoft.EntityFrameworkCore.Database.Command|Executed DbCommand (1ms) [Parameters=[@__normalizedName_0='?'], CommandType='Text', CommandTimeout='30']
SELECT a."Id", a."ConcurrencyStamp", a."Name", a."NormalizedName"
FROM "AspNetRoles" AS a
WHERE a."NormalizedName" = @__normalizedName_0
LIMIT 1 
2024-09-14 16:10:26.6858||DEBUG|Microsoft.EntityFrameworkCore.Database.Command|Closing data reader to 'smartwms_db' on server 'tcp://localhost:5432'. 
2024-09-14 16:10:26.6858||DEBUG|Microsoft.EntityFrameworkCore.Database.Command|A data reader for 'smartwms_db' on server 'tcp://localhost:5432' is being disposed after spending 0ms reading results. 
2024-09-14 16:10:26.6858||DEBUG|Microsoft.EntityFrameworkCore.Database.Connection|Closing connection to database 'smartwms_db' on server 'tcp://localhost:5432'. 
2024-09-14 16:10:26.6858||DEBUG|Microsoft.EntityFrameworkCore.Database.Connection|Closed connection to database 'smartwms_db' on server 'tcp://localhost:5432' (0ms). 
2024-09-14 16:10:26.6858||DEBUG|Microsoft.EntityFrameworkCore.Database.Connection|Opening connection to database 'smartwms_db' on server 'tcp://localhost:5432'. 
2024-09-14 16:10:26.6858||DEBUG|Microsoft.EntityFrameworkCore.Database.Connection|Opened connection to database 'smartwms_db' on server 'tcp://localhost:5432'. 
2024-09-14 16:10:26.6858||DEBUG|Microsoft.EntityFrameworkCore.Database.Command|Creating DbCommand for 'ExecuteReader'. 
2024-09-14 16:10:26.6858||DEBUG|Microsoft.EntityFrameworkCore.Database.Command|Created DbCommand for 'ExecuteReader' (0ms). 
2024-09-14 16:10:26.6858||DEBUG|Microsoft.EntityFrameworkCore.Database.Command|Initialized DbCommand for 'ExecuteReader' (0ms). 
2024-09-14 16:10:26.6858||DEBUG|Microsoft.EntityFrameworkCore.Database.Command|Executing DbCommand [Parameters=[@__role_Id_0='?'], CommandType='Text', CommandTimeout='30']
SELECT a."ClaimType", a."ClaimValue"
FROM "AspNetRoleClaims" AS a
WHERE a."RoleId" = @__role_Id_0 
2024-09-14 16:10:26.6869||INFO|Microsoft.EntityFrameworkCore.Database.Command|Executed DbCommand (1ms) [Parameters=[@__role_Id_0='?'], CommandType='Text', CommandTimeout='30']
SELECT a."ClaimType", a."ClaimValue"
FROM "AspNetRoleClaims" AS a
WHERE a."RoleId" = @__role_Id_0 
2024-09-14 16:10:26.6869||DEBUG|Microsoft.EntityFrameworkCore.Database.Command|Closing data reader to 'smartwms_db' on server 'tcp://localhost:5432'. 
2024-09-14 16:10:26.6869||DEBUG|Microsoft.EntityFrameworkCore.Database.Command|A data reader for 'smartwms_db' on server 'tcp://localhost:5432' is being disposed after spending 0ms reading results. 
2024-09-14 16:10:26.6869||DEBUG|Microsoft.EntityFrameworkCore.Database.Connection|Closing connection to database 'smartwms_db' on server 'tcp://localhost:5432'. 
2024-09-14 16:10:26.6869||DEBUG|Microsoft.EntityFrameworkCore.Database.Connection|Closed connection to database 'smartwms_db' on server 'tcp://localhost:5432' (0ms). 
2024-09-14 16:10:26.6946||TRACE|Microsoft.AspNetCore.DataProtection.KeyManagement.KeyRingBasedDataProtector|Performing protect operation to key {0ffb32d9-8013-4a53-b6ea-d73a13adc424} with purposes ('/Users/kamilsadowski/RiderProjects/SmartWMS/', 'Microsoft.AspNetCore.Authentication.Cookies.CookieAuthenticationMiddleware', 'Identity.Application', 'v2'). 
2024-09-14 16:10:26.7029||INFO|Microsoft.AspNetCore.Authentication.Cookies.CookieAuthenticationHandler|AuthenticationScheme: Identity.Application signed in. 
2024-09-14 16:10:26.7062||INFO|Microsoft.AspNetCore.Routing.EndpointMiddleware|Executed endpoint 'HTTP: POST /login' 
2024-09-14 16:10:26.7090||DEBUG|Microsoft.AspNetCore.Server.Kestrel.Connections|Connection id "0HN6KORHF4BGA" completed keep alive response. 
2024-09-14 16:10:26.7090||DEBUG|Microsoft.EntityFrameworkCore.Infrastructure|'SmartwmsDbContext' disposed. 
2024-09-14 16:10:26.7115||DEBUG|Microsoft.EntityFrameworkCore.Database.Connection|Disposing connection to database 'smartwms_db' on server 'tcp://localhost:5432'. 
2024-09-14 16:10:26.7123||DEBUG|Microsoft.EntityFrameworkCore.Database.Connection|Disposed connection to database 'smartwms_db' on server 'tcp://localhost:5432' (0ms). 
2024-09-14 16:10:26.7123||INFO|Microsoft.AspNetCore.Hosting.Diagnostics|Request finished HTTP/1.1 POST http://localhost:5236/login?useCookies=true - 200 0 - 268.4857ms 
2024-09-14 16:10:36.1431||INFO|Microsoft.AspNetCore.Hosting.Diagnostics|Request starting HTTP/1.1 GET http://localhost:5236/api/User/getAuthorizedUser - - - 
2024-09-14 16:10:36.1431||TRACE|Microsoft.AspNetCore.HostFiltering.HostFilteringMiddleware|All hosts are allowed. 
2024-09-14 16:10:36.1444||DEBUG|Microsoft.AspNetCore.Routing.Matching.DfaMatcher|1 candidate(s) found for the request path '/api/User/getAuthorizedUser' 
2024-09-14 16:10:36.1461||DEBUG|Microsoft.AspNetCore.Routing.Matching.DfaMatcher|Endpoint 'SmartWMS.Controllers.UserController.GetUser (SmartWMS)' with route pattern 'api/User/getAuthorizedUser' is valid for the request path '/api/User/getAuthorizedUser' 
2024-09-14 16:10:36.1479||DEBUG|Microsoft.AspNetCore.Routing.EndpointRoutingMiddleware|Request matched endpoint 'SmartWMS.Controllers.UserController.GetUser (SmartWMS)' 
2024-09-14 16:10:36.1479||TRACE|Microsoft.AspNetCore.Routing.EndpointRoutingMiddleware|The endpoint does not specify the IRequestSizeLimitMetadata. 
2024-09-14 16:10:36.1479||DEBUG|Microsoft.AspNetCore.StaticFiles.StaticFileMiddleware|Static files was skipped as the request already matched an endpoint. 
2024-09-14 16:10:36.1479||DEBUG|Microsoft.AspNetCore.Authentication.BearerToken.BearerTokenHandler|AuthenticationScheme: Identity.Bearer was not authenticated. 
2024-09-14 16:10:36.1479||TRACE|Microsoft.AspNetCore.DataProtection.KeyManagement.KeyRingBasedDataProtector|Performing unprotect operation to key {0ffb32d9-8013-4a53-b6ea-d73a13adc424} with purposes ('/Users/kamilsadowski/RiderProjects/SmartWMS/', 'Microsoft.AspNetCore.Authentication.Cookies.CookieAuthenticationMiddleware', 'Identity.Application', 'v2'). 
2024-09-14 16:10:36.1512||DEBUG|Microsoft.AspNetCore.Authentication.Cookies.CookieAuthenticationHandler|AuthenticationScheme: Identity.Application was successfully authenticated. 
2024-09-14 16:10:36.1512||DEBUG|Microsoft.Extensions.DependencyInjection.IdentityServiceCollectionExtensions+CompositeIdentityHandler|AuthenticationScheme: Identity.BearerAndApplication was successfully authenticated. 
2024-09-14 16:10:36.1683||DEBUG|Microsoft.AspNetCore.Authorization.DefaultAuthorizationService|Authorization was successful. 
2024-09-14 16:10:36.1698||INFO|Microsoft.AspNetCore.Routing.EndpointMiddleware|Executing endpoint 'SmartWMS.Controllers.UserController.GetUser (SmartWMS)' 
2024-09-14 16:10:36.2023||INFO|Microsoft.AspNetCore.Mvc.Infrastructure.ControllerActionInvoker|Route matched with {action = "GetUser", controller = "User"}. Executing controller action with signature System.Threading.Tasks.Task`1[Microsoft.AspNetCore.Mvc.IActionResult] GetUser() on controller SmartWMS.Controllers.UserController (SmartWMS). 
2024-09-14 16:10:36.2038||DEBUG|Microsoft.AspNetCore.Mvc.Infrastructure.ControllerActionInvoker|Execution plan of authorization filters (in the following order): None 
2024-09-14 16:10:36.2040||DEBUG|Microsoft.AspNetCore.Mvc.Infrastructure.ControllerActionInvoker|Execution plan of resource filters (in the following order): None 
2024-09-14 16:10:36.2040||DEBUG|Microsoft.AspNetCore.Mvc.Infrastructure.ControllerActionInvoker|Execution plan of action filters (in the following order): Microsoft.AspNetCore.Mvc.ModelBinding.UnsupportedContentTypeFilter (Order: -3000), Microsoft.AspNetCore.Mvc.Infrastructure.ModelStateInvalidFilter (Order: -2000) 
2024-09-14 16:10:36.2040||DEBUG|Microsoft.AspNetCore.Mvc.Infrastructure.ControllerActionInvoker|Execution plan of exception filters (in the following order): None 
2024-09-14 16:10:36.2049||DEBUG|Microsoft.AspNetCore.Mvc.Infrastructure.ControllerActionInvoker|Execution plan of result filters (in the following order): Microsoft.AspNetCore.Mvc.Infrastructure.ClientErrorResultFilter (Order: -2000) 
2024-09-14 16:10:36.2088||DEBUG|Microsoft.AspNetCore.Mvc.Infrastructure.ControllerActionInvoker|Executing controller factory for controller SmartWMS.Controllers.UserController (SmartWMS) 
2024-09-14 16:10:36.2105||DEBUG|Microsoft.AspNetCore.Mvc.Infrastructure.ControllerActionInvoker|Executed controller factory for controller SmartWMS.Controllers.UserController (SmartWMS) 
2024-09-14 16:10:36.2112||TRACE|Microsoft.AspNetCore.Mvc.Infrastructure.ControllerActionInvoker|Action Filter: Before executing OnActionExecuting on filter Microsoft.AspNetCore.Mvc.ModelBinding.UnsupportedContentTypeFilter. 
2024-09-14 16:10:36.2124||TRACE|Microsoft.AspNetCore.Mvc.Infrastructure.ControllerActionInvoker|Action Filter: After executing OnActionExecuting on filter Microsoft.AspNetCore.Mvc.ModelBinding.UnsupportedContentTypeFilter. 
2024-09-14 16:10:36.2124||TRACE|Microsoft.AspNetCore.Mvc.Infrastructure.ControllerActionInvoker|Action Filter: Before executing OnActionExecuting on filter Microsoft.AspNetCore.Mvc.Infrastructure.ModelStateInvalidFilter. 
2024-09-14 16:10:36.2124||TRACE|Microsoft.AspNetCore.Mvc.Infrastructure.ControllerActionInvoker|Action Filter: After executing OnActionExecuting on filter Microsoft.AspNetCore.Mvc.Infrastructure.ModelStateInvalidFilter. 
2024-09-14 16:10:36.2179||INFO|Microsoft.AspNetCore.Mvc.Infrastructure.ControllerActionInvoker|Executing action method SmartWMS.Controllers.UserController.GetUser (SmartWMS) - Validation state: Valid 
2024-09-14 16:10:36.2201||DEBUG|Microsoft.EntityFrameworkCore.Infrastructure|Entity Framework Core 8.0.8 initialized 'SmartwmsDbContext' using provider 'Npgsql.EntityFrameworkCore.PostgreSQL:8.0.4+51faf6e9c9c7ef99c3e98d98a96adb8fa8ae4553' with options: None 
2024-09-14 16:10:36.2201||DEBUG|Microsoft.EntityFrameworkCore.Query|Compiling query expression: 
'DbSet<User>()
    .FirstOrDefault(x => x.Id == __userId_0)' 
2024-09-14 16:10:36.2231||DEBUG|Microsoft.EntityFrameworkCore.Query|Generated query execution expression: 
'queryContext => ShapedQueryCompilingExpressionVisitor.SingleOrDefaultAsync<User>(
    asyncEnumerable: new SingleQueryingEnumerable<User>(
        (RelationalQueryContext)queryContext, 
        RelationalCommandCache.QueryExpression(
            Projection Mapping:
                EmptyProjectionMember -> Dictionary<IProperty, int> { [Property: User.Id (string) Required PK AfterSave:Throw, 0], [Property: User.AccessFailedCount (int) Required, 1], [Property: User.ConcurrencyStamp (string) Concurrency, 2], [Property: User.Email (string) MaxLength(256), 3], [Property: User.EmailConfirmed (bool) Required, 4], [Property: User.LockoutEnabled (bool) Required, 5], [Property: User.LockoutEnd (DateTimeOffset?), 6], [Property: User.ManagerId (string) FK Index, 7], [Property: User.NormalizedEmail (string) Index MaxLength(256), 8], [Property: User.NormalizedUserName (string) Index MaxLength(256), 9], [Property: User.PasswordHash (string), 10], [Property: User.PhoneNumber (string), 11], [Property: User.PhoneNumberConfirmed (bool) Required, 12], [Property: User.SecurityStamp (string), 13], [Property: User.TwoFactorEnabled (bool) Required, 14], [Property: User.UserName (string) MaxLength(256), 15], [Property: User.WarehousesWarehouseId (int) Required FK Index, 16] }
            SELECT TOP(1) u.Id, u.AccessFailedCount, u.ConcurrencyStamp, u.Email, u.EmailConfirmed, u.LockoutEnabled, u.LockoutEnd, u.manager_id, u.NormalizedEmail, u.NormalizedUserName, u.PasswordHash, u.PhoneNumber, u.PhoneNumberConfirmed, u.SecurityStamp, u.TwoFactorEnabled, u.UserName, u.warehouses_warehouse_id
            FROM users AS u
            WHERE u.Id == @__userId_0), 
        null, 
        Func<QueryContext, DbDataReader, ResultContext, SingleQueryResultCoordinator, User>, 
        SmartWMS.Entities.SmartwmsDbContext, 
        False, 
        False, 
        True
    ), 
    cancellationToken: queryContext.CancellationToken)' 
2024-09-14 16:10:36.2231||DEBUG|Microsoft.EntityFrameworkCore.Database.Connection|Creating DbConnection. 
2024-09-14 16:10:36.2231||DEBUG|Microsoft.EntityFrameworkCore.Database.Connection|Created DbConnection. (0ms). 
2024-09-14 16:10:36.2231||DEBUG|Microsoft.EntityFrameworkCore.Database.Connection|Opening connection to database 'smartwms_db' on server 'tcp://localhost:5432'. 
2024-09-14 16:10:36.2231||DEBUG|Microsoft.EntityFrameworkCore.Database.Connection|Opened connection to database 'smartwms_db' on server 'tcp://localhost:5432'. 
2024-09-14 16:10:36.2231||DEBUG|Microsoft.EntityFrameworkCore.Database.Command|Creating DbCommand for 'ExecuteReader'. 
2024-09-14 16:10:36.2231||DEBUG|Microsoft.EntityFrameworkCore.Database.Command|Created DbCommand for 'ExecuteReader' (0ms). 
2024-09-14 16:10:36.2231||DEBUG|Microsoft.EntityFrameworkCore.Database.Command|Initialized DbCommand for 'ExecuteReader' (0ms). 
2024-09-14 16:10:36.2231||DEBUG|Microsoft.EntityFrameworkCore.Database.Command|Executing DbCommand [Parameters=[@__userId_0='?'], CommandType='Text', CommandTimeout='30']
SELECT u."Id", u."AccessFailedCount", u."ConcurrencyStamp", u."Email", u."EmailConfirmed", u."LockoutEnabled", u."LockoutEnd", u.manager_id, u."NormalizedEmail", u."NormalizedUserName", u."PasswordHash", u."PhoneNumber", u."PhoneNumberConfirmed", u."SecurityStamp", u."TwoFactorEnabled", u."UserName", u.warehouses_warehouse_id
FROM users AS u
WHERE u."Id" = @__userId_0
LIMIT 1 
2024-09-14 16:10:36.2253||INFO|Microsoft.EntityFrameworkCore.Database.Command|Executed DbCommand (2ms) [Parameters=[@__userId_0='?'], CommandType='Text', CommandTimeout='30']
SELECT u."Id", u."AccessFailedCount", u."ConcurrencyStamp", u."Email", u."EmailConfirmed", u."LockoutEnabled", u."LockoutEnd", u.manager_id, u."NormalizedEmail", u."NormalizedUserName", u."PasswordHash", u."PhoneNumber", u."PhoneNumberConfirmed", u."SecurityStamp", u."TwoFactorEnabled", u."UserName", u.warehouses_warehouse_id
FROM users AS u
WHERE u."Id" = @__userId_0
LIMIT 1 
2024-09-14 16:10:36.2253||DEBUG|Microsoft.EntityFrameworkCore.ChangeTracking|Context 'SmartwmsDbContext' started tracking 'User' entity. Consider using 'DbContextOptionsBuilder.EnableSensitiveDataLogging' to see key values. 
2024-09-14 16:10:36.2253||DEBUG|Microsoft.EntityFrameworkCore.Database.Command|Closing data reader to 'smartwms_db' on server 'tcp://localhost:5432'. 
2024-09-14 16:10:36.2253||DEBUG|Microsoft.EntityFrameworkCore.Database.Command|A data reader for 'smartwms_db' on server 'tcp://localhost:5432' is being disposed after spending 0ms reading results. 
2024-09-14 16:10:36.2253||DEBUG|Microsoft.EntityFrameworkCore.Database.Connection|Closing connection to database 'smartwms_db' on server 'tcp://localhost:5432'. 
2024-09-14 16:10:36.2253||DEBUG|Microsoft.EntityFrameworkCore.Database.Connection|Closed connection to database 'smartwms_db' on server 'tcp://localhost:5432' (0ms). 
2024-09-14 16:10:36.2262||INFO|SmartWMS.Controllers.UserController|Fetching authorized user 
2024-09-14 16:10:36.2310||INFO|Microsoft.AspNetCore.Mvc.Infrastructure.ControllerActionInvoker|Executed action method SmartWMS.Controllers.UserController.GetUser (SmartWMS), returned result Microsoft.AspNetCore.Mvc.OkObjectResult in 9.7801ms. 
2024-09-14 16:10:36.2328||TRACE|Microsoft.AspNetCore.Mvc.Infrastructure.ControllerActionInvoker|Action Filter: Before executing OnActionExecuted on filter Microsoft.AspNetCore.Mvc.Infrastructure.ModelStateInvalidFilter. 
2024-09-14 16:10:36.2330||TRACE|Microsoft.AspNetCore.Mvc.Infrastructure.ControllerActionInvoker|Action Filter: After executing OnActionExecuted on filter Microsoft.AspNetCore.Mvc.Infrastructure.ModelStateInvalidFilter. 
2024-09-14 16:10:36.2330||TRACE|Microsoft.AspNetCore.Mvc.Infrastructure.ControllerActionInvoker|Action Filter: Before executing OnActionExecuted on filter Microsoft.AspNetCore.Mvc.ModelBinding.UnsupportedContentTypeFilter. 
2024-09-14 16:10:36.2330||TRACE|Microsoft.AspNetCore.Mvc.Infrastructure.ControllerActionInvoker|Action Filter: After executing OnActionExecuted on filter Microsoft.AspNetCore.Mvc.ModelBinding.UnsupportedContentTypeFilter. 
2024-09-14 16:10:36.2353||TRACE|Microsoft.AspNetCore.Mvc.Infrastructure.ControllerActionInvoker|Result Filter: Before executing OnResultExecuting on filter Microsoft.AspNetCore.Mvc.Infrastructure.ClientErrorResultFilter. 
2024-09-14 16:10:36.2353||TRACE|Microsoft.AspNetCore.Mvc.Infrastructure.ControllerActionInvoker|Result Filter: After executing OnResultExecuting on filter Microsoft.AspNetCore.Mvc.Infrastructure.ClientErrorResultFilter. 
2024-09-14 16:10:36.2372||TRACE|Microsoft.AspNetCore.Mvc.Infrastructure.ControllerActionInvoker|Before executing action result Microsoft.AspNetCore.Mvc.OkObjectResult. 
2024-09-14 16:10:36.2412||DEBUG|Microsoft.AspNetCore.Mvc.Infrastructure.DefaultOutputFormatterSelector|List of registered output formatters, in the following order: Microsoft.AspNetCore.Mvc.Formatters.HttpNoContentOutputFormatter, Microsoft.AspNetCore.Mvc.Formatters.StringOutputFormatter, Microsoft.AspNetCore.Mvc.Formatters.StreamOutputFormatter, Microsoft.AspNetCore.Mvc.Formatters.SystemTextJsonOutputFormatter 
2024-09-14 16:10:36.2443||DEBUG|Microsoft.AspNetCore.Mvc.Infrastructure.DefaultOutputFormatterSelector|No information found on request to perform content negotiation. 
2024-09-14 16:10:36.2443||DEBUG|Microsoft.AspNetCore.Mvc.Infrastructure.DefaultOutputFormatterSelector|Attempting to select an output formatter without using a content type as no explicit content types were specified for the response. 
2024-09-14 16:10:36.2443||DEBUG|Microsoft.AspNetCore.Mvc.Infrastructure.DefaultOutputFormatterSelector|Attempting to select the first formatter in the output formatters list which can write the result. 
2024-09-14 16:10:36.2459||DEBUG|Microsoft.AspNetCore.Mvc.Infrastructure.DefaultOutputFormatterSelector|Selected output formatter 'Microsoft.AspNetCore.Mvc.Formatters.SystemTextJsonOutputFormatter' and content type 'application/json' to write the response. 
2024-09-14 16:10:36.2459||INFO|Microsoft.AspNetCore.Mvc.Infrastructure.ObjectResultExecutor|Executing OkObjectResult, writing value of type 'SmartWMS.Models.DTOs.UserDto'. 
2024-09-14 16:10:36.2573||TRACE|Microsoft.AspNetCore.Mvc.Infrastructure.ControllerActionInvoker|After executing action result Microsoft.AspNetCore.Mvc.OkObjectResult. 
2024-09-14 16:10:36.2573||TRACE|Microsoft.AspNetCore.Mvc.Infrastructure.ControllerActionInvoker|Result Filter: Before executing OnResultExecuted on filter Microsoft.AspNetCore.Mvc.Infrastructure.ClientErrorResultFilter. 
2024-09-14 16:10:36.2580||TRACE|Microsoft.AspNetCore.Mvc.Infrastructure.ControllerActionInvoker|Result Filter: After executing OnResultExecuted on filter Microsoft.AspNetCore.Mvc.Infrastructure.ClientErrorResultFilter. 
2024-09-14 16:10:36.2620||INFO|Microsoft.AspNetCore.Mvc.Infrastructure.ControllerActionInvoker|Executed action SmartWMS.Controllers.UserController.GetUser (SmartWMS) in 54.2384ms 
2024-09-14 16:10:36.2620||INFO|Microsoft.AspNetCore.Routing.EndpointMiddleware|Executed endpoint 'SmartWMS.Controllers.UserController.GetUser (SmartWMS)' 
2024-09-14 16:10:36.2620||DEBUG|Microsoft.AspNetCore.Server.Kestrel.Connections|Connection id "0HN6KORHF4BGA" completed keep alive response. 
2024-09-14 16:10:36.2620||DEBUG|Microsoft.EntityFrameworkCore.Infrastructure|'SmartwmsDbContext' disposed. 
2024-09-14 16:10:36.2620||DEBUG|Microsoft.EntityFrameworkCore.Database.Connection|Disposing connection to database 'smartwms_db' on server 'tcp://localhost:5432'. 
2024-09-14 16:10:36.2620||DEBUG|Microsoft.EntityFrameworkCore.Database.Connection|Disposed connection to database 'smartwms_db' on server 'tcp://localhost:5432' (0ms). 
2024-09-14 16:10:36.2620||INFO|Microsoft.AspNetCore.Hosting.Diagnostics|Request finished HTTP/1.1 GET http://localhost:5236/api/User/getAuthorizedUser - 200 - application/json;+charset=utf-8 119.4947ms 
2024-09-14 16:11:00.5025||INFO|Microsoft.AspNetCore.Hosting.Diagnostics|Request starting HTTP/1.1 GET http://localhost:5236/api/User/getUsersByRole?roleName=Manager - - - 
2024-09-14 16:11:00.5025||TRACE|Microsoft.AspNetCore.HostFiltering.HostFilteringMiddleware|All hosts are allowed. 
2024-09-14 16:11:00.5051||DEBUG|Microsoft.AspNetCore.Routing.Matching.DfaMatcher|1 candidate(s) found for the request path '/api/User/getUsersByRole' 
2024-09-14 16:11:00.5051||DEBUG|Microsoft.AspNetCore.Routing.Matching.DfaMatcher|Endpoint 'SmartWMS.Controllers.UserController.GetUsersByRole (SmartWMS)' with route pattern 'api/User/getUsersByRole' is valid for the request path '/api/User/getUsersByRole' 
2024-09-14 16:11:00.5051||DEBUG|Microsoft.AspNetCore.Routing.EndpointRoutingMiddleware|Request matched endpoint 'SmartWMS.Controllers.UserController.GetUsersByRole (SmartWMS)' 
2024-09-14 16:11:00.5051||TRACE|Microsoft.AspNetCore.Routing.EndpointRoutingMiddleware|The endpoint does not specify the IRequestSizeLimitMetadata. 
2024-09-14 16:11:00.5051||DEBUG|Microsoft.AspNetCore.StaticFiles.StaticFileMiddleware|Static files was skipped as the request already matched an endpoint. 
2024-09-14 16:11:00.5051||DEBUG|Microsoft.AspNetCore.Authentication.BearerToken.BearerTokenHandler|AuthenticationScheme: Identity.Bearer was not authenticated. 
2024-09-14 16:11:00.5051||TRACE|Microsoft.AspNetCore.DataProtection.KeyManagement.KeyRingBasedDataProtector|Performing unprotect operation to key {0ffb32d9-8013-4a53-b6ea-d73a13adc424} with purposes ('/Users/kamilsadowski/RiderProjects/SmartWMS/', 'Microsoft.AspNetCore.Authentication.Cookies.CookieAuthenticationMiddleware', 'Identity.Application', 'v2'). 
2024-09-14 16:11:00.5133||DEBUG|Microsoft.AspNetCore.Authentication.Cookies.CookieAuthenticationHandler|AuthenticationScheme: Identity.Application was successfully authenticated. 
2024-09-14 16:11:00.5133||DEBUG|Microsoft.Extensions.DependencyInjection.IdentityServiceCollectionExtensions+CompositeIdentityHandler|AuthenticationScheme: Identity.BearerAndApplication was successfully authenticated. 
2024-09-14 16:11:00.5149||DEBUG|Microsoft.AspNetCore.Authorization.DefaultAuthorizationService|Authorization was successful. 
2024-09-14 16:11:00.5149||INFO|Microsoft.AspNetCore.Routing.EndpointMiddleware|Executing endpoint 'SmartWMS.Controllers.UserController.GetUsersByRole (SmartWMS)' 
2024-09-14 16:11:00.5236||INFO|Microsoft.AspNetCore.Mvc.Infrastructure.ControllerActionInvoker|Route matched with {action = "GetUsersByRole", controller = "User"}. Executing controller action with signature System.Threading.Tasks.Task`1[Microsoft.AspNetCore.Mvc.IActionResult] GetUsersByRole(System.String) on controller SmartWMS.Controllers.UserController (SmartWMS). 
2024-09-14 16:11:00.5236||DEBUG|Microsoft.AspNetCore.Mvc.Infrastructure.ControllerActionInvoker|Execution plan of authorization filters (in the following order): None 
2024-09-14 16:11:00.5236||DEBUG|Microsoft.AspNetCore.Mvc.Infrastructure.ControllerActionInvoker|Execution plan of resource filters (in the following order): None 
2024-09-14 16:11:00.5236||DEBUG|Microsoft.AspNetCore.Mvc.Infrastructure.ControllerActionInvoker|Execution plan of action filters (in the following order): Microsoft.AspNetCore.Mvc.ModelBinding.UnsupportedContentTypeFilter (Order: -3000), Microsoft.AspNetCore.Mvc.Infrastructure.ModelStateInvalidFilter (Order: -2000) 
2024-09-14 16:11:00.5236||DEBUG|Microsoft.AspNetCore.Mvc.Infrastructure.ControllerActionInvoker|Execution plan of exception filters (in the following order): None 
2024-09-14 16:11:00.5236||DEBUG|Microsoft.AspNetCore.Mvc.Infrastructure.ControllerActionInvoker|Execution plan of result filters (in the following order): Microsoft.AspNetCore.Mvc.Infrastructure.ClientErrorResultFilter (Order: -2000) 
2024-09-14 16:11:00.5236||DEBUG|Microsoft.AspNetCore.Mvc.Infrastructure.ControllerActionInvoker|Executing controller factory for controller SmartWMS.Controllers.UserController (SmartWMS) 
2024-09-14 16:11:00.5238||DEBUG|Microsoft.AspNetCore.Mvc.Infrastructure.ControllerActionInvoker|Executed controller factory for controller SmartWMS.Controllers.UserController (SmartWMS) 
2024-09-14 16:11:00.5286||DEBUG|Microsoft.AspNetCore.Mvc.ModelBinding.ParameterBinder|Attempting to bind parameter 'roleName' of type 'System.String' ... 
2024-09-14 16:11:00.5314||DEBUG|Microsoft.AspNetCore.Mvc.ModelBinding.Binders.SimpleTypeModelBinder|Attempting to bind parameter 'roleName' of type 'System.String' using the name 'roleName' in request data ... 
2024-09-14 16:11:00.5335||DEBUG|Microsoft.AspNetCore.Mvc.ModelBinding.Binders.SimpleTypeModelBinder|Done attempting to bind parameter 'roleName' of type 'System.String'. 
2024-09-14 16:11:00.5335||DEBUG|Microsoft.AspNetCore.Mvc.ModelBinding.ParameterBinder|Done attempting to bind parameter 'roleName' of type 'System.String'. 
2024-09-14 16:11:00.5339||DEBUG|Microsoft.AspNetCore.Mvc.ModelBinding.ParameterBinder|Attempting to validate the bound parameter 'roleName' of type 'System.String' ... 
2024-09-14 16:11:00.5432||DEBUG|Microsoft.AspNetCore.Mvc.ModelBinding.ParameterBinder|Done attempting to validate the bound parameter 'roleName' of type 'System.String'. 
2024-09-14 16:11:00.5438||TRACE|Microsoft.AspNetCore.Mvc.Infrastructure.ControllerActionInvoker|Action Filter: Before executing OnActionExecuting on filter Microsoft.AspNetCore.Mvc.ModelBinding.UnsupportedContentTypeFilter. 
2024-09-14 16:11:00.5438||TRACE|Microsoft.AspNetCore.Mvc.Infrastructure.ControllerActionInvoker|Action Filter: After executing OnActionExecuting on filter Microsoft.AspNetCore.Mvc.ModelBinding.UnsupportedContentTypeFilter. 
2024-09-14 16:11:00.5438||TRACE|Microsoft.AspNetCore.Mvc.Infrastructure.ControllerActionInvoker|Action Filter: Before executing OnActionExecuting on filter Microsoft.AspNetCore.Mvc.Infrastructure.ModelStateInvalidFilter. 
2024-09-14 16:11:00.5438||TRACE|Microsoft.AspNetCore.Mvc.Infrastructure.ControllerActionInvoker|Action Filter: After executing OnActionExecuting on filter Microsoft.AspNetCore.Mvc.Infrastructure.ModelStateInvalidFilter. 
2024-09-14 16:11:00.5438||INFO|Microsoft.AspNetCore.Mvc.Infrastructure.ControllerActionInvoker|Executing action method SmartWMS.Controllers.UserController.GetUsersByRole (SmartWMS) - Validation state: Valid 
2024-09-14 16:11:00.5438||TRACE|Microsoft.AspNetCore.Mvc.Infrastructure.ControllerActionInvoker|Executing action method SmartWMS.Controllers.UserController.GetUsersByRole (SmartWMS) with arguments (Manager) 
2024-09-14 16:11:00.5456||DEBUG|Microsoft.EntityFrameworkCore.Infrastructure|Entity Framework Core 8.0.8 initialized 'SmartwmsDbContext' using provider 'Npgsql.EntityFrameworkCore.PostgreSQL:8.0.4+51faf6e9c9c7ef99c3e98d98a96adb8fa8ae4553' with options: None 
2024-09-14 16:11:00.5456||DEBUG|Microsoft.EntityFrameworkCore.Database.Connection|Creating DbConnection. 
2024-09-14 16:11:00.5456||DEBUG|Microsoft.EntityFrameworkCore.Database.Connection|Created DbConnection. (0ms). 
2024-09-14 16:11:00.5458||DEBUG|Microsoft.EntityFrameworkCore.Database.Connection|Opening connection to database 'smartwms_db' on server 'tcp://localhost:5432'. 
2024-09-14 16:11:00.5458||DEBUG|Microsoft.EntityFrameworkCore.Database.Connection|Opened connection to database 'smartwms_db' on server 'tcp://localhost:5432'. 
2024-09-14 16:11:00.5458||DEBUG|Microsoft.EntityFrameworkCore.Database.Command|Creating DbCommand for 'ExecuteReader'. 
2024-09-14 16:11:00.5458||DEBUG|Microsoft.EntityFrameworkCore.Database.Command|Created DbCommand for 'ExecuteReader' (0ms). 
2024-09-14 16:11:00.5458||DEBUG|Microsoft.EntityFrameworkCore.Database.Command|Initialized DbCommand for 'ExecuteReader' (0ms). 
2024-09-14 16:11:00.5458||DEBUG|Microsoft.EntityFrameworkCore.Database.Command|Executing DbCommand [Parameters=[@__normalizedName_0='?'], CommandType='Text', CommandTimeout='30']
SELECT a."Id", a."ConcurrencyStamp", a."Name", a."NormalizedName"
FROM "AspNetRoles" AS a
WHERE a."NormalizedName" = @__normalizedName_0
LIMIT 1 
2024-09-14 16:11:00.5471||INFO|Microsoft.EntityFrameworkCore.Database.Command|Executed DbCommand (1ms) [Parameters=[@__normalizedName_0='?'], CommandType='Text', CommandTimeout='30']
SELECT a."Id", a."ConcurrencyStamp", a."Name", a."NormalizedName"
FROM "AspNetRoles" AS a
WHERE a."NormalizedName" = @__normalizedName_0
LIMIT 1 
2024-09-14 16:11:00.5471||DEBUG|Microsoft.EntityFrameworkCore.ChangeTracking|Context 'SmartwmsDbContext' started tracking 'IdentityRole' entity. Consider using 'DbContextOptionsBuilder.EnableSensitiveDataLogging' to see key values. 
2024-09-14 16:11:00.5471||DEBUG|Microsoft.EntityFrameworkCore.Database.Command|Closing data reader to 'smartwms_db' on server 'tcp://localhost:5432'. 
2024-09-14 16:11:00.5471||DEBUG|Microsoft.EntityFrameworkCore.Database.Command|A data reader for 'smartwms_db' on server 'tcp://localhost:5432' is being disposed after spending 0ms reading results. 
2024-09-14 16:11:00.5471||DEBUG|Microsoft.EntityFrameworkCore.Database.Connection|Closing connection to database 'smartwms_db' on server 'tcp://localhost:5432'. 
2024-09-14 16:11:00.5471||DEBUG|Microsoft.EntityFrameworkCore.Database.Connection|Closed connection to database 'smartwms_db' on server 'tcp://localhost:5432' (0ms). 
2024-09-14 16:11:00.5480||DEBUG|Microsoft.EntityFrameworkCore.Query|Compiling query expression: 
'DbSet<User>()
    .Where(user => DbSet<IdentityUserRole<string>>()
        .Any(ur => ur.UserId == user.Id && ur.RoleId == __managerRole_Id_0))' 
2024-09-14 16:11:00.5618||DEBUG|Microsoft.EntityFrameworkCore.Query|Generated query execution expression: 
'queryContext => new SingleQueryingEnumerable<User>(
    (RelationalQueryContext)queryContext, 
    RelationalCommandCache.QueryExpression(
        Projection Mapping:
            EmptyProjectionMember -> Dictionary<IProperty, int> { [Property: User.Id (string) Required PK AfterSave:Throw, 0], [Property: User.AccessFailedCount (int) Required, 1], [Property: User.ConcurrencyStamp (string) Concurrency, 2], [Property: User.Email (string) MaxLength(256), 3], [Property: User.EmailConfirmed (bool) Required, 4], [Property: User.LockoutEnabled (bool) Required, 5], [Property: User.LockoutEnd (DateTimeOffset?), 6], [Property: User.ManagerId (string) FK Index, 7], [Property: User.NormalizedEmail (string) Index MaxLength(256), 8], [Property: User.NormalizedUserName (string) Index MaxLength(256), 9], [Property: User.PasswordHash (string), 10], [Property: User.PhoneNumber (string), 11], [Property: User.PhoneNumberConfirmed (bool) Required, 12], [Property: User.SecurityStamp (string), 13], [Property: User.TwoFactorEnabled (bool) Required, 14], [Property: User.UserName (string) MaxLength(256), 15], [Property: User.WarehousesWarehouseId (int) Required FK Index, 16] }
        SELECT u.Id, u.AccessFailedCount, u.ConcurrencyStamp, u.Email, u.EmailConfirmed, u.LockoutEnabled, u.LockoutEnd, u.manager_id, u.NormalizedEmail, u.NormalizedUserName, u.PasswordHash, u.PhoneNumber, u.PhoneNumberConfirmed, u.SecurityStamp, u.TwoFactorEnabled, u.UserName, u.warehouses_warehouse_id
        FROM users AS u
        WHERE EXISTS (
            SELECT 1
            FROM AspNetUserRoles AS a
            WHERE (a.UserId == u.Id) && (a.RoleId == @__managerRole_Id_0))), 
    null, 
    Func<QueryContext, DbDataReader, ResultContext, SingleQueryResultCoordinator, User>, 
    SmartWMS.Entities.SmartwmsDbContext, 
    False, 
    False, 
    True
)' 
2024-09-14 16:11:00.5634||DEBUG|Microsoft.EntityFrameworkCore.Database.Connection|Opening connection to database 'smartwms_db' on server 'tcp://localhost:5432'. 
2024-09-14 16:11:00.5634||DEBUG|Microsoft.EntityFrameworkCore.Database.Connection|Opened connection to database 'smartwms_db' on server 'tcp://localhost:5432'. 
2024-09-14 16:11:00.5634||DEBUG|Microsoft.EntityFrameworkCore.Database.Command|Creating DbCommand for 'ExecuteReader'. 
2024-09-14 16:11:00.5634||DEBUG|Microsoft.EntityFrameworkCore.Database.Command|Created DbCommand for 'ExecuteReader' (0ms). 
2024-09-14 16:11:00.5634||DEBUG|Microsoft.EntityFrameworkCore.Database.Command|Initialized DbCommand for 'ExecuteReader' (0ms). 
2024-09-14 16:11:00.5634||DEBUG|Microsoft.EntityFrameworkCore.Database.Command|Executing DbCommand [Parameters=[@__managerRole_Id_0='?'], CommandType='Text', CommandTimeout='30']
SELECT u."Id", u."AccessFailedCount", u."ConcurrencyStamp", u."Email", u."EmailConfirmed", u."LockoutEnabled", u."LockoutEnd", u.manager_id, u."NormalizedEmail", u."NormalizedUserName", u."PasswordHash", u."PhoneNumber", u."PhoneNumberConfirmed", u."SecurityStamp", u."TwoFactorEnabled", u."UserName", u.warehouses_warehouse_id
FROM users AS u
WHERE EXISTS (
    SELECT 1
    FROM "AspNetUserRoles" AS a
    WHERE a."UserId" = u."Id" AND a."RoleId" = @__managerRole_Id_0) 
2024-09-14 16:11:00.5654||INFO|Microsoft.EntityFrameworkCore.Database.Command|Executed DbCommand (2ms) [Parameters=[@__managerRole_Id_0='?'], CommandType='Text', CommandTimeout='30']
SELECT u."Id", u."AccessFailedCount", u."ConcurrencyStamp", u."Email", u."EmailConfirmed", u."LockoutEnabled", u."LockoutEnd", u.manager_id, u."NormalizedEmail", u."NormalizedUserName", u."PasswordHash", u."PhoneNumber", u."PhoneNumberConfirmed", u."SecurityStamp", u."TwoFactorEnabled", u."UserName", u.warehouses_warehouse_id
FROM users AS u
WHERE EXISTS (
    SELECT 1
    FROM "AspNetUserRoles" AS a
    WHERE a."UserId" = u."Id" AND a."RoleId" = @__managerRole_Id_0) 
2024-09-14 16:11:00.5654||DEBUG|Microsoft.EntityFrameworkCore.ChangeTracking|Context 'SmartwmsDbContext' started tracking 'User' entity. Consider using 'DbContextOptionsBuilder.EnableSensitiveDataLogging' to see key values. 
2024-09-14 16:11:00.5654||DEBUG|Microsoft.EntityFrameworkCore.Database.Command|Closing data reader to 'smartwms_db' on server 'tcp://localhost:5432'. 
2024-09-14 16:11:00.5654||DEBUG|Microsoft.EntityFrameworkCore.Database.Command|A data reader for 'smartwms_db' on server 'tcp://localhost:5432' is being disposed after spending 0ms reading results. 
2024-09-14 16:11:00.5654||DEBUG|Microsoft.EntityFrameworkCore.Database.Connection|Closing connection to database 'smartwms_db' on server 'tcp://localhost:5432'. 
2024-09-14 16:11:00.5654||DEBUG|Microsoft.EntityFrameworkCore.Database.Connection|Closed connection to database 'smartwms_db' on server 'tcp://localhost:5432' (0ms). 
2024-09-14 16:11:00.5654||INFO|SmartWMS.Controllers.UserController|Fetching users with specified role 
2024-09-14 16:11:00.5654||INFO|Microsoft.AspNetCore.Mvc.Infrastructure.ControllerActionInvoker|Executed action method SmartWMS.Controllers.UserController.GetUsersByRole (SmartWMS), returned result Microsoft.AspNetCore.Mvc.OkObjectResult in 21.7052ms. 
2024-09-14 16:11:00.5654||TRACE|Microsoft.AspNetCore.Mvc.Infrastructure.ControllerActionInvoker|Action Filter: Before executing OnActionExecuted on filter Microsoft.AspNetCore.Mvc.Infrastructure.ModelStateInvalidFilter. 
2024-09-14 16:11:00.5654||TRACE|Microsoft.AspNetCore.Mvc.Infrastructure.ControllerActionInvoker|Action Filter: After executing OnActionExecuted on filter Microsoft.AspNetCore.Mvc.Infrastructure.ModelStateInvalidFilter. 
2024-09-14 16:11:00.5654||TRACE|Microsoft.AspNetCore.Mvc.Infrastructure.ControllerActionInvoker|Action Filter: Before executing OnActionExecuted on filter Microsoft.AspNetCore.Mvc.ModelBinding.UnsupportedContentTypeFilter. 
2024-09-14 16:11:00.5654||TRACE|Microsoft.AspNetCore.Mvc.Infrastructure.ControllerActionInvoker|Action Filter: After executing OnActionExecuted on filter Microsoft.AspNetCore.Mvc.ModelBinding.UnsupportedContentTypeFilter. 
2024-09-14 16:11:00.5654||TRACE|Microsoft.AspNetCore.Mvc.Infrastructure.ControllerActionInvoker|Result Filter: Before executing OnResultExecuting on filter Microsoft.AspNetCore.Mvc.Infrastructure.ClientErrorResultFilter. 
2024-09-14 16:11:00.5654||TRACE|Microsoft.AspNetCore.Mvc.Infrastructure.ControllerActionInvoker|Result Filter: After executing OnResultExecuting on filter Microsoft.AspNetCore.Mvc.Infrastructure.ClientErrorResultFilter. 
2024-09-14 16:11:00.5654||TRACE|Microsoft.AspNetCore.Mvc.Infrastructure.ControllerActionInvoker|Before executing action result Microsoft.AspNetCore.Mvc.OkObjectResult. 
2024-09-14 16:11:00.5658||DEBUG|Microsoft.AspNetCore.Mvc.Infrastructure.DefaultOutputFormatterSelector|List of registered output formatters, in the following order: Microsoft.AspNetCore.Mvc.Formatters.HttpNoContentOutputFormatter, Microsoft.AspNetCore.Mvc.Formatters.StringOutputFormatter, Microsoft.AspNetCore.Mvc.Formatters.StreamOutputFormatter, Microsoft.AspNetCore.Mvc.Formatters.SystemTextJsonOutputFormatter 
2024-09-14 16:11:00.5658||DEBUG|Microsoft.AspNetCore.Mvc.Infrastructure.DefaultOutputFormatterSelector|No information found on request to perform content negotiation. 
2024-09-14 16:11:00.5658||DEBUG|Microsoft.AspNetCore.Mvc.Infrastructure.DefaultOutputFormatterSelector|Attempting to select an output formatter without using a content type as no explicit content types were specified for the response. 
2024-09-14 16:11:00.5658||DEBUG|Microsoft.AspNetCore.Mvc.Infrastructure.DefaultOutputFormatterSelector|Attempting to select the first formatter in the output formatters list which can write the result. 
2024-09-14 16:11:00.5658||DEBUG|Microsoft.AspNetCore.Mvc.Infrastructure.DefaultOutputFormatterSelector|Selected output formatter 'Microsoft.AspNetCore.Mvc.Formatters.SystemTextJsonOutputFormatter' and content type 'application/json' to write the response. 
2024-09-14 16:11:00.5658||INFO|Microsoft.AspNetCore.Mvc.Infrastructure.ObjectResultExecutor|Executing OkObjectResult, writing value of type 'System.Collections.Generic.List`1[[SmartWMS.Models.DTOs.UserDto, SmartWMS, Version=1.0.0.0, Culture=neutral, PublicKeyToken=null]]'. 
2024-09-14 16:11:00.5658||TRACE|Microsoft.AspNetCore.Mvc.Infrastructure.ControllerActionInvoker|After executing action result Microsoft.AspNetCore.Mvc.OkObjectResult. 
2024-09-14 16:11:00.5658||TRACE|Microsoft.AspNetCore.Mvc.Infrastructure.ControllerActionInvoker|Result Filter: Before executing OnResultExecuted on filter Microsoft.AspNetCore.Mvc.Infrastructure.ClientErrorResultFilter. 
2024-09-14 16:11:00.5658||TRACE|Microsoft.AspNetCore.Mvc.Infrastructure.ControllerActionInvoker|Result Filter: After executing OnResultExecuted on filter Microsoft.AspNetCore.Mvc.Infrastructure.ClientErrorResultFilter. 
2024-09-14 16:11:00.5658||INFO|Microsoft.AspNetCore.Mvc.Infrastructure.ControllerActionInvoker|Executed action SmartWMS.Controllers.UserController.GetUsersByRole (SmartWMS) in 43.0938ms 
2024-09-14 16:11:00.5658||INFO|Microsoft.AspNetCore.Routing.EndpointMiddleware|Executed endpoint 'SmartWMS.Controllers.UserController.GetUsersByRole (SmartWMS)' 
2024-09-14 16:11:00.5669||DEBUG|Microsoft.AspNetCore.Server.Kestrel.Connections|Connection id "0HN6KORHF4BGA" completed keep alive response. 
2024-09-14 16:11:00.5669||DEBUG|Microsoft.EntityFrameworkCore.Infrastructure|'SmartwmsDbContext' disposed. 
2024-09-14 16:11:00.5669||DEBUG|Microsoft.EntityFrameworkCore.Database.Connection|Disposing connection to database 'smartwms_db' on server 'tcp://localhost:5432'. 
2024-09-14 16:11:00.5669||DEBUG|Microsoft.EntityFrameworkCore.Database.Connection|Disposed connection to database 'smartwms_db' on server 'tcp://localhost:5432' (0ms). 
2024-09-14 16:11:00.5669||INFO|Microsoft.AspNetCore.Hosting.Diagnostics|Request finished HTTP/1.1 GET http://localhost:5236/api/User/getUsersByRole?roleName=Manager - 200 - application/json;+charset=utf-8 64.5508ms 
2024-09-14 16:11:17.2098||INFO|Microsoft.Hosting.Lifetime|Application is shutting down... 
2024-09-14 16:11:17.2127||DEBUG|Microsoft.Extensions.Hosting.Internal.Host|Hosting stopping 
2024-09-14 16:11:17.2219||DEBUG|Microsoft.AspNetCore.Server.Kestrel.Connections|Connection id "0HN6KORHF4BGA" disconnecting. 
2024-09-14 16:11:17.2219||DEBUG|Microsoft.AspNetCore.Server.Kestrel.Connections|Connection id "0HN6KORHF4BGA" stopped. 
2024-09-14 16:11:17.2219||DEBUG|Microsoft.AspNetCore.Server.Kestrel.Transport.Sockets|Connection id "0HN6KORHF4BGA" sending FIN because: "The Socket transport's send loop completed gracefully." 
2024-09-14 16:11:17.2280||DEBUG|Microsoft.Extensions.Hosting.Internal.Host|Hosting stopped 
