2024-10-07 18:17:08.0374||DEBUG|SmartWMS.Program|init main 
2024-10-07 18:17:08.5753||DEBUG|Microsoft.EntityFrameworkCore.Infrastructure|An 'IServiceProvider' was created for internal use by Entity Framework. 
2024-10-07 18:17:08.8809||DEBUG|Microsoft.EntityFrameworkCore.Model|The index {'UserId'} was not created on entity type 'IdentityUserRole<string>' as the properties are already covered by the index {'UserId', 'RoleId'}. 
2024-10-07 18:17:08.8821||DEBUG|Microsoft.EntityFrameworkCore.Model|The index {'UserId'} was not created on entity type 'IdentityUserToken<string>' as the properties are already covered by the index {'UserId', 'LoginProvider', 'Name'}. 
2024-10-07 18:17:08.8821||DEBUG|Microsoft.EntityFrameworkCore.Model|The index {'UsersUserId'} was not created on entity type 'UsersHasTask' as the properties are already covered by the index {'UsersUserId', 'TasksTaskId'}. 
2024-10-07 18:17:09.0639||DEBUG|Microsoft.EntityFrameworkCore.Infrastructure|Entity Framework Core 8.0.8 initialized 'SmartwmsDbContext' using provider 'Npgsql.EntityFrameworkCore.PostgreSQL:8.0.4+51faf6e9c9c7ef99c3e98d98a96adb8fa8ae4553' with options: None 
2024-10-07 18:17:09.0872||DEBUG|Microsoft.EntityFrameworkCore.Query|Compiling query expression: 
'DbSet<IdentityRole>()
    .FirstOrDefault(r => r.NormalizedName == __normalizedName_0)' 
2024-10-07 18:17:09.1727||DEBUG|Microsoft.EntityFrameworkCore.Query|Generated query execution expression: 
'queryContext => ShapedQueryCompilingExpressionVisitor.SingleOrDefaultAsync<IdentityRole>(
    asyncEnumerable: new SingleQueryingEnumerable<IdentityRole>(
        (RelationalQueryContext)queryContext, 
        RelationalCommandCache.QueryExpression(
            Projection Mapping:
                EmptyProjectionMember -> Dictionary<IProperty, int> { [Property: IdentityRole.Id (string) Required PK AfterSave:Throw, 0], [Property: IdentityRole.ConcurrencyStamp (string) Concurrency, 1], [Property: IdentityRole.Name (string) MaxLength(256), 2], [Property: IdentityRole.NormalizedName (string) Index MaxLength(256), 3] }
            SELECT TOP(1) a.Id, a.ConcurrencyStamp, a.Name, a.NormalizedName
            FROM AspNetRoles AS a
            WHERE a.NormalizedName == @__normalizedName_0), 
        null, 
        Func<QueryContext, DbDataReader, ResultContext, SingleQueryResultCoordinator, IdentityRole>, 
        SmartWMS.Entities.SmartwmsDbContext, 
        False, 
        False, 
        True
    ), 
    cancellationToken: queryContext.CancellationToken)' 
2024-10-07 18:17:09.1941||DEBUG|Microsoft.EntityFrameworkCore.Database.Connection|Creating DbConnection. 
2024-10-07 18:17:09.1971||DEBUG|Microsoft.EntityFrameworkCore.Database.Connection|Created DbConnection. (1ms). 
2024-10-07 18:17:09.1987||DEBUG|Microsoft.EntityFrameworkCore.Database.Connection|Opening connection to database 'smartwms_db' on server 'tcp://localhost:5432'. 
2024-10-07 18:17:09.2242||ERROR|Microsoft.EntityFrameworkCore.Database.Connection|An error occurred using the connection to database 'smartwms_db' on server 'tcp://localhost:5432'. 
2024-10-07 18:17:09.2360||ERROR|Microsoft.EntityFrameworkCore.Query|An exception occurred while iterating over the results of a query for context type 'SmartWMS.Entities.SmartwmsDbContext'.
System.InvalidOperationException: An exception has been raised that is likely due to a transient failure.
 ---> Npgsql.NpgsqlException (0x80004005): Failed to connect to 127.0.0.1:5432
 ---> System.Net.Sockets.SocketException (61): Connection refused
   at System.Net.Sockets.Socket.AwaitableSocketAsyncEventArgs.ThrowException(SocketError error, CancellationToken cancellationToken)
   at System.Net.Sockets.Socket.AwaitableSocketAsyncEventArgs.System.Threading.Tasks.Sources.IValueTaskSource.GetResult(Int16 token)
   at System.Net.Sockets.Socket.<ConnectAsync>g__WaitForConnectWithCancellation|285_0(AwaitableSocketAsyncEventArgs saea, ValueTask connectTask, CancellationToken cancellationToken)
   at Npgsql.TaskTimeoutAndCancellation.ExecuteAsync(Func`2 getTaskFunc, NpgsqlTimeout timeout, CancellationToken cancellationToken)
   at Npgsql.Internal.NpgsqlConnector.ConnectAsync(NpgsqlTimeout timeout, CancellationToken cancellationToken)
   at Npgsql.Internal.NpgsqlConnector.ConnectAsync(NpgsqlTimeout timeout, CancellationToken cancellationToken)
   at Npgsql.Internal.NpgsqlConnector.RawOpen(SslMode sslMode, NpgsqlTimeout timeout, Boolean async, CancellationToken cancellationToken, Boolean isFirstAttempt)
   at Npgsql.Internal.NpgsqlConnector.<Open>g__OpenCore|213_1(NpgsqlConnector conn, SslMode sslMode, NpgsqlTimeout timeout, Boolean async, CancellationToken cancellationToken, Boolean isFirstAttempt)
   at Npgsql.Internal.NpgsqlConnector.Open(NpgsqlTimeout timeout, Boolean async, CancellationToken cancellationToken)
   at Npgsql.PoolingDataSource.OpenNewConnector(NpgsqlConnection conn, NpgsqlTimeout timeout, Boolean async, CancellationToken cancellationToken)
   at Npgsql.PoolingDataSource.<Get>g__RentAsync|34_0(NpgsqlConnection conn, NpgsqlTimeout timeout, Boolean async, CancellationToken cancellationToken)
   at Npgsql.NpgsqlConnection.<Open>g__OpenAsync|42_0(Boolean async, CancellationToken cancellationToken)
   at Microsoft.EntityFrameworkCore.Storage.RelationalConnection.OpenInternalAsync(Boolean errorsExpected, CancellationToken cancellationToken)
   at Microsoft.EntityFrameworkCore.Storage.RelationalConnection.OpenInternalAsync(Boolean errorsExpected, CancellationToken cancellationToken)
   at Microsoft.EntityFrameworkCore.Storage.RelationalConnection.OpenAsync(CancellationToken cancellationToken, Boolean errorsExpected)
   at Microsoft.EntityFrameworkCore.Storage.RelationalCommand.ExecuteReaderAsync(RelationalCommandParameterObject parameterObject, CancellationToken cancellationToken)
   at Microsoft.EntityFrameworkCore.Query.Internal.SingleQueryingEnumerable`1.AsyncEnumerator.InitializeReaderAsync(AsyncEnumerator enumerator, CancellationToken cancellationToken)
   at Npgsql.EntityFrameworkCore.PostgreSQL.Storage.Internal.NpgsqlExecutionStrategy.ExecuteAsync[TState,TResult](TState state, Func`4 operation, Func`4 verifySucceeded, CancellationToken cancellationToken)
   --- End of inner exception stack trace ---
   at Npgsql.EntityFrameworkCore.PostgreSQL.Storage.Internal.NpgsqlExecutionStrategy.ExecuteAsync[TState,TResult](TState state, Func`4 operation, Func`4 verifySucceeded, CancellationToken cancellationToken)
   at Microsoft.EntityFrameworkCore.Query.Internal.SingleQueryingEnumerable`1.AsyncEnumerator.MoveNextAsync() System.InvalidOperationException: An exception has been raised that is likely due to a transient failure.
 ---> Npgsql.NpgsqlException (0x80004005): Failed to connect to 127.0.0.1:5432
 ---> System.Net.Sockets.SocketException (61): Connection refused
   at System.Net.Sockets.Socket.AwaitableSocketAsyncEventArgs.ThrowException(SocketError error, CancellationToken cancellationToken)
   at System.Net.Sockets.Socket.AwaitableSocketAsyncEventArgs.System.Threading.Tasks.Sources.IValueTaskSource.GetResult(Int16 token)
   at System.Net.Sockets.Socket.<ConnectAsync>g__WaitForConnectWithCancellation|285_0(AwaitableSocketAsyncEventArgs saea, ValueTask connectTask, CancellationToken cancellationToken)
   at Npgsql.TaskTimeoutAndCancellation.ExecuteAsync(Func`2 getTaskFunc, NpgsqlTimeout timeout, CancellationToken cancellationToken)
   at Npgsql.Internal.NpgsqlConnector.ConnectAsync(NpgsqlTimeout timeout, CancellationToken cancellationToken)
   at Npgsql.Internal.NpgsqlConnector.ConnectAsync(NpgsqlTimeout timeout, CancellationToken cancellationToken)
   at Npgsql.Internal.NpgsqlConnector.RawOpen(SslMode sslMode, NpgsqlTimeout timeout, Boolean async, CancellationToken cancellationToken, Boolean isFirstAttempt)
   at Npgsql.Internal.NpgsqlConnector.<Open>g__OpenCore|213_1(NpgsqlConnector conn, SslMode sslMode, NpgsqlTimeout timeout, Boolean async, CancellationToken cancellationToken, Boolean isFirstAttempt)
   at Npgsql.Internal.NpgsqlConnector.Open(NpgsqlTimeout timeout, Boolean async, CancellationToken cancellationToken)
   at Npgsql.PoolingDataSource.OpenNewConnector(NpgsqlConnection conn, NpgsqlTimeout timeout, Boolean async, CancellationToken cancellationToken)
   at Npgsql.PoolingDataSource.<Get>g__RentAsync|34_0(NpgsqlConnection conn, NpgsqlTimeout timeout, Boolean async, CancellationToken cancellationToken)
   at Npgsql.NpgsqlConnection.<Open>g__OpenAsync|42_0(Boolean async, CancellationToken cancellationToken)
   at Microsoft.EntityFrameworkCore.Storage.RelationalConnection.OpenInternalAsync(Boolean errorsExpected, CancellationToken cancellationToken)
   at Microsoft.EntityFrameworkCore.Storage.RelationalConnection.OpenInternalAsync(Boolean errorsExpected, CancellationToken cancellationToken)
   at Microsoft.EntityFrameworkCore.Storage.RelationalConnection.OpenAsync(CancellationToken cancellationToken, Boolean errorsExpected)
   at Microsoft.EntityFrameworkCore.Storage.RelationalCommand.ExecuteReaderAsync(RelationalCommandParameterObject parameterObject, CancellationToken cancellationToken)
   at Microsoft.EntityFrameworkCore.Query.Internal.SingleQueryingEnumerable`1.AsyncEnumerator.InitializeReaderAsync(AsyncEnumerator enumerator, CancellationToken cancellationToken)
   at Npgsql.EntityFrameworkCore.PostgreSQL.Storage.Internal.NpgsqlExecutionStrategy.ExecuteAsync[TState,TResult](TState state, Func`4 operation, Func`4 verifySucceeded, CancellationToken cancellationToken)
   --- End of inner exception stack trace ---
   at Npgsql.EntityFrameworkCore.PostgreSQL.Storage.Internal.NpgsqlExecutionStrategy.ExecuteAsync[TState,TResult](TState state, Func`4 operation, Func`4 verifySucceeded, CancellationToken cancellationToken)
   at Microsoft.EntityFrameworkCore.Query.Internal.SingleQueryingEnumerable`1.AsyncEnumerator.MoveNextAsync()
2024-10-07 18:17:09.2484||DEBUG|Microsoft.EntityFrameworkCore.Infrastructure|'SmartwmsDbContext' disposed. 
2024-10-07 18:17:09.2505||DEBUG|Microsoft.EntityFrameworkCore.Database.Connection|Disposing connection to database 'smartwms_db' on server 'tcp://localhost:5432'. 
2024-10-07 18:17:09.2551||DEBUG|Microsoft.EntityFrameworkCore.Database.Connection|Disposed connection to database 'smartwms_db' on server 'tcp://localhost:5432' (0ms). 
2024-10-07 18:17:09.2560||ERROR|SmartWMS.Program|Stopped program because of exception System.InvalidOperationException: An exception has been raised that is likely due to a transient failure.
 ---> Npgsql.NpgsqlException (0x80004005): Failed to connect to 127.0.0.1:5432
 ---> System.Net.Sockets.SocketException (61): Connection refused
   at System.Net.Sockets.Socket.AwaitableSocketAsyncEventArgs.ThrowException(SocketError error, CancellationToken cancellationToken)
   at System.Net.Sockets.Socket.AwaitableSocketAsyncEventArgs.System.Threading.Tasks.Sources.IValueTaskSource.GetResult(Int16 token)
   at System.Net.Sockets.Socket.<ConnectAsync>g__WaitForConnectWithCancellation|285_0(AwaitableSocketAsyncEventArgs saea, ValueTask connectTask, CancellationToken cancellationToken)
   at Npgsql.TaskTimeoutAndCancellation.ExecuteAsync(Func`2 getTaskFunc, NpgsqlTimeout timeout, CancellationToken cancellationToken)
   at Npgsql.Internal.NpgsqlConnector.ConnectAsync(NpgsqlTimeout timeout, CancellationToken cancellationToken)
   at Npgsql.Internal.NpgsqlConnector.ConnectAsync(NpgsqlTimeout timeout, CancellationToken cancellationToken)
   at Npgsql.Internal.NpgsqlConnector.RawOpen(SslMode sslMode, NpgsqlTimeout timeout, Boolean async, CancellationToken cancellationToken, Boolean isFirstAttempt)
   at Npgsql.Internal.NpgsqlConnector.<Open>g__OpenCore|213_1(NpgsqlConnector conn, SslMode sslMode, NpgsqlTimeout timeout, Boolean async, CancellationToken cancellationToken, Boolean isFirstAttempt)
   at Npgsql.Internal.NpgsqlConnector.Open(NpgsqlTimeout timeout, Boolean async, CancellationToken cancellationToken)
   at Npgsql.PoolingDataSource.OpenNewConnector(NpgsqlConnection conn, NpgsqlTimeout timeout, Boolean async, CancellationToken cancellationToken)
   at Npgsql.PoolingDataSource.<Get>g__RentAsync|34_0(NpgsqlConnection conn, NpgsqlTimeout timeout, Boolean async, CancellationToken cancellationToken)
   at Npgsql.NpgsqlConnection.<Open>g__OpenAsync|42_0(Boolean async, CancellationToken cancellationToken)
   at Microsoft.EntityFrameworkCore.Storage.RelationalConnection.OpenInternalAsync(Boolean errorsExpected, CancellationToken cancellationToken)
   at Microsoft.EntityFrameworkCore.Storage.RelationalConnection.OpenInternalAsync(Boolean errorsExpected, CancellationToken cancellationToken)
   at Microsoft.EntityFrameworkCore.Storage.RelationalConnection.OpenAsync(CancellationToken cancellationToken, Boolean errorsExpected)
   at Microsoft.EntityFrameworkCore.Storage.RelationalCommand.ExecuteReaderAsync(RelationalCommandParameterObject parameterObject, CancellationToken cancellationToken)
   at Microsoft.EntityFrameworkCore.Query.Internal.SingleQueryingEnumerable`1.AsyncEnumerator.InitializeReaderAsync(AsyncEnumerator enumerator, CancellationToken cancellationToken)
   at Npgsql.EntityFrameworkCore.PostgreSQL.Storage.Internal.NpgsqlExecutionStrategy.ExecuteAsync[TState,TResult](TState state, Func`4 operation, Func`4 verifySucceeded, CancellationToken cancellationToken)
   --- End of inner exception stack trace ---
   at Npgsql.EntityFrameworkCore.PostgreSQL.Storage.Internal.NpgsqlExecutionStrategy.ExecuteAsync[TState,TResult](TState state, Func`4 operation, Func`4 verifySucceeded, CancellationToken cancellationToken)
   at Microsoft.EntityFrameworkCore.Query.Internal.SingleQueryingEnumerable`1.AsyncEnumerator.MoveNextAsync()
   at Microsoft.EntityFrameworkCore.Query.ShapedQueryCompilingExpressionVisitor.SingleOrDefaultAsync[TSource](IAsyncEnumerable`1 asyncEnumerable, CancellationToken cancellationToken)
   at Microsoft.EntityFrameworkCore.Query.ShapedQueryCompilingExpressionVisitor.SingleOrDefaultAsync[TSource](IAsyncEnumerable`1 asyncEnumerable, CancellationToken cancellationToken)
   at Microsoft.AspNetCore.Identity.RoleManager`1.RoleExistsAsync(String roleName)
   at Program.<Main>$(String[] args) in /Users/kamilsadowski/RiderProjects/SmartWMS/Program.cs:line 150
2024-10-07 18:17:20.6951||DEBUG|SmartWMS.Program|init main 
2024-10-07 18:17:21.1480||DEBUG|Microsoft.EntityFrameworkCore.Infrastructure|An 'IServiceProvider' was created for internal use by Entity Framework. 
2024-10-07 18:17:21.4500||DEBUG|Microsoft.EntityFrameworkCore.Model|The index {'UserId'} was not created on entity type 'IdentityUserRole<string>' as the properties are already covered by the index {'UserId', 'RoleId'}. 
2024-10-07 18:17:21.4512||DEBUG|Microsoft.EntityFrameworkCore.Model|The index {'UserId'} was not created on entity type 'IdentityUserToken<string>' as the properties are already covered by the index {'UserId', 'LoginProvider', 'Name'}. 
2024-10-07 18:17:21.4512||DEBUG|Microsoft.EntityFrameworkCore.Model|The index {'UsersUserId'} was not created on entity type 'UsersHasTask' as the properties are already covered by the index {'UsersUserId', 'TasksTaskId'}. 
2024-10-07 18:17:21.6182||DEBUG|Microsoft.EntityFrameworkCore.Infrastructure|Entity Framework Core 8.0.8 initialized 'SmartwmsDbContext' using provider 'Npgsql.EntityFrameworkCore.PostgreSQL:8.0.4+51faf6e9c9c7ef99c3e98d98a96adb8fa8ae4553' with options: None 
2024-10-07 18:17:21.6419||DEBUG|Microsoft.EntityFrameworkCore.Query|Compiling query expression: 
'DbSet<IdentityRole>()
    .FirstOrDefault(r => r.NormalizedName == __normalizedName_0)' 
2024-10-07 18:17:21.7291||DEBUG|Microsoft.EntityFrameworkCore.Query|Generated query execution expression: 
'queryContext => ShapedQueryCompilingExpressionVisitor.SingleOrDefaultAsync<IdentityRole>(
    asyncEnumerable: new SingleQueryingEnumerable<IdentityRole>(
        (RelationalQueryContext)queryContext, 
        RelationalCommandCache.QueryExpression(
            Projection Mapping:
                EmptyProjectionMember -> Dictionary<IProperty, int> { [Property: IdentityRole.Id (string) Required PK AfterSave:Throw, 0], [Property: IdentityRole.ConcurrencyStamp (string) Concurrency, 1], [Property: IdentityRole.Name (string) MaxLength(256), 2], [Property: IdentityRole.NormalizedName (string) Index MaxLength(256), 3] }
            SELECT TOP(1) a.Id, a.ConcurrencyStamp, a.Name, a.NormalizedName
            FROM AspNetRoles AS a
            WHERE a.NormalizedName == @__normalizedName_0), 
        null, 
        Func<QueryContext, DbDataReader, ResultContext, SingleQueryResultCoordinator, IdentityRole>, 
        SmartWMS.Entities.SmartwmsDbContext, 
        False, 
        False, 
        True
    ), 
    cancellationToken: queryContext.CancellationToken)' 
2024-10-07 18:17:21.7495||DEBUG|Microsoft.EntityFrameworkCore.Database.Connection|Creating DbConnection. 
2024-10-07 18:17:21.7524||DEBUG|Microsoft.EntityFrameworkCore.Database.Connection|Created DbConnection. (2ms). 
2024-10-07 18:17:21.7539||DEBUG|Microsoft.EntityFrameworkCore.Database.Connection|Opening connection to database 'smartwms_db' on server 'tcp://localhost:5432'. 
2024-10-07 18:17:21.8541||DEBUG|Microsoft.EntityFrameworkCore.Database.Connection|Opened connection to database 'smartwms_db' on server 'tcp://localhost:5432'. 
2024-10-07 18:17:21.8613||DEBUG|Microsoft.EntityFrameworkCore.Database.Command|Creating DbCommand for 'ExecuteReader'. 
2024-10-07 18:17:21.8653||DEBUG|Microsoft.EntityFrameworkCore.Database.Command|Created DbCommand for 'ExecuteReader' (4ms). 
2024-10-07 18:17:21.8706||DEBUG|Microsoft.EntityFrameworkCore.Database.Command|Initialized DbCommand for 'ExecuteReader' (11ms). 
2024-10-07 18:17:21.8764||DEBUG|Microsoft.EntityFrameworkCore.Database.Command|Executing DbCommand [Parameters=[@__normalizedName_0='?'], CommandType='Text', CommandTimeout='30']
SELECT a."Id", a."ConcurrencyStamp", a."Name", a."NormalizedName"
FROM "AspNetRoles" AS a
WHERE a."NormalizedName" = @__normalizedName_0
LIMIT 1 
2024-10-07 18:17:21.9395||INFO|Microsoft.EntityFrameworkCore.Database.Command|Executed DbCommand (65ms) [Parameters=[@__normalizedName_0='?'], CommandType='Text', CommandTimeout='30']
SELECT a."Id", a."ConcurrencyStamp", a."Name", a."NormalizedName"
FROM "AspNetRoles" AS a
WHERE a."NormalizedName" = @__normalizedName_0
LIMIT 1 
2024-10-07 18:17:21.9700||DEBUG|Microsoft.EntityFrameworkCore.ChangeTracking|Context 'SmartwmsDbContext' started tracking 'IdentityRole' entity. Consider using 'DbContextOptionsBuilder.EnableSensitiveDataLogging' to see key values. 
2024-10-07 18:17:21.9810||DEBUG|Microsoft.EntityFrameworkCore.Database.Command|Closing data reader to 'smartwms_db' on server 'tcp://localhost:5432'. 
2024-10-07 18:17:21.9867||DEBUG|Microsoft.EntityFrameworkCore.Database.Command|A data reader for 'smartwms_db' on server 'tcp://localhost:5432' is being disposed after spending 43ms reading results. 
2024-10-07 18:17:21.9897||DEBUG|Microsoft.EntityFrameworkCore.Database.Connection|Closing connection to database 'smartwms_db' on server 'tcp://localhost:5432'. 
2024-10-07 18:17:21.9926||DEBUG|Microsoft.EntityFrameworkCore.Database.Connection|Closed connection to database 'smartwms_db' on server 'tcp://localhost:5432' (2ms). 
2024-10-07 18:17:21.9951||DEBUG|Microsoft.EntityFrameworkCore.Database.Connection|Opening connection to database 'smartwms_db' on server 'tcp://localhost:5432'. 
2024-10-07 18:17:21.9951||DEBUG|Microsoft.EntityFrameworkCore.Database.Connection|Opened connection to database 'smartwms_db' on server 'tcp://localhost:5432'. 
2024-10-07 18:17:21.9951||DEBUG|Microsoft.EntityFrameworkCore.Database.Command|Creating DbCommand for 'ExecuteReader'. 
2024-10-07 18:17:21.9951||DEBUG|Microsoft.EntityFrameworkCore.Database.Command|Created DbCommand for 'ExecuteReader' (0ms). 
2024-10-07 18:17:21.9951||DEBUG|Microsoft.EntityFrameworkCore.Database.Command|Initialized DbCommand for 'ExecuteReader' (0ms). 
2024-10-07 18:17:21.9951||DEBUG|Microsoft.EntityFrameworkCore.Database.Command|Executing DbCommand [Parameters=[@__normalizedName_0='?'], CommandType='Text', CommandTimeout='30']
SELECT a."Id", a."ConcurrencyStamp", a."Name", a."NormalizedName"
FROM "AspNetRoles" AS a
WHERE a."NormalizedName" = @__normalizedName_0
LIMIT 1 
2024-10-07 18:17:21.9976||INFO|Microsoft.EntityFrameworkCore.Database.Command|Executed DbCommand (2ms) [Parameters=[@__normalizedName_0='?'], CommandType='Text', CommandTimeout='30']
SELECT a."Id", a."ConcurrencyStamp", a."Name", a."NormalizedName"
FROM "AspNetRoles" AS a
WHERE a."NormalizedName" = @__normalizedName_0
LIMIT 1 
2024-10-07 18:17:21.9978||DEBUG|Microsoft.EntityFrameworkCore.ChangeTracking|Context 'SmartwmsDbContext' started tracking 'IdentityRole' entity. Consider using 'DbContextOptionsBuilder.EnableSensitiveDataLogging' to see key values. 
2024-10-07 18:17:21.9978||DEBUG|Microsoft.EntityFrameworkCore.Database.Command|Closing data reader to 'smartwms_db' on server 'tcp://localhost:5432'. 
2024-10-07 18:17:21.9978||DEBUG|Microsoft.EntityFrameworkCore.Database.Command|A data reader for 'smartwms_db' on server 'tcp://localhost:5432' is being disposed after spending 0ms reading results. 
2024-10-07 18:17:21.9978||DEBUG|Microsoft.EntityFrameworkCore.Database.Connection|Closing connection to database 'smartwms_db' on server 'tcp://localhost:5432'. 
2024-10-07 18:17:21.9978||DEBUG|Microsoft.EntityFrameworkCore.Database.Connection|Closed connection to database 'smartwms_db' on server 'tcp://localhost:5432' (0ms). 
2024-10-07 18:17:21.9978||DEBUG|Microsoft.EntityFrameworkCore.Database.Connection|Opening connection to database 'smartwms_db' on server 'tcp://localhost:5432'. 
2024-10-07 18:17:21.9978||DEBUG|Microsoft.EntityFrameworkCore.Database.Connection|Opened connection to database 'smartwms_db' on server 'tcp://localhost:5432'. 
2024-10-07 18:17:21.9978||DEBUG|Microsoft.EntityFrameworkCore.Database.Command|Creating DbCommand for 'ExecuteReader'. 
2024-10-07 18:17:21.9978||DEBUG|Microsoft.EntityFrameworkCore.Database.Command|Created DbCommand for 'ExecuteReader' (0ms). 
2024-10-07 18:17:21.9978||DEBUG|Microsoft.EntityFrameworkCore.Database.Command|Initialized DbCommand for 'ExecuteReader' (0ms). 
2024-10-07 18:17:21.9978||DEBUG|Microsoft.EntityFrameworkCore.Database.Command|Executing DbCommand [Parameters=[@__normalizedName_0='?'], CommandType='Text', CommandTimeout='30']
SELECT a."Id", a."ConcurrencyStamp", a."Name", a."NormalizedName"
FROM "AspNetRoles" AS a
WHERE a."NormalizedName" = @__normalizedName_0
LIMIT 1 
2024-10-07 18:17:21.9995||INFO|Microsoft.EntityFrameworkCore.Database.Command|Executed DbCommand (1ms) [Parameters=[@__normalizedName_0='?'], CommandType='Text', CommandTimeout='30']
SELECT a."Id", a."ConcurrencyStamp", a."Name", a."NormalizedName"
FROM "AspNetRoles" AS a
WHERE a."NormalizedName" = @__normalizedName_0
LIMIT 1 
2024-10-07 18:17:21.9995||DEBUG|Microsoft.EntityFrameworkCore.ChangeTracking|Context 'SmartwmsDbContext' started tracking 'IdentityRole' entity. Consider using 'DbContextOptionsBuilder.EnableSensitiveDataLogging' to see key values. 
2024-10-07 18:17:21.9995||DEBUG|Microsoft.EntityFrameworkCore.Database.Command|Closing data reader to 'smartwms_db' on server 'tcp://localhost:5432'. 
2024-10-07 18:17:21.9995||DEBUG|Microsoft.EntityFrameworkCore.Database.Command|A data reader for 'smartwms_db' on server 'tcp://localhost:5432' is being disposed after spending 0ms reading results. 
2024-10-07 18:17:21.9995||DEBUG|Microsoft.EntityFrameworkCore.Database.Connection|Closing connection to database 'smartwms_db' on server 'tcp://localhost:5432'. 
2024-10-07 18:17:21.9995||DEBUG|Microsoft.EntityFrameworkCore.Database.Connection|Closed connection to database 'smartwms_db' on server 'tcp://localhost:5432' (0ms). 
2024-10-07 18:17:22.0007||DEBUG|Microsoft.EntityFrameworkCore.Infrastructure|'SmartwmsDbContext' disposed. 
2024-10-07 18:17:22.0019||DEBUG|Microsoft.EntityFrameworkCore.Database.Connection|Disposing connection to database 'smartwms_db' on server 'tcp://localhost:5432'. 
2024-10-07 18:17:22.0019||DEBUG|Microsoft.EntityFrameworkCore.Database.Connection|Disposed connection to database 'smartwms_db' on server 'tcp://localhost:5432' (0ms). 
2024-10-07 18:17:22.0241||DEBUG|Microsoft.EntityFrameworkCore.Infrastructure|Entity Framework Core 8.0.8 initialized 'SmartwmsDbContext' using provider 'Npgsql.EntityFrameworkCore.PostgreSQL:8.0.4+51faf6e9c9c7ef99c3e98d98a96adb8fa8ae4553' with options: None 
2024-10-07 18:17:22.0241||DEBUG|Microsoft.EntityFrameworkCore.Query|Compiling query expression: 
'DbSet<Warehouse>()
    .FirstOrDefault(x => x.WarehouseId == 1)' 
2024-10-07 18:17:22.0289||DEBUG|Microsoft.EntityFrameworkCore.Query|Generated query execution expression: 
'queryContext => ShapedQueryCompilingExpressionVisitor.SingleOrDefaultAsync<Warehouse>(
    asyncEnumerable: new SingleQueryingEnumerable<Warehouse>(
        (RelationalQueryContext)queryContext, 
        RelationalCommandCache.QueryExpression(
            Projection Mapping:
                EmptyProjectionMember -> Dictionary<IProperty, int> { [Property: Warehouse.WarehouseId (int) Required PK AfterSave:Throw ValueGenerated.OnAdd, 0], [Property: Warehouse.Address (string) Required MaxLength(45), 1] }
            SELECT TOP(1) w.warehouse_id, w.address
            FROM warehouses AS w
            WHERE w.warehouse_id == 1), 
        null, 
        Func<QueryContext, DbDataReader, ResultContext, SingleQueryResultCoordinator, Warehouse>, 
        SmartWMS.Entities.SmartwmsDbContext, 
        False, 
        False, 
        True
    ), 
    cancellationToken: queryContext.CancellationToken)' 
2024-10-07 18:17:22.0289||DEBUG|Microsoft.EntityFrameworkCore.Database.Connection|Creating DbConnection. 
2024-10-07 18:17:22.0289||DEBUG|Microsoft.EntityFrameworkCore.Database.Connection|Created DbConnection. (0ms). 
2024-10-07 18:17:22.0289||DEBUG|Microsoft.EntityFrameworkCore.Database.Connection|Opening connection to database 'smartwms_db' on server 'tcp://localhost:5432'. 
2024-10-07 18:17:22.0289||DEBUG|Microsoft.EntityFrameworkCore.Database.Connection|Opened connection to database 'smartwms_db' on server 'tcp://localhost:5432'. 
2024-10-07 18:17:22.0289||DEBUG|Microsoft.EntityFrameworkCore.Database.Command|Creating DbCommand for 'ExecuteReader'. 
2024-10-07 18:17:22.0289||DEBUG|Microsoft.EntityFrameworkCore.Database.Command|Created DbCommand for 'ExecuteReader' (0ms). 
2024-10-07 18:17:22.0289||DEBUG|Microsoft.EntityFrameworkCore.Database.Command|Initialized DbCommand for 'ExecuteReader' (0ms). 
2024-10-07 18:17:22.0289||DEBUG|Microsoft.EntityFrameworkCore.Database.Command|Executing DbCommand [Parameters=[], CommandType='Text', CommandTimeout='30']
SELECT w.warehouse_id, w.address
FROM warehouses AS w
WHERE w.warehouse_id = 1
LIMIT 1 
2024-10-07 18:17:22.0327||INFO|Microsoft.EntityFrameworkCore.Database.Command|Executed DbCommand (3ms) [Parameters=[], CommandType='Text', CommandTimeout='30']
SELECT w.warehouse_id, w.address
FROM warehouses AS w
WHERE w.warehouse_id = 1
LIMIT 1 
2024-10-07 18:17:22.0415||DEBUG|Microsoft.EntityFrameworkCore.ChangeTracking|Context 'SmartwmsDbContext' started tracking 'Warehouse' entity. Consider using 'DbContextOptionsBuilder.EnableSensitiveDataLogging' to see key values. 
2024-10-07 18:17:22.0430||DEBUG|Microsoft.EntityFrameworkCore.Database.Command|Closing data reader to 'smartwms_db' on server 'tcp://localhost:5432'. 
2024-10-07 18:17:22.0430||DEBUG|Microsoft.EntityFrameworkCore.Database.Command|A data reader for 'smartwms_db' on server 'tcp://localhost:5432' is being disposed after spending 10ms reading results. 
2024-10-07 18:17:22.0430||DEBUG|Microsoft.EntityFrameworkCore.Database.Connection|Closing connection to database 'smartwms_db' on server 'tcp://localhost:5432'. 
2024-10-07 18:17:22.0430||DEBUG|Microsoft.EntityFrameworkCore.Database.Connection|Closed connection to database 'smartwms_db' on server 'tcp://localhost:5432' (0ms). 
2024-10-07 18:17:22.0430||DEBUG|Microsoft.EntityFrameworkCore.Infrastructure|'SmartwmsDbContext' disposed. 
2024-10-07 18:17:22.0430||DEBUG|Microsoft.EntityFrameworkCore.Database.Connection|Disposing connection to database 'smartwms_db' on server 'tcp://localhost:5432'. 
2024-10-07 18:17:22.0430||DEBUG|Microsoft.EntityFrameworkCore.Database.Connection|Disposed connection to database 'smartwms_db' on server 'tcp://localhost:5432' (0ms). 
2024-10-07 18:17:22.0607||INFO|Microsoft.AspNetCore.DataProtection.KeyManagement.XmlKeyManager|User profile is available. Using '/Users/kamilsadowski/.aspnet/DataProtection-Keys' as key repository; keys will not be encrypted at rest. 
2024-10-07 18:17:22.0734||DEBUG|Microsoft.EntityFrameworkCore.Infrastructure|Entity Framework Core 8.0.8 initialized 'SmartwmsDbContext' using provider 'Npgsql.EntityFrameworkCore.PostgreSQL:8.0.4+51faf6e9c9c7ef99c3e98d98a96adb8fa8ae4553' with options: None 
2024-10-07 18:17:22.0744||DEBUG|Microsoft.EntityFrameworkCore.Query|Compiling query expression: 
'DbSet<User>()
    .SingleOrDefault(u => u.NormalizedEmail == __normalizedEmail_0)' 
2024-10-07 18:17:22.0772||DEBUG|Microsoft.EntityFrameworkCore.Query|Generated query execution expression: 
'queryContext => ShapedQueryCompilingExpressionVisitor.SingleOrDefaultAsync<User>(
    asyncEnumerable: new SingleQueryingEnumerable<User>(
        (RelationalQueryContext)queryContext, 
        RelationalCommandCache.QueryExpression(
            Projection Mapping:
                EmptyProjectionMember -> Dictionary<IProperty, int> { [Property: User.Id (string) Required PK AfterSave:Throw, 0], [Property: User.AccessFailedCount (int) Required, 1], [Property: User.ConcurrencyStamp (string) Concurrency, 2], [Property: User.Email (string) MaxLength(256), 3], [Property: User.EmailConfirmed (bool) Required, 4], [Property: User.LockoutEnabled (bool) Required, 5], [Property: User.LockoutEnd (DateTimeOffset?), 6], [Property: User.ManagerId (string) FK Index, 7], [Property: User.NormalizedEmail (string) Index MaxLength(256), 8], [Property: User.NormalizedUserName (string) Index MaxLength(256), 9], [Property: User.PasswordHash (string), 10], [Property: User.PhoneNumber (string), 11], [Property: User.PhoneNumberConfirmed (bool) Required, 12], [Property: User.SecurityStamp (string), 13], [Property: User.TwoFactorEnabled (bool) Required, 14], [Property: User.UserName (string) MaxLength(256), 15], [Property: User.WarehousesWarehouseId (int) Required FK Index, 16] }
            SELECT TOP(2) u.Id, u.AccessFailedCount, u.ConcurrencyStamp, u.Email, u.EmailConfirmed, u.LockoutEnabled, u.LockoutEnd, u.manager_id, u.NormalizedEmail, u.NormalizedUserName, u.PasswordHash, u.PhoneNumber, u.PhoneNumberConfirmed, u.SecurityStamp, u.TwoFactorEnabled, u.UserName, u.warehouses_warehouse_id
            FROM users AS u
            WHERE u.NormalizedEmail == @__normalizedEmail_0), 
        null, 
        Func<QueryContext, DbDataReader, ResultContext, SingleQueryResultCoordinator, User>, 
        SmartWMS.Entities.SmartwmsDbContext, 
        False, 
        False, 
        True
    ), 
    cancellationToken: queryContext.CancellationToken)' 
2024-10-07 18:17:22.0772||DEBUG|Microsoft.EntityFrameworkCore.Database.Connection|Creating DbConnection. 
2024-10-07 18:17:22.0772||DEBUG|Microsoft.EntityFrameworkCore.Database.Connection|Created DbConnection. (0ms). 
2024-10-07 18:17:22.0772||DEBUG|Microsoft.EntityFrameworkCore.Database.Connection|Opening connection to database 'smartwms_db' on server 'tcp://localhost:5432'. 
2024-10-07 18:17:22.0772||DEBUG|Microsoft.EntityFrameworkCore.Database.Connection|Opened connection to database 'smartwms_db' on server 'tcp://localhost:5432'. 
2024-10-07 18:17:22.0772||DEBUG|Microsoft.EntityFrameworkCore.Database.Command|Creating DbCommand for 'ExecuteReader'. 
2024-10-07 18:17:22.0772||DEBUG|Microsoft.EntityFrameworkCore.Database.Command|Created DbCommand for 'ExecuteReader' (0ms). 
2024-10-07 18:17:22.0772||DEBUG|Microsoft.EntityFrameworkCore.Database.Command|Initialized DbCommand for 'ExecuteReader' (0ms). 
2024-10-07 18:17:22.0772||DEBUG|Microsoft.EntityFrameworkCore.Database.Command|Executing DbCommand [Parameters=[@__normalizedEmail_0='?'], CommandType='Text', CommandTimeout='30']
SELECT u."Id", u."AccessFailedCount", u."ConcurrencyStamp", u."Email", u."EmailConfirmed", u."LockoutEnabled", u."LockoutEnd", u.manager_id, u."NormalizedEmail", u."NormalizedUserName", u."PasswordHash", u."PhoneNumber", u."PhoneNumberConfirmed", u."SecurityStamp", u."TwoFactorEnabled", u."UserName", u.warehouses_warehouse_id
FROM users AS u
WHERE u."NormalizedEmail" = @__normalizedEmail_0
LIMIT 2 
2024-10-07 18:17:22.0834||INFO|Microsoft.EntityFrameworkCore.Database.Command|Executed DbCommand (6ms) [Parameters=[@__normalizedEmail_0='?'], CommandType='Text', CommandTimeout='30']
SELECT u."Id", u."AccessFailedCount", u."ConcurrencyStamp", u."Email", u."EmailConfirmed", u."LockoutEnabled", u."LockoutEnd", u.manager_id, u."NormalizedEmail", u."NormalizedUserName", u."PasswordHash", u."PhoneNumber", u."PhoneNumberConfirmed", u."SecurityStamp", u."TwoFactorEnabled", u."UserName", u.warehouses_warehouse_id
FROM users AS u
WHERE u."NormalizedEmail" = @__normalizedEmail_0
LIMIT 2 
2024-10-07 18:17:22.0926||DEBUG|Microsoft.EntityFrameworkCore.ChangeTracking|Context 'SmartwmsDbContext' started tracking 'User' entity. Consider using 'DbContextOptionsBuilder.EnableSensitiveDataLogging' to see key values. 
2024-10-07 18:17:22.1064||DEBUG|Microsoft.EntityFrameworkCore.Database.Command|Closing data reader to 'smartwms_db' on server 'tcp://localhost:5432'. 
2024-10-07 18:17:22.1064||DEBUG|Microsoft.EntityFrameworkCore.Database.Command|A data reader for 'smartwms_db' on server 'tcp://localhost:5432' is being disposed after spending 23ms reading results. 
2024-10-07 18:17:22.1064||DEBUG|Microsoft.EntityFrameworkCore.Database.Connection|Closing connection to database 'smartwms_db' on server 'tcp://localhost:5432'. 
2024-10-07 18:17:22.1064||DEBUG|Microsoft.EntityFrameworkCore.Database.Connection|Closed connection to database 'smartwms_db' on server 'tcp://localhost:5432' (0ms). 
2024-10-07 18:17:22.1074||DEBUG|Microsoft.EntityFrameworkCore.Infrastructure|'SmartwmsDbContext' disposed. 
2024-10-07 18:17:22.1074||DEBUG|Microsoft.EntityFrameworkCore.Database.Connection|Disposing connection to database 'smartwms_db' on server 'tcp://localhost:5432'. 
2024-10-07 18:17:22.1074||DEBUG|Microsoft.EntityFrameworkCore.Database.Connection|Disposed connection to database 'smartwms_db' on server 'tcp://localhost:5432' (0ms). 
2024-10-07 18:17:22.1911||DEBUG|Microsoft.AspNetCore.Mvc.ModelBinding.ModelBinderFactory|Registered model binder providers, in the following order: Microsoft.AspNetCore.Mvc.ModelBinding.Binders.BinderTypeModelBinderProvider, Microsoft.AspNetCore.Mvc.ModelBinding.Binders.ServicesModelBinderProvider, Microsoft.AspNetCore.Mvc.ModelBinding.Binders.BodyModelBinderProvider, Microsoft.AspNetCore.Mvc.ModelBinding.Binders.HeaderModelBinderProvider, Microsoft.AspNetCore.Mvc.ModelBinding.Binders.FloatingPointTypeModelBinderProvider, Microsoft.AspNetCore.Mvc.ModelBinding.Binders.EnumTypeModelBinderProvider, Microsoft.AspNetCore.Mvc.ModelBinding.Binders.DateTimeModelBinderProvider, Microsoft.AspNetCore.Mvc.ModelBinding.Binders.SimpleTypeModelBinderProvider, Microsoft.AspNetCore.Mvc.ModelBinding.Binders.TryParseModelBinderProvider, Microsoft.AspNetCore.Mvc.ModelBinding.Binders.CancellationTokenModelBinderProvider, Microsoft.AspNetCore.Mvc.ModelBinding.Binders.ByteArrayModelBinderProvider, Microsoft.AspNetCore.Mvc.ModelBinding.Binders.FormFileModelBinderProvider, Microsoft.AspNetCore.Mvc.ModelBinding.Binders.FormCollectionModelBinderProvider, Microsoft.AspNetCore.Mvc.ModelBinding.Binders.KeyValuePairModelBinderProvider, Microsoft.AspNetCore.Mvc.ModelBinding.Binders.DictionaryModelBinderProvider, Microsoft.AspNetCore.Mvc.ModelBinding.Binders.ArrayModelBinderProvider, Microsoft.AspNetCore.Mvc.ModelBinding.Binders.CollectionModelBinderProvider, Microsoft.AspNetCore.Mvc.ModelBinding.Binders.ComplexObjectModelBinderProvider 
2024-10-07 18:17:22.2696||DEBUG|Microsoft.Extensions.Hosting.Internal.Host|Hosting starting 
2024-10-07 18:17:22.2824||DEBUG|Microsoft.AspNetCore.DataProtection.Repositories.FileSystemXmlRepository|Reading data from file '/Users/kamilsadowski/.aspnet/DataProtection-Keys/key-0ffb32d9-8013-4a53-b6ea-d73a13adc424.xml'. 
2024-10-07 18:17:22.2866||DEBUG|Microsoft.AspNetCore.DataProtection.KeyManagement.XmlKeyManager|Found key {0ffb32d9-8013-4a53-b6ea-d73a13adc424}. 
2024-10-07 18:17:22.2966||DEBUG|Microsoft.AspNetCore.DataProtection.KeyManagement.DefaultKeyResolver|Considering key {0ffb32d9-8013-4a53-b6ea-d73a13adc424} with expiration date 2024-11-12 15:19:46Z as default key. 
2024-10-07 18:17:22.2998||DEBUG|Microsoft.AspNetCore.DataProtection.TypeForwardingActivator|Forwarded activator type request from Microsoft.AspNetCore.DataProtection.AuthenticatedEncryption.ConfigurationModel.AuthenticatedEncryptorDescriptorDeserializer, Microsoft.AspNetCore.DataProtection, Version=8.0.0.0, Culture=neutral, PublicKeyToken=adb9793829ddae60 to Microsoft.AspNetCore.DataProtection.AuthenticatedEncryption.ConfigurationModel.AuthenticatedEncryptorDescriptorDeserializer, Microsoft.AspNetCore.DataProtection, Culture=neutral, PublicKeyToken=adb9793829ddae60 
2024-10-07 18:17:22.3039||DEBUG|Microsoft.AspNetCore.DataProtection.AuthenticatedEncryption.ManagedAuthenticatedEncryptorFactory|Using managed symmetric algorithm 'System.Security.Cryptography.Aes'. 
2024-10-07 18:17:22.3039||DEBUG|Microsoft.AspNetCore.DataProtection.AuthenticatedEncryption.ManagedAuthenticatedEncryptorFactory|Using managed keyed hash algorithm 'System.Security.Cryptography.HMACSHA256'. 
2024-10-07 18:17:22.3082||DEBUG|Microsoft.AspNetCore.DataProtection.KeyManagement.KeyRingProvider|Using key {0ffb32d9-8013-4a53-b6ea-d73a13adc424} as the default key. 
2024-10-07 18:17:22.3098||DEBUG|Microsoft.AspNetCore.DataProtection.Internal.DataProtectionHostedService|Key ring with default key {0ffb32d9-8013-4a53-b6ea-d73a13adc424} was loaded during application startup. 
2024-10-07 18:17:22.4881||INFO|Microsoft.Hosting.Lifetime|Now listening on: http://localhost:5236 
2024-10-07 18:17:22.4881||DEBUG|Microsoft.AspNetCore.Hosting.Diagnostics|Loaded hosting startup assembly SmartWMS 
2024-10-07 18:17:22.4889||INFO|Microsoft.Hosting.Lifetime|Application started. Press Ctrl+C to shut down. 
2024-10-07 18:17:22.4889||INFO|Microsoft.Hosting.Lifetime|Hosting environment: Development 
2024-10-07 18:17:22.4889||INFO|Microsoft.Hosting.Lifetime|Content root path: /Users/kamilsadowski/RiderProjects/SmartWMS 
2024-10-07 18:17:22.4889||DEBUG|Microsoft.Extensions.Hosting.Internal.Host|Hosting started 
2024-10-07 18:17:22.6504||DEBUG|Microsoft.AspNetCore.Server.Kestrel.Transport.Sockets|Connection id "0HN76TE36HSNT" received FIN. 
2024-10-07 18:17:22.6577||DEBUG|Microsoft.AspNetCore.Server.Kestrel.Connections|Connection id "0HN76TE36HSNT" accepted. 
2024-10-07 18:17:22.6592||DEBUG|Microsoft.AspNetCore.Server.Kestrel.Connections|Connection id "0HN76TE36HSNT" started. 
2024-10-07 18:17:22.6688||DEBUG|Microsoft.AspNetCore.Server.Kestrel.Transport.Sockets|Connection id "0HN76TE36HSNT" sending FIN because: "The Socket transport's send loop completed gracefully." 
2024-10-07 18:17:22.6717||DEBUG|Microsoft.AspNetCore.Server.Kestrel.Connections|Connection id "0HN76TE36HSNT" disconnecting. 
2024-10-07 18:17:22.7269||DEBUG|Microsoft.AspNetCore.Server.Kestrel.Connections|Connection id "0HN76TE36HSNT" stopped. 
2024-10-07 18:17:22.8185||DEBUG|Microsoft.AspNetCore.Server.Kestrel.Connections|Connection id "0HN76TE36HSNU" accepted. 
2024-10-07 18:17:22.8185||DEBUG|Microsoft.AspNetCore.Server.Kestrel.Connections|Connection id "0HN76TE36HSNU" started. 
2024-10-07 18:17:22.9118||INFO|Microsoft.AspNetCore.Hosting.Diagnostics|Request starting HTTP/1.1 GET http://localhost:5236/swagger/index.html - - - 
2024-10-07 18:17:22.9138||DEBUG|Microsoft.AspNetCore.HostFiltering.HostFilteringMiddleware|Wildcard detected, all requests with hosts will be allowed. 
2024-10-07 18:17:22.9138||TRACE|Microsoft.AspNetCore.HostFiltering.HostFilteringMiddleware|All hosts are allowed. 
2024-10-07 18:17:22.9611||DEBUG|Microsoft.AspNetCore.Routing.Matching.DfaMatcher|No candidates found for the request path '/swagger/index.html' 
2024-10-07 18:17:22.9611||DEBUG|Microsoft.AspNetCore.Routing.EndpointRoutingMiddleware|Request did not match any endpoints 
2024-10-07 18:17:23.0210||DEBUG|Microsoft.AspNetCore.Server.Kestrel.Connections|Connection id "0HN76TE36HSNU" completed keep alive response. 
2024-10-07 18:17:23.0235||INFO|Microsoft.AspNetCore.Hosting.Diagnostics|Request finished HTTP/1.1 GET http://localhost:5236/swagger/index.html - 200 - text/html;charset=utf-8 119.2853ms 
2024-10-07 18:17:23.1459||INFO|Microsoft.AspNetCore.Hosting.Diagnostics|Request starting HTTP/1.1 GET http://localhost:5236/swagger/v1/swagger.json - - - 
2024-10-07 18:17:23.1459||TRACE|Microsoft.AspNetCore.HostFiltering.HostFilteringMiddleware|All hosts are allowed. 
2024-10-07 18:17:23.1471||DEBUG|Microsoft.AspNetCore.Routing.Matching.DfaMatcher|No candidates found for the request path '/swagger/v1/swagger.json' 
2024-10-07 18:17:23.1471||DEBUG|Microsoft.AspNetCore.Routing.EndpointRoutingMiddleware|Request did not match any endpoints 
2024-10-07 18:17:23.1746||DEBUG|Microsoft.AspNetCore.Server.Kestrel.Connections|Connection id "0HN76TE36HSNV" accepted. 
2024-10-07 18:17:23.1746||DEBUG|Microsoft.AspNetCore.Server.Kestrel.Connections|Connection id "0HN76TE36HSNV" started. 
2024-10-07 18:17:23.1750||INFO|Microsoft.AspNetCore.Hosting.Diagnostics|Request starting HTTP/1.1 GET http://localhost:5236/apple-touch-icon-precomposed.png - - - 
2024-10-07 18:17:23.1750||TRACE|Microsoft.AspNetCore.HostFiltering.HostFilteringMiddleware|All hosts are allowed. 
2024-10-07 18:17:23.1750||DEBUG|Microsoft.AspNetCore.Routing.Matching.DfaMatcher|No candidates found for the request path '/apple-touch-icon-precomposed.png' 
2024-10-07 18:17:23.1750||DEBUG|Microsoft.AspNetCore.Routing.EndpointRoutingMiddleware|Request did not match any endpoints 
2024-10-07 18:17:23.1772||DEBUG|Microsoft.AspNetCore.StaticFiles.StaticFileMiddleware|The request path  does not match the path filter 
2024-10-07 18:17:23.1903||DEBUG|Microsoft.AspNetCore.Authentication.BearerToken.BearerTokenHandler|AuthenticationScheme: Identity.Bearer was not authenticated. 
2024-10-07 18:17:23.1986||DEBUG|Microsoft.AspNetCore.Authentication.Cookies.CookieAuthenticationHandler|AuthenticationScheme: Identity.Application was not authenticated. 
2024-10-07 18:17:23.1986||DEBUG|Microsoft.Extensions.DependencyInjection.IdentityServiceCollectionExtensions+CompositeIdentityHandler|AuthenticationScheme: Identity.BearerAndApplication was not authenticated. 
2024-10-07 18:17:23.2021||WARN|Microsoft.AspNetCore.HttpsPolicy.HttpsRedirectionMiddleware|Failed to determine the https port for redirect. 
2024-10-07 18:17:23.2039||DEBUG|Microsoft.AspNetCore.Server.Kestrel.Connections|Connection id "0HN76TE36HSNV" completed keep alive response. 
2024-10-07 18:17:23.2039||INFO|Microsoft.AspNetCore.Hosting.Diagnostics|Request finished HTTP/1.1 GET http://localhost:5236/apple-touch-icon-precomposed.png - 404 0 - 28.9982ms 
2024-10-07 18:17:23.2049||INFO|Microsoft.AspNetCore.Hosting.Diagnostics|Request reached the end of the middleware pipeline without being handled by application code. Request path: GET http://localhost:5236/apple-touch-icon-precomposed.png, Response status code: 404 
2024-10-07 18:17:23.2049||INFO|Microsoft.AspNetCore.Hosting.Diagnostics|Request starting HTTP/1.1 GET http://localhost:5236/apple-touch-icon.png - - - 
2024-10-07 18:17:23.2049||TRACE|Microsoft.AspNetCore.HostFiltering.HostFilteringMiddleware|All hosts are allowed. 
2024-10-07 18:17:23.2049||DEBUG|Microsoft.AspNetCore.Routing.Matching.DfaMatcher|No candidates found for the request path '/apple-touch-icon.png' 
2024-10-07 18:17:23.2049||DEBUG|Microsoft.AspNetCore.Routing.EndpointRoutingMiddleware|Request did not match any endpoints 
2024-10-07 18:17:23.2049||DEBUG|Microsoft.AspNetCore.StaticFiles.StaticFileMiddleware|The request path  does not match the path filter 
2024-10-07 18:17:23.2060||DEBUG|Microsoft.AspNetCore.Authentication.BearerToken.BearerTokenHandler|AuthenticationScheme: Identity.Bearer was not authenticated. 
2024-10-07 18:17:23.2060||DEBUG|Microsoft.AspNetCore.Authentication.Cookies.CookieAuthenticationHandler|AuthenticationScheme: Identity.Application was not authenticated. 
2024-10-07 18:17:23.2060||DEBUG|Microsoft.Extensions.DependencyInjection.IdentityServiceCollectionExtensions+CompositeIdentityHandler|AuthenticationScheme: Identity.BearerAndApplication was not authenticated. 
2024-10-07 18:17:23.2060||DEBUG|Microsoft.AspNetCore.Server.Kestrel.Connections|Connection id "0HN76TE36HSNV" completed keep alive response. 
2024-10-07 18:17:23.2060||INFO|Microsoft.AspNetCore.Hosting.Diagnostics|Request finished HTTP/1.1 GET http://localhost:5236/apple-touch-icon.png - 404 0 - 1.2145ms 
2024-10-07 18:17:23.2060||INFO|Microsoft.AspNetCore.Hosting.Diagnostics|Request reached the end of the middleware pipeline without being handled by application code. Request path: GET http://localhost:5236/apple-touch-icon.png, Response status code: 404 
2024-10-07 18:17:23.2520||DEBUG|Microsoft.AspNetCore.Server.Kestrel.Connections|Connection id "0HN76TE36HSNU" completed keep alive response. 
2024-10-07 18:17:23.2520||INFO|Microsoft.AspNetCore.Hosting.Diagnostics|Request finished HTTP/1.1 GET http://localhost:5236/swagger/v1/swagger.json - 200 - application/json;charset=utf-8 106.3657ms 
2024-10-07 18:17:33.5749||INFO|Microsoft.AspNetCore.Hosting.Diagnostics|Request starting HTTP/1.1 GET http://localhost:5236/api/User/getUsersByRole - - - 
2024-10-07 18:17:33.5761||TRACE|Microsoft.AspNetCore.HostFiltering.HostFilteringMiddleware|All hosts are allowed. 
2024-10-07 18:17:33.5828||DEBUG|Microsoft.AspNetCore.Routing.Matching.DfaMatcher|1 candidate(s) found for the request path '/api/User/getUsersByRole' 
2024-10-07 18:17:33.5837||DEBUG|Microsoft.AspNetCore.Routing.Matching.DfaMatcher|Endpoint 'SmartWMS.Controllers.UserController.GetUsersByRole (SmartWMS)' with route pattern 'api/User/getUsersByRole' is valid for the request path '/api/User/getUsersByRole' 
2024-10-07 18:17:33.5851||DEBUG|Microsoft.AspNetCore.Routing.EndpointRoutingMiddleware|Request matched endpoint 'SmartWMS.Controllers.UserController.GetUsersByRole (SmartWMS)' 
2024-10-07 18:17:33.5867||TRACE|Microsoft.AspNetCore.Routing.EndpointRoutingMiddleware|The endpoint does not specify the IRequestSizeLimitMetadata. 
2024-10-07 18:17:33.5871||DEBUG|Microsoft.AspNetCore.StaticFiles.StaticFileMiddleware|Static files was skipped as the request already matched an endpoint. 
2024-10-07 18:17:33.5885||DEBUG|Microsoft.AspNetCore.Authentication.BearerToken.BearerTokenHandler|AuthenticationScheme: Identity.Bearer was not authenticated. 
2024-10-07 18:17:33.6037||TRACE|Microsoft.AspNetCore.DataProtection.KeyManagement.KeyRingBasedDataProtector|Performing unprotect operation to key {0ffb32d9-8013-4a53-b6ea-d73a13adc424} with purposes ('/Users/kamilsadowski/RiderProjects/SmartWMS/', 'Microsoft.AspNetCore.Authentication.Cookies.CookieAuthenticationMiddleware', 'Identity.Application', 'v2'). 
2024-10-07 18:17:33.6232||DEBUG|Microsoft.EntityFrameworkCore.Infrastructure|Entity Framework Core 8.0.8 initialized 'SmartwmsDbContext' using provider 'Npgsql.EntityFrameworkCore.PostgreSQL:8.0.4+51faf6e9c9c7ef99c3e98d98a96adb8fa8ae4553' with options: None 
2024-10-07 18:17:33.6295||DEBUG|Microsoft.EntityFrameworkCore.Query|Compiling query expression: 
'DbSet<User>()
    .FirstOrDefault(e => EF.Property<string>(e, "Id") == __p_0)' 
2024-10-07 18:17:33.6382||DEBUG|Microsoft.EntityFrameworkCore.Query|Generated query execution expression: 
'queryContext => ShapedQueryCompilingExpressionVisitor.SingleOrDefaultAsync<User>(
    asyncEnumerable: new SingleQueryingEnumerable<User>(
        (RelationalQueryContext)queryContext, 
        RelationalCommandCache.QueryExpression(
            Projection Mapping:
                EmptyProjectionMember -> Dictionary<IProperty, int> { [Property: User.Id (string) Required PK AfterSave:Throw, 0], [Property: User.AccessFailedCount (int) Required, 1], [Property: User.ConcurrencyStamp (string) Concurrency, 2], [Property: User.Email (string) MaxLength(256), 3], [Property: User.EmailConfirmed (bool) Required, 4], [Property: User.LockoutEnabled (bool) Required, 5], [Property: User.LockoutEnd (DateTimeOffset?), 6], [Property: User.ManagerId (string) FK Index, 7], [Property: User.NormalizedEmail (string) Index MaxLength(256), 8], [Property: User.NormalizedUserName (string) Index MaxLength(256), 9], [Property: User.PasswordHash (string), 10], [Property: User.PhoneNumber (string), 11], [Property: User.PhoneNumberConfirmed (bool) Required, 12], [Property: User.SecurityStamp (string), 13], [Property: User.TwoFactorEnabled (bool) Required, 14], [Property: User.UserName (string) MaxLength(256), 15], [Property: User.WarehousesWarehouseId (int) Required FK Index, 16] }
            SELECT TOP(1) u.Id, u.AccessFailedCount, u.ConcurrencyStamp, u.Email, u.EmailConfirmed, u.LockoutEnabled, u.LockoutEnd, u.manager_id, u.NormalizedEmail, u.NormalizedUserName, u.PasswordHash, u.PhoneNumber, u.PhoneNumberConfirmed, u.SecurityStamp, u.TwoFactorEnabled, u.UserName, u.warehouses_warehouse_id
            FROM users AS u
            WHERE u.Id == @__p_0), 
        null, 
        Func<QueryContext, DbDataReader, ResultContext, SingleQueryResultCoordinator, User>, 
        SmartWMS.Entities.SmartwmsDbContext, 
        False, 
        False, 
        True
    ), 
    cancellationToken: queryContext.CancellationToken)' 
2024-10-07 18:17:33.6382||DEBUG|Microsoft.EntityFrameworkCore.Database.Connection|Creating DbConnection. 
2024-10-07 18:17:33.6382||DEBUG|Microsoft.EntityFrameworkCore.Database.Connection|Created DbConnection. (0ms). 
2024-10-07 18:17:33.6382||DEBUG|Microsoft.EntityFrameworkCore.Database.Connection|Opening connection to database 'smartwms_db' on server 'tcp://localhost:5432'. 
2024-10-07 18:17:33.6382||DEBUG|Microsoft.EntityFrameworkCore.Database.Connection|Opened connection to database 'smartwms_db' on server 'tcp://localhost:5432'. 
2024-10-07 18:17:33.6391||DEBUG|Microsoft.EntityFrameworkCore.Database.Command|Creating DbCommand for 'ExecuteReader'. 
2024-10-07 18:17:33.6391||DEBUG|Microsoft.EntityFrameworkCore.Database.Command|Created DbCommand for 'ExecuteReader' (0ms). 
2024-10-07 18:17:33.6391||DEBUG|Microsoft.EntityFrameworkCore.Database.Command|Initialized DbCommand for 'ExecuteReader' (0ms). 
2024-10-07 18:17:33.6391||DEBUG|Microsoft.EntityFrameworkCore.Database.Command|Executing DbCommand [Parameters=[@__p_0='?'], CommandType='Text', CommandTimeout='30']
SELECT u."Id", u."AccessFailedCount", u."ConcurrencyStamp", u."Email", u."EmailConfirmed", u."LockoutEnabled", u."LockoutEnd", u.manager_id, u."NormalizedEmail", u."NormalizedUserName", u."PasswordHash", u."PhoneNumber", u."PhoneNumberConfirmed", u."SecurityStamp", u."TwoFactorEnabled", u."UserName", u.warehouses_warehouse_id
FROM users AS u
WHERE u."Id" = @__p_0
LIMIT 1 
2024-10-07 18:17:33.6413||INFO|Microsoft.EntityFrameworkCore.Database.Command|Executed DbCommand (2ms) [Parameters=[@__p_0='?'], CommandType='Text', CommandTimeout='30']
SELECT u."Id", u."AccessFailedCount", u."ConcurrencyStamp", u."Email", u."EmailConfirmed", u."LockoutEnabled", u."LockoutEnd", u.manager_id, u."NormalizedEmail", u."NormalizedUserName", u."PasswordHash", u."PhoneNumber", u."PhoneNumberConfirmed", u."SecurityStamp", u."TwoFactorEnabled", u."UserName", u.warehouses_warehouse_id
FROM users AS u
WHERE u."Id" = @__p_0
LIMIT 1 
2024-10-07 18:17:33.6413||DEBUG|Microsoft.EntityFrameworkCore.ChangeTracking|Context 'SmartwmsDbContext' started tracking 'User' entity. Consider using 'DbContextOptionsBuilder.EnableSensitiveDataLogging' to see key values. 
2024-10-07 18:17:33.6413||DEBUG|Microsoft.EntityFrameworkCore.Database.Command|Closing data reader to 'smartwms_db' on server 'tcp://localhost:5432'. 
2024-10-07 18:17:33.6413||DEBUG|Microsoft.EntityFrameworkCore.Database.Command|A data reader for 'smartwms_db' on server 'tcp://localhost:5432' is being disposed after spending 0ms reading results. 
2024-10-07 18:17:33.6418||DEBUG|Microsoft.EntityFrameworkCore.Database.Connection|Closing connection to database 'smartwms_db' on server 'tcp://localhost:5432'. 
2024-10-07 18:17:33.6418||DEBUG|Microsoft.EntityFrameworkCore.Database.Connection|Closed connection to database 'smartwms_db' on server 'tcp://localhost:5432' (0ms). 
2024-10-07 18:17:33.6588||DEBUG|Microsoft.EntityFrameworkCore.Query|Compiling query expression: 
'DbSet<IdentityUserClaim<string>>()
    .Where(uc => uc.UserId.Equals(__user_Id_0))
    .Select(c => c.ToClaim())' 
2024-10-07 18:17:33.6845||DEBUG|Microsoft.EntityFrameworkCore.Query|Generated query execution expression: 
'queryContext => new SingleQueryingEnumerable<Claim>(
    (RelationalQueryContext)queryContext, 
    RelationalCommandCache.QueryExpression(
        Client Projections:
            0 -> Dictionary<IProperty, int> { [Property: IdentityUserClaim<string>.Id (int) Required PK AfterSave:Throw ValueGenerated.OnAdd, 0], [Property: IdentityUserClaim<string>.ClaimType (string), 1], [Property: IdentityUserClaim<string>.ClaimValue (string), 2], [Property: IdentityUserClaim<string>.UserId (string) Required FK Index, 3] }
        SELECT a.Id, a.ClaimType, a.ClaimValue, a.UserId
        FROM AspNetUserClaims AS a
        WHERE a.UserId == @__user_Id_0), 
    null, 
    Func<QueryContext, DbDataReader, ResultContext, SingleQueryResultCoordinator, Claim>, 
    SmartWMS.Entities.SmartwmsDbContext, 
    False, 
    False, 
    True
)' 
2024-10-07 18:17:33.6849||DEBUG|Microsoft.EntityFrameworkCore.Database.Connection|Opening connection to database 'smartwms_db' on server 'tcp://localhost:5432'. 
2024-10-07 18:17:33.6849||DEBUG|Microsoft.EntityFrameworkCore.Database.Connection|Opened connection to database 'smartwms_db' on server 'tcp://localhost:5432'. 
2024-10-07 18:17:33.6849||DEBUG|Microsoft.EntityFrameworkCore.Database.Command|Creating DbCommand for 'ExecuteReader'. 
2024-10-07 18:17:33.6849||DEBUG|Microsoft.EntityFrameworkCore.Database.Command|Created DbCommand for 'ExecuteReader' (0ms). 
2024-10-07 18:17:33.6849||DEBUG|Microsoft.EntityFrameworkCore.Database.Command|Initialized DbCommand for 'ExecuteReader' (0ms). 
2024-10-07 18:17:33.6849||DEBUG|Microsoft.EntityFrameworkCore.Database.Command|Executing DbCommand [Parameters=[@__user_Id_0='?'], CommandType='Text', CommandTimeout='30']
SELECT a."Id", a."ClaimType", a."ClaimValue", a."UserId"
FROM "AspNetUserClaims" AS a
WHERE a."UserId" = @__user_Id_0 
2024-10-07 18:17:33.6879||INFO|Microsoft.EntityFrameworkCore.Database.Command|Executed DbCommand (3ms) [Parameters=[@__user_Id_0='?'], CommandType='Text', CommandTimeout='30']
SELECT a."Id", a."ClaimType", a."ClaimValue", a."UserId"
FROM "AspNetUserClaims" AS a
WHERE a."UserId" = @__user_Id_0 
2024-10-07 18:17:33.6879||DEBUG|Microsoft.EntityFrameworkCore.Database.Command|Closing data reader to 'smartwms_db' on server 'tcp://localhost:5432'. 
2024-10-07 18:17:33.6879||DEBUG|Microsoft.EntityFrameworkCore.Database.Command|A data reader for 'smartwms_db' on server 'tcp://localhost:5432' is being disposed after spending 0ms reading results. 
2024-10-07 18:17:33.6879||DEBUG|Microsoft.EntityFrameworkCore.Database.Connection|Closing connection to database 'smartwms_db' on server 'tcp://localhost:5432'. 
2024-10-07 18:17:33.6879||DEBUG|Microsoft.EntityFrameworkCore.Database.Connection|Closed connection to database 'smartwms_db' on server 'tcp://localhost:5432' (0ms). 
2024-10-07 18:17:33.6934||DEBUG|Microsoft.EntityFrameworkCore.Query|Compiling query expression: 
'DbSet<IdentityUserRole<string>>()
    .Join(
        inner: DbSet<IdentityRole>(), 
        outerKeySelector: userRole => userRole.RoleId, 
        innerKeySelector: role => role.Id, 
        resultSelector: (userRole, role) => new { 
            userRole = userRole, 
            role = role
         })
    .Where(<>h__TransparentIdentifier0 => <>h__TransparentIdentifier0.userRole.UserId.Equals(__userId_0))
    .Select(<>h__TransparentIdentifier0 => <>h__TransparentIdentifier0.role.Name)' 
2024-10-07 18:17:33.7018||DEBUG|Microsoft.EntityFrameworkCore.Query|Generated query execution expression: 
'queryContext => new SingleQueryingEnumerable<string>(
    (RelationalQueryContext)queryContext, 
    RelationalCommandCache.QueryExpression(
        Projection Mapping:
            EmptyProjectionMember -> 0
        SELECT a0.Name
        FROM AspNetUserRoles AS a
        INNER JOIN AspNetRoles AS a0 ON a.RoleId == a0.Id
        WHERE a.UserId == @__userId_0), 
    null, 
    Func<QueryContext, DbDataReader, ResultContext, SingleQueryResultCoordinator, string>, 
    SmartWMS.Entities.SmartwmsDbContext, 
    False, 
    False, 
    True
)' 
2024-10-07 18:17:33.7018||DEBUG|Microsoft.EntityFrameworkCore.Database.Connection|Opening connection to database 'smartwms_db' on server 'tcp://localhost:5432'. 
2024-10-07 18:17:33.7018||DEBUG|Microsoft.EntityFrameworkCore.Database.Connection|Opened connection to database 'smartwms_db' on server 'tcp://localhost:5432'. 
2024-10-07 18:17:33.7018||DEBUG|Microsoft.EntityFrameworkCore.Database.Command|Creating DbCommand for 'ExecuteReader'. 
2024-10-07 18:17:33.7018||DEBUG|Microsoft.EntityFrameworkCore.Database.Command|Created DbCommand for 'ExecuteReader' (0ms). 
2024-10-07 18:17:33.7018||DEBUG|Microsoft.EntityFrameworkCore.Database.Command|Initialized DbCommand for 'ExecuteReader' (0ms). 
2024-10-07 18:17:33.7018||DEBUG|Microsoft.EntityFrameworkCore.Database.Command|Executing DbCommand [Parameters=[@__userId_0='?'], CommandType='Text', CommandTimeout='30']
SELECT a0."Name"
FROM "AspNetUserRoles" AS a
INNER JOIN "AspNetRoles" AS a0 ON a."RoleId" = a0."Id"
WHERE a."UserId" = @__userId_0 
2024-10-07 18:17:33.7067||INFO|Microsoft.EntityFrameworkCore.Database.Command|Executed DbCommand (4ms) [Parameters=[@__userId_0='?'], CommandType='Text', CommandTimeout='30']
SELECT a0."Name"
FROM "AspNetUserRoles" AS a
INNER JOIN "AspNetRoles" AS a0 ON a."RoleId" = a0."Id"
WHERE a."UserId" = @__userId_0 
2024-10-07 18:17:33.7067||DEBUG|Microsoft.EntityFrameworkCore.Database.Command|Closing data reader to 'smartwms_db' on server 'tcp://localhost:5432'. 
2024-10-07 18:17:33.7068||DEBUG|Microsoft.EntityFrameworkCore.Database.Command|A data reader for 'smartwms_db' on server 'tcp://localhost:5432' is being disposed after spending 0ms reading results. 
2024-10-07 18:17:33.7068||DEBUG|Microsoft.EntityFrameworkCore.Database.Connection|Closing connection to database 'smartwms_db' on server 'tcp://localhost:5432'. 
2024-10-07 18:17:33.7068||DEBUG|Microsoft.EntityFrameworkCore.Database.Connection|Closed connection to database 'smartwms_db' on server 'tcp://localhost:5432' (0ms). 
2024-10-07 18:17:33.7079||DEBUG|Microsoft.EntityFrameworkCore.Database.Connection|Opening connection to database 'smartwms_db' on server 'tcp://localhost:5432'. 
2024-10-07 18:17:33.7079||DEBUG|Microsoft.EntityFrameworkCore.Database.Connection|Opened connection to database 'smartwms_db' on server 'tcp://localhost:5432'. 
2024-10-07 18:17:33.7079||DEBUG|Microsoft.EntityFrameworkCore.Database.Command|Creating DbCommand for 'ExecuteReader'. 
2024-10-07 18:17:33.7079||DEBUG|Microsoft.EntityFrameworkCore.Database.Command|Created DbCommand for 'ExecuteReader' (0ms). 
2024-10-07 18:17:33.7079||DEBUG|Microsoft.EntityFrameworkCore.Database.Command|Initialized DbCommand for 'ExecuteReader' (0ms). 
2024-10-07 18:17:33.7079||DEBUG|Microsoft.EntityFrameworkCore.Database.Command|Executing DbCommand [Parameters=[@__normalizedName_0='?'], CommandType='Text', CommandTimeout='30']
SELECT a."Id", a."ConcurrencyStamp", a."Name", a."NormalizedName"
FROM "AspNetRoles" AS a
WHERE a."NormalizedName" = @__normalizedName_0
LIMIT 1 
2024-10-07 18:17:33.7079||INFO|Microsoft.EntityFrameworkCore.Database.Command|Executed DbCommand (1ms) [Parameters=[@__normalizedName_0='?'], CommandType='Text', CommandTimeout='30']
SELECT a."Id", a."ConcurrencyStamp", a."Name", a."NormalizedName"
FROM "AspNetRoles" AS a
WHERE a."NormalizedName" = @__normalizedName_0
LIMIT 1 
2024-10-07 18:17:33.7079||DEBUG|Microsoft.EntityFrameworkCore.ChangeTracking|Context 'SmartwmsDbContext' started tracking 'IdentityRole' entity. Consider using 'DbContextOptionsBuilder.EnableSensitiveDataLogging' to see key values. 
2024-10-07 18:17:33.7079||DEBUG|Microsoft.EntityFrameworkCore.Database.Command|Closing data reader to 'smartwms_db' on server 'tcp://localhost:5432'. 
2024-10-07 18:17:33.7079||DEBUG|Microsoft.EntityFrameworkCore.Database.Command|A data reader for 'smartwms_db' on server 'tcp://localhost:5432' is being disposed after spending 0ms reading results. 
2024-10-07 18:17:33.7088||DEBUG|Microsoft.EntityFrameworkCore.Database.Connection|Closing connection to database 'smartwms_db' on server 'tcp://localhost:5432'. 
2024-10-07 18:17:33.7088||DEBUG|Microsoft.EntityFrameworkCore.Database.Connection|Closed connection to database 'smartwms_db' on server 'tcp://localhost:5432' (0ms). 
2024-10-07 18:17:33.7105||DEBUG|Microsoft.EntityFrameworkCore.Query|Compiling query expression: 
'DbSet<IdentityRoleClaim<string>>()
    .Where(rc => rc.RoleId.Equals(__role_Id_0))
    .Select(c => new Claim(
        c.ClaimType, 
        c.ClaimValue
    ))' 
2024-10-07 18:17:33.7116||DEBUG|Microsoft.EntityFrameworkCore.Query|Generated query execution expression: 
'queryContext => new SingleQueryingEnumerable<Claim>(
    (RelationalQueryContext)queryContext, 
    RelationalCommandCache.QueryExpression(
        Client Projections:
            0 -> 0
            1 -> 1
        SELECT a.ClaimType, a.ClaimValue
        FROM AspNetRoleClaims AS a
        WHERE a.RoleId == @__role_Id_0), 
    null, 
    Func<QueryContext, DbDataReader, ResultContext, SingleQueryResultCoordinator, Claim>, 
    SmartWMS.Entities.SmartwmsDbContext, 
    False, 
    False, 
    True
)' 
2024-10-07 18:17:33.7116||DEBUG|Microsoft.EntityFrameworkCore.Database.Connection|Opening connection to database 'smartwms_db' on server 'tcp://localhost:5432'. 
2024-10-07 18:17:33.7116||DEBUG|Microsoft.EntityFrameworkCore.Database.Connection|Opened connection to database 'smartwms_db' on server 'tcp://localhost:5432'. 
2024-10-07 18:17:33.7116||DEBUG|Microsoft.EntityFrameworkCore.Database.Command|Creating DbCommand for 'ExecuteReader'. 
2024-10-07 18:17:33.7116||DEBUG|Microsoft.EntityFrameworkCore.Database.Command|Created DbCommand for 'ExecuteReader' (0ms). 
2024-10-07 18:17:33.7116||DEBUG|Microsoft.EntityFrameworkCore.Database.Command|Initialized DbCommand for 'ExecuteReader' (0ms). 
2024-10-07 18:17:33.7116||DEBUG|Microsoft.EntityFrameworkCore.Database.Command|Executing DbCommand [Parameters=[@__role_Id_0='?'], CommandType='Text', CommandTimeout='30']
SELECT a."ClaimType", a."ClaimValue"
FROM "AspNetRoleClaims" AS a
WHERE a."RoleId" = @__role_Id_0 
2024-10-07 18:17:33.7132||INFO|Microsoft.EntityFrameworkCore.Database.Command|Executed DbCommand (1ms) [Parameters=[@__role_Id_0='?'], CommandType='Text', CommandTimeout='30']
SELECT a."ClaimType", a."ClaimValue"
FROM "AspNetRoleClaims" AS a
WHERE a."RoleId" = @__role_Id_0 
2024-10-07 18:17:33.7132||DEBUG|Microsoft.EntityFrameworkCore.Database.Command|Closing data reader to 'smartwms_db' on server 'tcp://localhost:5432'. 
2024-10-07 18:17:33.7132||DEBUG|Microsoft.EntityFrameworkCore.Database.Command|A data reader for 'smartwms_db' on server 'tcp://localhost:5432' is being disposed after spending 0ms reading results. 
2024-10-07 18:17:33.7132||DEBUG|Microsoft.EntityFrameworkCore.Database.Connection|Closing connection to database 'smartwms_db' on server 'tcp://localhost:5432'. 
2024-10-07 18:17:33.7132||DEBUG|Microsoft.EntityFrameworkCore.Database.Connection|Closed connection to database 'smartwms_db' on server 'tcp://localhost:5432' (0ms). 
2024-10-07 18:17:33.7170||DEBUG|Microsoft.AspNetCore.Authentication.Cookies.CookieAuthenticationHandler|AuthenticationScheme: Identity.Application was successfully authenticated. 
2024-10-07 18:17:33.7183||DEBUG|Microsoft.Extensions.DependencyInjection.IdentityServiceCollectionExtensions+CompositeIdentityHandler|AuthenticationScheme: Identity.BearerAndApplication was successfully authenticated. 
2024-10-07 18:17:33.7302||DEBUG|Microsoft.AspNetCore.Authorization.DefaultAuthorizationService|Authorization was successful. 
2024-10-07 18:17:33.7323||INFO|Microsoft.AspNetCore.Routing.EndpointMiddleware|Executing endpoint 'SmartWMS.Controllers.UserController.GetUsersByRole (SmartWMS)' 
2024-10-07 18:17:33.7723||INFO|Microsoft.AspNetCore.Mvc.Infrastructure.ControllerActionInvoker|Route matched with {action = "GetUsersByRole", controller = "User"}. Executing controller action with signature System.Threading.Tasks.Task`1[Microsoft.AspNetCore.Mvc.IActionResult] GetUsersByRole(System.String) on controller SmartWMS.Controllers.UserController (SmartWMS). 
2024-10-07 18:17:33.7740||DEBUG|Microsoft.AspNetCore.Mvc.Infrastructure.ControllerActionInvoker|Execution plan of authorization filters (in the following order): None 
2024-10-07 18:17:33.7740||DEBUG|Microsoft.AspNetCore.Mvc.Infrastructure.ControllerActionInvoker|Execution plan of resource filters (in the following order): None 
2024-10-07 18:17:33.7749||DEBUG|Microsoft.AspNetCore.Mvc.Infrastructure.ControllerActionInvoker|Execution plan of action filters (in the following order): Microsoft.AspNetCore.Mvc.ModelBinding.UnsupportedContentTypeFilter (Order: -3000), Microsoft.AspNetCore.Mvc.Infrastructure.ModelStateInvalidFilter (Order: -2000) 
2024-10-07 18:17:33.7749||DEBUG|Microsoft.AspNetCore.Mvc.Infrastructure.ControllerActionInvoker|Execution plan of exception filters (in the following order): None 
2024-10-07 18:17:33.7760||DEBUG|Microsoft.AspNetCore.Mvc.Infrastructure.ControllerActionInvoker|Execution plan of result filters (in the following order): Microsoft.AspNetCore.Mvc.Infrastructure.ClientErrorResultFilter (Order: -2000) 
2024-10-07 18:17:33.7802||DEBUG|Microsoft.AspNetCore.Mvc.Infrastructure.ControllerActionInvoker|Executing controller factory for controller SmartWMS.Controllers.UserController (SmartWMS) 
2024-10-07 18:17:33.7829||DEBUG|Microsoft.AspNetCore.Mvc.Infrastructure.ControllerActionInvoker|Executed controller factory for controller SmartWMS.Controllers.UserController (SmartWMS) 
2024-10-07 18:17:33.7964||DEBUG|Microsoft.AspNetCore.Mvc.ModelBinding.ParameterBinder|Attempting to bind parameter 'roleName' of type 'System.String' ... 
2024-10-07 18:17:33.8017||DEBUG|Microsoft.AspNetCore.Mvc.ModelBinding.Binders.SimpleTypeModelBinder|Attempting to bind parameter 'roleName' of type 'System.String' using the name '' in request data ... 
2024-10-07 18:17:33.8035||DEBUG|Microsoft.AspNetCore.Mvc.ModelBinding.Binders.SimpleTypeModelBinder|Could not find a value in the request with name '' for binding parameter 'roleName' of type 'System.String'. 
2024-10-07 18:17:33.8035||DEBUG|Microsoft.AspNetCore.Mvc.ModelBinding.Binders.SimpleTypeModelBinder|Done attempting to bind parameter 'roleName' of type 'System.String'. 
2024-10-07 18:17:33.8041||DEBUG|Microsoft.AspNetCore.Mvc.ModelBinding.ParameterBinder|Done attempting to bind parameter 'roleName' of type 'System.String'. 
2024-10-07 18:17:33.8041||DEBUG|Microsoft.AspNetCore.Mvc.ModelBinding.ParameterBinder|Attempting to validate the bound parameter 'roleName' of type 'System.String' ... 
2024-10-07 18:17:33.8105||DEBUG|Microsoft.AspNetCore.Mvc.ModelBinding.ParameterBinder|Done attempting to validate the bound parameter 'roleName' of type 'System.String'. 
2024-10-07 18:17:33.8131||TRACE|Microsoft.AspNetCore.Mvc.Infrastructure.ControllerActionInvoker|Action Filter: Before executing OnActionExecuting on filter Microsoft.AspNetCore.Mvc.ModelBinding.UnsupportedContentTypeFilter. 
2024-10-07 18:17:33.8148||TRACE|Microsoft.AspNetCore.Mvc.Infrastructure.ControllerActionInvoker|Action Filter: After executing OnActionExecuting on filter Microsoft.AspNetCore.Mvc.ModelBinding.UnsupportedContentTypeFilter. 
2024-10-07 18:17:33.8151||TRACE|Microsoft.AspNetCore.Mvc.Infrastructure.ControllerActionInvoker|Action Filter: Before executing OnActionExecuting on filter Microsoft.AspNetCore.Mvc.Infrastructure.ModelStateInvalidFilter. 
2024-10-07 18:17:33.8151||TRACE|Microsoft.AspNetCore.Mvc.Infrastructure.ControllerActionInvoker|Action Filter: After executing OnActionExecuting on filter Microsoft.AspNetCore.Mvc.Infrastructure.ModelStateInvalidFilter. 
2024-10-07 18:17:33.8226||INFO|Microsoft.AspNetCore.Mvc.Infrastructure.ControllerActionInvoker|Executing action method SmartWMS.Controllers.UserController.GetUsersByRole (SmartWMS) - Validation state: Valid 
2024-10-07 18:17:33.8226||TRACE|Microsoft.AspNetCore.Mvc.Infrastructure.ControllerActionInvoker|Executing action method SmartWMS.Controllers.UserController.GetUsersByRole (SmartWMS) with arguments () 
2024-10-07 18:17:33.8279||DEBUG|Microsoft.EntityFrameworkCore.Query|Compiling query expression: 
'DbSet<User>()
    .Where(user => DbSet<IdentityUserRole<string>>()
        .Any(ur => ur.UserId == user.Id))
    .Select(user => new { 
        User = user, 
        RoleId = DbSet<IdentityUserRole<string>>()
            .Where(ur => ur.UserId == user.Id)
            .Select(ur => ur.RoleId)
            .FirstOrDefault()
     })' 
2024-10-07 18:17:33.8534||DEBUG|Microsoft.EntityFrameworkCore.Query|Generated query execution expression: 
'queryContext => new SingleQueryingEnumerable<<>f__AnonymousType28<User, string>>(
    (RelationalQueryContext)queryContext, 
    RelationalCommandCache.QueryExpression(
        Projection Mapping:
            User -> Dictionary<IProperty, int> { [Property: User.Id (string) Required PK AfterSave:Throw, 0], [Property: User.AccessFailedCount (int) Required, 1], [Property: User.ConcurrencyStamp (string) Concurrency, 2], [Property: User.Email (string) MaxLength(256), 3], [Property: User.EmailConfirmed (bool) Required, 4], [Property: User.LockoutEnabled (bool) Required, 5], [Property: User.LockoutEnd (DateTimeOffset?), 6], [Property: User.ManagerId (string) FK Index, 7], [Property: User.NormalizedEmail (string) Index MaxLength(256), 8], [Property: User.NormalizedUserName (string) Index MaxLength(256), 9], [Property: User.PasswordHash (string), 10], [Property: User.PhoneNumber (string), 11], [Property: User.PhoneNumberConfirmed (bool) Required, 12], [Property: User.SecurityStamp (string), 13], [Property: User.TwoFactorEnabled (bool) Required, 14], [Property: User.UserName (string) MaxLength(256), 15], [Property: User.WarehousesWarehouseId (int) Required FK Index, 16] }
            RoleId -> 17
        SELECT u.Id, u.AccessFailedCount, u.ConcurrencyStamp, u.Email, u.EmailConfirmed, u.LockoutEnabled, u.LockoutEnd, u.manager_id, u.NormalizedEmail, u.NormalizedUserName, u.PasswordHash, u.PhoneNumber, u.PhoneNumberConfirmed, u.SecurityStamp, u.TwoFactorEnabled, u.UserName, u.warehouses_warehouse_id, (
            SELECT TOP(1) a0.RoleId
            FROM AspNetUserRoles AS a0
            WHERE a0.UserId == u.Id) AS RoleId
        FROM users AS u
        WHERE EXISTS (
            SELECT 1
            FROM AspNetUserRoles AS a
            WHERE a.UserId == u.Id)), 
    null, 
    Func<QueryContext, DbDataReader, ResultContext, SingleQueryResultCoordinator, <>f__AnonymousType28<User, string>>, 
    SmartWMS.Entities.SmartwmsDbContext, 
    False, 
    False, 
    True
)' 
2024-10-07 18:17:33.8556||DEBUG|Microsoft.EntityFrameworkCore.Database.Connection|Opening connection to database 'smartwms_db' on server 'tcp://localhost:5432'. 
2024-10-07 18:17:33.8556||DEBUG|Microsoft.EntityFrameworkCore.Database.Connection|Opened connection to database 'smartwms_db' on server 'tcp://localhost:5432'. 
2024-10-07 18:17:33.8558||DEBUG|Microsoft.EntityFrameworkCore.Database.Command|Creating DbCommand for 'ExecuteReader'. 
2024-10-07 18:17:33.8558||DEBUG|Microsoft.EntityFrameworkCore.Database.Command|Created DbCommand for 'ExecuteReader' (0ms). 
2024-10-07 18:17:33.8558||DEBUG|Microsoft.EntityFrameworkCore.Database.Command|Initialized DbCommand for 'ExecuteReader' (0ms). 
2024-10-07 18:17:33.8558||DEBUG|Microsoft.EntityFrameworkCore.Database.Command|Executing DbCommand [Parameters=[], CommandType='Text', CommandTimeout='30']
SELECT u."Id", u."AccessFailedCount", u."ConcurrencyStamp", u."Email", u."EmailConfirmed", u."LockoutEnabled", u."LockoutEnd", u.manager_id, u."NormalizedEmail", u."NormalizedUserName", u."PasswordHash", u."PhoneNumber", u."PhoneNumberConfirmed", u."SecurityStamp", u."TwoFactorEnabled", u."UserName", u.warehouses_warehouse_id, (
    SELECT a0."RoleId"
    FROM "AspNetUserRoles" AS a0
    WHERE a0."UserId" = u."Id"
    LIMIT 1) AS "RoleId"
FROM users AS u
WHERE EXISTS (
    SELECT 1
    FROM "AspNetUserRoles" AS a
    WHERE a."UserId" = u."Id") 
2024-10-07 18:17:33.8584||INFO|Microsoft.EntityFrameworkCore.Database.Command|Executed DbCommand (3ms) [Parameters=[], CommandType='Text', CommandTimeout='30']
SELECT u."Id", u."AccessFailedCount", u."ConcurrencyStamp", u."Email", u."EmailConfirmed", u."LockoutEnabled", u."LockoutEnd", u.manager_id, u."NormalizedEmail", u."NormalizedUserName", u."PasswordHash", u."PhoneNumber", u."PhoneNumberConfirmed", u."SecurityStamp", u."TwoFactorEnabled", u."UserName", u.warehouses_warehouse_id, (
    SELECT a0."RoleId"
    FROM "AspNetUserRoles" AS a0
    WHERE a0."UserId" = u."Id"
    LIMIT 1) AS "RoleId"
FROM users AS u
WHERE EXISTS (
    SELECT 1
    FROM "AspNetUserRoles" AS a
    WHERE a."UserId" = u."Id") 
2024-10-07 18:17:33.8584||DEBUG|Microsoft.EntityFrameworkCore.ChangeTracking|Context 'SmartwmsDbContext' started tracking 'User' entity. Consider using 'DbContextOptionsBuilder.EnableSensitiveDataLogging' to see key values. 
2024-10-07 18:17:33.8684||DEBUG|Microsoft.EntityFrameworkCore.ChangeTracking|Context 'SmartwmsDbContext' started tracking 'User' entity. Consider using 'DbContextOptionsBuilder.EnableSensitiveDataLogging' to see key values. 
2024-10-07 18:17:33.8684||DEBUG|Microsoft.EntityFrameworkCore.Database.Command|Closing data reader to 'smartwms_db' on server 'tcp://localhost:5432'. 
2024-10-07 18:17:33.8684||DEBUG|Microsoft.EntityFrameworkCore.Database.Command|A data reader for 'smartwms_db' on server 'tcp://localhost:5432' is being disposed after spending 10ms reading results. 
2024-10-07 18:17:33.8684||DEBUG|Microsoft.EntityFrameworkCore.Database.Connection|Closing connection to database 'smartwms_db' on server 'tcp://localhost:5432'. 
2024-10-07 18:17:33.8684||DEBUG|Microsoft.EntityFrameworkCore.Database.Connection|Closed connection to database 'smartwms_db' on server 'tcp://localhost:5432' (0ms). 
2024-10-07 18:17:33.8695||DEBUG|Microsoft.EntityFrameworkCore.Query|Compiling query expression: 
'DbSet<IdentityRole>()
    .FirstOrDefault(u => u.Id.Equals(__roleId_0))' 
2024-10-07 18:17:33.8710||DEBUG|Microsoft.EntityFrameworkCore.Query|Generated query execution expression: 
'queryContext => ShapedQueryCompilingExpressionVisitor.SingleOrDefaultAsync<IdentityRole>(
    asyncEnumerable: new SingleQueryingEnumerable<IdentityRole>(
        (RelationalQueryContext)queryContext, 
        RelationalCommandCache.QueryExpression(
            Projection Mapping:
                EmptyProjectionMember -> Dictionary<IProperty, int> { [Property: IdentityRole.Id (string) Required PK AfterSave:Throw, 0], [Property: IdentityRole.ConcurrencyStamp (string) Concurrency, 1], [Property: IdentityRole.Name (string) MaxLength(256), 2], [Property: IdentityRole.NormalizedName (string) Index MaxLength(256), 3] }
            SELECT TOP(1) a.Id, a.ConcurrencyStamp, a.Name, a.NormalizedName
            FROM AspNetRoles AS a
            WHERE a.Id == @__roleId_0), 
        null, 
        Func<QueryContext, DbDataReader, ResultContext, SingleQueryResultCoordinator, IdentityRole>, 
        SmartWMS.Entities.SmartwmsDbContext, 
        False, 
        False, 
        True
    ), 
    cancellationToken: queryContext.CancellationToken)' 
2024-10-07 18:17:33.8710||DEBUG|Microsoft.EntityFrameworkCore.Database.Connection|Opening connection to database 'smartwms_db' on server 'tcp://localhost:5432'. 
2024-10-07 18:17:33.8710||DEBUG|Microsoft.EntityFrameworkCore.Database.Connection|Opened connection to database 'smartwms_db' on server 'tcp://localhost:5432'. 
2024-10-07 18:17:33.8710||DEBUG|Microsoft.EntityFrameworkCore.Database.Command|Creating DbCommand for 'ExecuteReader'. 
2024-10-07 18:17:33.8710||DEBUG|Microsoft.EntityFrameworkCore.Database.Command|Created DbCommand for 'ExecuteReader' (0ms). 
2024-10-07 18:17:33.8710||DEBUG|Microsoft.EntityFrameworkCore.Database.Command|Initialized DbCommand for 'ExecuteReader' (0ms). 
2024-10-07 18:17:33.8710||DEBUG|Microsoft.EntityFrameworkCore.Database.Command|Executing DbCommand [Parameters=[@__roleId_0='?'], CommandType='Text', CommandTimeout='30']
SELECT a."Id", a."ConcurrencyStamp", a."Name", a."NormalizedName"
FROM "AspNetRoles" AS a
WHERE a."Id" = @__roleId_0
LIMIT 1 
2024-10-07 18:17:33.8727||INFO|Microsoft.EntityFrameworkCore.Database.Command|Executed DbCommand (2ms) [Parameters=[@__roleId_0='?'], CommandType='Text', CommandTimeout='30']
SELECT a."Id", a."ConcurrencyStamp", a."Name", a."NormalizedName"
FROM "AspNetRoles" AS a
WHERE a."Id" = @__roleId_0
LIMIT 1 
2024-10-07 18:17:33.8728||DEBUG|Microsoft.EntityFrameworkCore.ChangeTracking|Context 'SmartwmsDbContext' started tracking 'IdentityRole' entity. Consider using 'DbContextOptionsBuilder.EnableSensitiveDataLogging' to see key values. 
2024-10-07 18:17:33.8728||DEBUG|Microsoft.EntityFrameworkCore.Database.Command|Closing data reader to 'smartwms_db' on server 'tcp://localhost:5432'. 
2024-10-07 18:17:33.8728||DEBUG|Microsoft.EntityFrameworkCore.Database.Command|A data reader for 'smartwms_db' on server 'tcp://localhost:5432' is being disposed after spending 0ms reading results. 
2024-10-07 18:17:33.8728||DEBUG|Microsoft.EntityFrameworkCore.Database.Connection|Closing connection to database 'smartwms_db' on server 'tcp://localhost:5432'. 
2024-10-07 18:17:33.8728||DEBUG|Microsoft.EntityFrameworkCore.Database.Connection|Closed connection to database 'smartwms_db' on server 'tcp://localhost:5432' (0ms). 
2024-10-07 18:17:33.8728||DEBUG|Microsoft.EntityFrameworkCore.Database.Connection|Opening connection to database 'smartwms_db' on server 'tcp://localhost:5432'. 
2024-10-07 18:17:33.8728||DEBUG|Microsoft.EntityFrameworkCore.Database.Connection|Opened connection to database 'smartwms_db' on server 'tcp://localhost:5432'. 
2024-10-07 18:17:33.8728||DEBUG|Microsoft.EntityFrameworkCore.Database.Command|Creating DbCommand for 'ExecuteReader'. 
2024-10-07 18:17:33.8728||DEBUG|Microsoft.EntityFrameworkCore.Database.Command|Created DbCommand for 'ExecuteReader' (0ms). 
2024-10-07 18:17:33.8728||DEBUG|Microsoft.EntityFrameworkCore.Database.Command|Initialized DbCommand for 'ExecuteReader' (0ms). 
2024-10-07 18:17:33.8728||DEBUG|Microsoft.EntityFrameworkCore.Database.Command|Executing DbCommand [Parameters=[@__roleId_0='?'], CommandType='Text', CommandTimeout='30']
SELECT a."Id", a."ConcurrencyStamp", a."Name", a."NormalizedName"
FROM "AspNetRoles" AS a
WHERE a."Id" = @__roleId_0
LIMIT 1 
2024-10-07 18:17:33.8748||INFO|Microsoft.EntityFrameworkCore.Database.Command|Executed DbCommand (1ms) [Parameters=[@__roleId_0='?'], CommandType='Text', CommandTimeout='30']
SELECT a."Id", a."ConcurrencyStamp", a."Name", a."NormalizedName"
FROM "AspNetRoles" AS a
WHERE a."Id" = @__roleId_0
LIMIT 1 
2024-10-07 18:17:33.8748||DEBUG|Microsoft.EntityFrameworkCore.ChangeTracking|Context 'SmartwmsDbContext' started tracking 'IdentityRole' entity. Consider using 'DbContextOptionsBuilder.EnableSensitiveDataLogging' to see key values. 
2024-10-07 18:17:33.8748||DEBUG|Microsoft.EntityFrameworkCore.Database.Command|Closing data reader to 'smartwms_db' on server 'tcp://localhost:5432'. 
2024-10-07 18:17:33.8748||DEBUG|Microsoft.EntityFrameworkCore.Database.Command|A data reader for 'smartwms_db' on server 'tcp://localhost:5432' is being disposed after spending 0ms reading results. 
2024-10-07 18:17:33.8748||DEBUG|Microsoft.EntityFrameworkCore.Database.Connection|Closing connection to database 'smartwms_db' on server 'tcp://localhost:5432'. 
2024-10-07 18:17:33.8748||DEBUG|Microsoft.EntityFrameworkCore.Database.Connection|Closed connection to database 'smartwms_db' on server 'tcp://localhost:5432' (0ms). 
2024-10-07 18:17:33.8748||DEBUG|Microsoft.EntityFrameworkCore.Database.Connection|Opening connection to database 'smartwms_db' on server 'tcp://localhost:5432'. 
2024-10-07 18:17:33.8748||DEBUG|Microsoft.EntityFrameworkCore.Database.Connection|Opened connection to database 'smartwms_db' on server 'tcp://localhost:5432'. 
2024-10-07 18:17:33.8748||DEBUG|Microsoft.EntityFrameworkCore.Database.Command|Creating DbCommand for 'ExecuteReader'. 
2024-10-07 18:17:33.8748||DEBUG|Microsoft.EntityFrameworkCore.Database.Command|Created DbCommand for 'ExecuteReader' (0ms). 
2024-10-07 18:17:33.8748||DEBUG|Microsoft.EntityFrameworkCore.Database.Command|Initialized DbCommand for 'ExecuteReader' (0ms). 
2024-10-07 18:17:33.8748||DEBUG|Microsoft.EntityFrameworkCore.Database.Command|Executing DbCommand [Parameters=[@__roleId_0='?'], CommandType='Text', CommandTimeout='30']
SELECT a."Id", a."ConcurrencyStamp", a."Name", a."NormalizedName"
FROM "AspNetRoles" AS a
WHERE a."Id" = @__roleId_0
LIMIT 1 
2024-10-07 18:17:33.8760||INFO|Microsoft.EntityFrameworkCore.Database.Command|Executed DbCommand (1ms) [Parameters=[@__roleId_0='?'], CommandType='Text', CommandTimeout='30']
SELECT a."Id", a."ConcurrencyStamp", a."Name", a."NormalizedName"
FROM "AspNetRoles" AS a
WHERE a."Id" = @__roleId_0
LIMIT 1 
2024-10-07 18:17:33.8760||DEBUG|Microsoft.EntityFrameworkCore.Database.Command|Closing data reader to 'smartwms_db' on server 'tcp://localhost:5432'. 
2024-10-07 18:17:33.8760||DEBUG|Microsoft.EntityFrameworkCore.Database.Command|A data reader for 'smartwms_db' on server 'tcp://localhost:5432' is being disposed after spending 0ms reading results. 
2024-10-07 18:17:33.8760||DEBUG|Microsoft.EntityFrameworkCore.Database.Connection|Closing connection to database 'smartwms_db' on server 'tcp://localhost:5432'. 
2024-10-07 18:17:33.8760||DEBUG|Microsoft.EntityFrameworkCore.Database.Connection|Closed connection to database 'smartwms_db' on server 'tcp://localhost:5432' (0ms). 
2024-10-07 18:17:33.8760||INFO|SmartWMS.Controllers.UserController|Fetching users with specified role 
2024-10-07 18:17:33.8808||INFO|Microsoft.AspNetCore.Mvc.Infrastructure.ControllerActionInvoker|Executed action method SmartWMS.Controllers.UserController.GetUsersByRole (SmartWMS), returned result Microsoft.AspNetCore.Mvc.OkObjectResult in 54.9244ms. 
2024-10-07 18:17:33.8826||TRACE|Microsoft.AspNetCore.Mvc.Infrastructure.ControllerActionInvoker|Action Filter: Before executing OnActionExecuted on filter Microsoft.AspNetCore.Mvc.Infrastructure.ModelStateInvalidFilter. 
2024-10-07 18:17:33.8829||TRACE|Microsoft.AspNetCore.Mvc.Infrastructure.ControllerActionInvoker|Action Filter: After executing OnActionExecuted on filter Microsoft.AspNetCore.Mvc.Infrastructure.ModelStateInvalidFilter. 
2024-10-07 18:17:33.8829||TRACE|Microsoft.AspNetCore.Mvc.Infrastructure.ControllerActionInvoker|Action Filter: Before executing OnActionExecuted on filter Microsoft.AspNetCore.Mvc.ModelBinding.UnsupportedContentTypeFilter. 
2024-10-07 18:17:33.8829||TRACE|Microsoft.AspNetCore.Mvc.Infrastructure.ControllerActionInvoker|Action Filter: After executing OnActionExecuted on filter Microsoft.AspNetCore.Mvc.ModelBinding.UnsupportedContentTypeFilter. 
2024-10-07 18:17:33.8854||TRACE|Microsoft.AspNetCore.Mvc.Infrastructure.ControllerActionInvoker|Result Filter: Before executing OnResultExecuting on filter Microsoft.AspNetCore.Mvc.Infrastructure.ClientErrorResultFilter. 
2024-10-07 18:17:33.8858||TRACE|Microsoft.AspNetCore.Mvc.Infrastructure.ControllerActionInvoker|Result Filter: After executing OnResultExecuting on filter Microsoft.AspNetCore.Mvc.Infrastructure.ClientErrorResultFilter. 
2024-10-07 18:17:33.8874||TRACE|Microsoft.AspNetCore.Mvc.Infrastructure.ControllerActionInvoker|Before executing action result Microsoft.AspNetCore.Mvc.OkObjectResult. 
2024-10-07 18:17:33.8918||DEBUG|Microsoft.AspNetCore.Mvc.Infrastructure.DefaultOutputFormatterSelector|List of registered output formatters, in the following order: Microsoft.AspNetCore.Mvc.Formatters.HttpNoContentOutputFormatter, Microsoft.AspNetCore.Mvc.Formatters.StringOutputFormatter, Microsoft.AspNetCore.Mvc.Formatters.StreamOutputFormatter, Microsoft.AspNetCore.Mvc.Formatters.SystemTextJsonOutputFormatter 
2024-10-07 18:17:33.8953||DEBUG|Microsoft.AspNetCore.Mvc.Infrastructure.DefaultOutputFormatterSelector|No information found on request to perform content negotiation. 
2024-10-07 18:17:33.8953||DEBUG|Microsoft.AspNetCore.Mvc.Infrastructure.DefaultOutputFormatterSelector|Attempting to select an output formatter without using a content type as no explicit content types were specified for the response. 
2024-10-07 18:17:33.8953||DEBUG|Microsoft.AspNetCore.Mvc.Infrastructure.DefaultOutputFormatterSelector|Attempting to select the first formatter in the output formatters list which can write the result. 
2024-10-07 18:17:33.8973||DEBUG|Microsoft.AspNetCore.Mvc.Infrastructure.DefaultOutputFormatterSelector|Selected output formatter 'Microsoft.AspNetCore.Mvc.Formatters.SystemTextJsonOutputFormatter' and content type 'application/json' to write the response. 
2024-10-07 18:17:33.8973||INFO|Microsoft.AspNetCore.Mvc.Infrastructure.ObjectResultExecutor|Executing OkObjectResult, writing value of type 'System.Collections.Generic.List`1[[SmartWMS.Models.DTOs.UserDto, SmartWMS, Version=1.0.0.0, Culture=neutral, PublicKeyToken=null]]'. 
2024-10-07 18:17:33.9110||TRACE|Microsoft.AspNetCore.DataProtection.KeyManagement.KeyRingBasedDataProtector|Performing protect operation to key {0ffb32d9-8013-4a53-b6ea-d73a13adc424} with purposes ('/Users/kamilsadowski/RiderProjects/SmartWMS/', 'Microsoft.AspNetCore.Authentication.Cookies.CookieAuthenticationMiddleware', 'Identity.Application', 'v2'). 
2024-10-07 18:17:33.9255||TRACE|Microsoft.AspNetCore.Mvc.Infrastructure.ControllerActionInvoker|After executing action result Microsoft.AspNetCore.Mvc.OkObjectResult. 
2024-10-07 18:17:33.9259||TRACE|Microsoft.AspNetCore.Mvc.Infrastructure.ControllerActionInvoker|Result Filter: Before executing OnResultExecuted on filter Microsoft.AspNetCore.Mvc.Infrastructure.ClientErrorResultFilter. 
2024-10-07 18:17:33.9259||TRACE|Microsoft.AspNetCore.Mvc.Infrastructure.ControllerActionInvoker|Result Filter: After executing OnResultExecuted on filter Microsoft.AspNetCore.Mvc.Infrastructure.ClientErrorResultFilter. 
2024-10-07 18:17:33.9305||INFO|Microsoft.AspNetCore.Mvc.Infrastructure.ControllerActionInvoker|Executed action SmartWMS.Controllers.UserController.GetUsersByRole (SmartWMS) in 151.2418ms 
2024-10-07 18:17:33.9312||INFO|Microsoft.AspNetCore.Routing.EndpointMiddleware|Executed endpoint 'SmartWMS.Controllers.UserController.GetUsersByRole (SmartWMS)' 
2024-10-07 18:17:33.9333||DEBUG|Microsoft.AspNetCore.Server.Kestrel.Connections|Connection id "0HN76TE36HSNU" completed keep alive response. 
2024-10-07 18:17:33.9340||DEBUG|Microsoft.EntityFrameworkCore.Infrastructure|'SmartwmsDbContext' disposed. 
2024-10-07 18:17:33.9360||DEBUG|Microsoft.EntityFrameworkCore.Database.Connection|Disposing connection to database 'smartwms_db' on server 'tcp://localhost:5432'. 
2024-10-07 18:17:33.9360||DEBUG|Microsoft.EntityFrameworkCore.Database.Connection|Disposed connection to database 'smartwms_db' on server 'tcp://localhost:5432' (0ms). 
2024-10-07 18:17:33.9369||INFO|Microsoft.AspNetCore.Hosting.Diagnostics|Request finished HTTP/1.1 GET http://localhost:5236/api/User/getUsersByRole - 200 - application/json;+charset=utf-8 362.2501ms 
2024-10-07 18:17:54.1720||DEBUG|Microsoft.AspNetCore.Server.Kestrel.Transport.Sockets|Connection id "0HN76TE36HSNV" received FIN. 
2024-10-07 18:17:54.1731||DEBUG|Microsoft.AspNetCore.Server.Kestrel.Transport.Sockets|Connection id "0HN76TE36HSNV" sending FIN because: "The Socket transport's send loop completed gracefully." 
2024-10-07 18:17:54.1751||DEBUG|Microsoft.AspNetCore.Server.Kestrel.Connections|Connection id "0HN76TE36HSNV" disconnecting. 
2024-10-07 18:17:54.1777||DEBUG|Microsoft.AspNetCore.Server.Kestrel.Connections|Connection id "0HN76TE36HSNV" stopped. 
2024-10-07 18:18:24.7912||DEBUG|Microsoft.AspNetCore.Server.Kestrel.Transport.Sockets|Connection id "0HN76TE36HSNU" received FIN. 
2024-10-07 18:18:24.7923||DEBUG|Microsoft.AspNetCore.Server.Kestrel.Transport.Sockets|Connection id "0HN76TE36HSNU" sending FIN because: "The Socket transport's send loop completed gracefully." 
2024-10-07 18:18:24.7923||DEBUG|Microsoft.AspNetCore.Server.Kestrel.Connections|Connection id "0HN76TE36HSNU" disconnecting. 
2024-10-07 18:18:24.7947||DEBUG|Microsoft.AspNetCore.Server.Kestrel.Connections|Connection id "0HN76TE36HSNU" stopped. 
2024-10-07 21:26:58.7473||INFO|Microsoft.Hosting.Lifetime|Application is shutting down... 
2024-10-07 21:26:58.7510||DEBUG|Microsoft.Extensions.Hosting.Internal.Host|Hosting stopping 
2024-10-07 21:26:58.7740||DEBUG|Microsoft.Extensions.Hosting.Internal.Host|Hosting stopped 
