2024-08-24 22:07:01.1122||DEBUG|SmartWMS.Program|init main 
2024-08-24 22:07:01.4043||DEBUG|Microsoft.EntityFrameworkCore.Infrastructure|An 'IServiceProvider' was created for internal use by Entity Framework. 
2024-08-24 22:07:01.7276||DEBUG|Microsoft.EntityFrameworkCore.Model|The index {'UserId'} was not created on entity type 'IdentityUserRole<string>' as the properties are already covered by the index {'UserId', 'RoleId'}. 
2024-08-24 22:07:01.7288||DEBUG|Microsoft.EntityFrameworkCore.Model|The index {'UserId'} was not created on entity type 'IdentityUserToken<string>' as the properties are already covered by the index {'UserId', 'LoginProvider', 'Name'}. 
2024-08-24 22:07:01.7288||DEBUG|Microsoft.EntityFrameworkCore.Model|The index {'ProductsProductId'} was not created on entity type 'ProductsHasTask' as the properties are already covered by the index {'ProductsProductId', 'TasksTaskId'}. 
2024-08-24 22:07:01.7288||DEBUG|Microsoft.EntityFrameworkCore.Model|The index {'UsersUserId'} was not created on entity type 'UsersHasTask' as the properties are already covered by the index {'UsersUserId', 'TasksTaskId'}. 
2024-08-24 22:07:01.8946||DEBUG|Microsoft.EntityFrameworkCore.Infrastructure|Entity Framework Core 8.0.8 initialized 'SmartwmsDbContext' using provider 'Npgsql.EntityFrameworkCore.PostgreSQL:8.0.4+51faf6e9c9c7ef99c3e98d98a96adb8fa8ae4553' with options: None 
2024-08-24 22:07:01.9184||DEBUG|Microsoft.EntityFrameworkCore.Query|Compiling query expression: 
'DbSet<IdentityRole>()
    .FirstOrDefault(r => r.NormalizedName == __normalizedName_0)' 
2024-08-24 22:07:02.0049||DEBUG|Microsoft.EntityFrameworkCore.Query|Generated query execution expression: 
'queryContext => ShapedQueryCompilingExpressionVisitor.SingleOrDefaultAsync<IdentityRole>(
    asyncEnumerable: new SingleQueryingEnumerable<IdentityRole>(
        (RelationalQueryContext)queryContext, 
        RelationalCommandCache.QueryExpression(
            Projection Mapping:
                EmptyProjectionMember -> Dictionary<IProperty, int> { [Property: IdentityRole.Id (string) Required PK AfterSave:Throw, 0], [Property: IdentityRole.ConcurrencyStamp (string) Concurrency, 1], [Property: IdentityRole.Name (string) MaxLength(256), 2], [Property: IdentityRole.NormalizedName (string) Index MaxLength(256), 3] }
            SELECT TOP(1) a.Id, a.ConcurrencyStamp, a.Name, a.NormalizedName
            FROM AspNetRoles AS a
            WHERE a.NormalizedName == @__normalizedName_0), 
        null, 
        Func<QueryContext, DbDataReader, ResultContext, SingleQueryResultCoordinator, IdentityRole>, 
        SmartWMS.Models.SmartwmsDbContext, 
        False, 
        False, 
        True
    ), 
    cancellationToken: queryContext.CancellationToken)' 
2024-08-24 22:07:02.0251||DEBUG|Microsoft.EntityFrameworkCore.Database.Connection|Creating DbConnection. 
2024-08-24 22:07:02.0279||DEBUG|Microsoft.EntityFrameworkCore.Database.Connection|Created DbConnection. (2ms). 
2024-08-24 22:07:02.0293||DEBUG|Microsoft.EntityFrameworkCore.Database.Connection|Opening connection to database 'smartwms_db' on server 'tcp://localhost:5432'. 
2024-08-24 22:07:02.0560||ERROR|Microsoft.EntityFrameworkCore.Database.Connection|An error occurred using the connection to database 'smartwms_db' on server 'tcp://localhost:5432'. 
2024-08-24 22:07:02.0675||ERROR|Microsoft.EntityFrameworkCore.Query|An exception occurred while iterating over the results of a query for context type 'SmartWMS.Models.SmartwmsDbContext'.
System.InvalidOperationException: An exception has been raised that is likely due to a transient failure.
 ---> Npgsql.NpgsqlException (0x80004005): Failed to connect to 127.0.0.1:5432
 ---> System.Net.Sockets.SocketException (61): Connection refused
   at System.Net.Sockets.Socket.AwaitableSocketAsyncEventArgs.ThrowException(SocketError error, CancellationToken cancellationToken)
   at System.Net.Sockets.Socket.AwaitableSocketAsyncEventArgs.System.Threading.Tasks.Sources.IValueTaskSource.GetResult(Int16 token)
   at System.Net.Sockets.Socket.<ConnectAsync>g__WaitForConnectWithCancellation|285_0(AwaitableSocketAsyncEventArgs saea, ValueTask connectTask, CancellationToken cancellationToken)
   at Npgsql.TaskTimeoutAndCancellation.ExecuteAsync(Func`2 getTaskFunc, NpgsqlTimeout timeout, CancellationToken cancellationToken)
   at Npgsql.Internal.NpgsqlConnector.ConnectAsync(NpgsqlTimeout timeout, CancellationToken cancellationToken)
   at Npgsql.Internal.NpgsqlConnector.ConnectAsync(NpgsqlTimeout timeout, CancellationToken cancellationToken)
   at Npgsql.Internal.NpgsqlConnector.RawOpen(SslMode sslMode, NpgsqlTimeout timeout, Boolean async, CancellationToken cancellationToken, Boolean isFirstAttempt)
   at Npgsql.Internal.NpgsqlConnector.<Open>g__OpenCore|213_1(NpgsqlConnector conn, SslMode sslMode, NpgsqlTimeout timeout, Boolean async, CancellationToken cancellationToken, Boolean isFirstAttempt)
   at Npgsql.Internal.NpgsqlConnector.Open(NpgsqlTimeout timeout, Boolean async, CancellationToken cancellationToken)
   at Npgsql.PoolingDataSource.OpenNewConnector(NpgsqlConnection conn, NpgsqlTimeout timeout, Boolean async, CancellationToken cancellationToken)
   at Npgsql.PoolingDataSource.<Get>g__RentAsync|34_0(NpgsqlConnection conn, NpgsqlTimeout timeout, Boolean async, CancellationToken cancellationToken)
   at Npgsql.NpgsqlConnection.<Open>g__OpenAsync|42_0(Boolean async, CancellationToken cancellationToken)
   at Microsoft.EntityFrameworkCore.Storage.RelationalConnection.OpenInternalAsync(Boolean errorsExpected, CancellationToken cancellationToken)
   at Microsoft.EntityFrameworkCore.Storage.RelationalConnection.OpenInternalAsync(Boolean errorsExpected, CancellationToken cancellationToken)
   at Microsoft.EntityFrameworkCore.Storage.RelationalConnection.OpenAsync(CancellationToken cancellationToken, Boolean errorsExpected)
   at Microsoft.EntityFrameworkCore.Storage.RelationalCommand.ExecuteReaderAsync(RelationalCommandParameterObject parameterObject, CancellationToken cancellationToken)
   at Microsoft.EntityFrameworkCore.Query.Internal.SingleQueryingEnumerable`1.AsyncEnumerator.InitializeReaderAsync(AsyncEnumerator enumerator, CancellationToken cancellationToken)
   at Npgsql.EntityFrameworkCore.PostgreSQL.Storage.Internal.NpgsqlExecutionStrategy.ExecuteAsync[TState,TResult](TState state, Func`4 operation, Func`4 verifySucceeded, CancellationToken cancellationToken)
   --- End of inner exception stack trace ---
   at Npgsql.EntityFrameworkCore.PostgreSQL.Storage.Internal.NpgsqlExecutionStrategy.ExecuteAsync[TState,TResult](TState state, Func`4 operation, Func`4 verifySucceeded, CancellationToken cancellationToken)
   at Microsoft.EntityFrameworkCore.Query.Internal.SingleQueryingEnumerable`1.AsyncEnumerator.MoveNextAsync() System.InvalidOperationException: An exception has been raised that is likely due to a transient failure.
 ---> Npgsql.NpgsqlException (0x80004005): Failed to connect to 127.0.0.1:5432
 ---> System.Net.Sockets.SocketException (61): Connection refused
   at System.Net.Sockets.Socket.AwaitableSocketAsyncEventArgs.ThrowException(SocketError error, CancellationToken cancellationToken)
   at System.Net.Sockets.Socket.AwaitableSocketAsyncEventArgs.System.Threading.Tasks.Sources.IValueTaskSource.GetResult(Int16 token)
   at System.Net.Sockets.Socket.<ConnectAsync>g__WaitForConnectWithCancellation|285_0(AwaitableSocketAsyncEventArgs saea, ValueTask connectTask, CancellationToken cancellationToken)
   at Npgsql.TaskTimeoutAndCancellation.ExecuteAsync(Func`2 getTaskFunc, NpgsqlTimeout timeout, CancellationToken cancellationToken)
   at Npgsql.Internal.NpgsqlConnector.ConnectAsync(NpgsqlTimeout timeout, CancellationToken cancellationToken)
   at Npgsql.Internal.NpgsqlConnector.ConnectAsync(NpgsqlTimeout timeout, CancellationToken cancellationToken)
   at Npgsql.Internal.NpgsqlConnector.RawOpen(SslMode sslMode, NpgsqlTimeout timeout, Boolean async, CancellationToken cancellationToken, Boolean isFirstAttempt)
   at Npgsql.Internal.NpgsqlConnector.<Open>g__OpenCore|213_1(NpgsqlConnector conn, SslMode sslMode, NpgsqlTimeout timeout, Boolean async, CancellationToken cancellationToken, Boolean isFirstAttempt)
   at Npgsql.Internal.NpgsqlConnector.Open(NpgsqlTimeout timeout, Boolean async, CancellationToken cancellationToken)
   at Npgsql.PoolingDataSource.OpenNewConnector(NpgsqlConnection conn, NpgsqlTimeout timeout, Boolean async, CancellationToken cancellationToken)
   at Npgsql.PoolingDataSource.<Get>g__RentAsync|34_0(NpgsqlConnection conn, NpgsqlTimeout timeout, Boolean async, CancellationToken cancellationToken)
   at Npgsql.NpgsqlConnection.<Open>g__OpenAsync|42_0(Boolean async, CancellationToken cancellationToken)
   at Microsoft.EntityFrameworkCore.Storage.RelationalConnection.OpenInternalAsync(Boolean errorsExpected, CancellationToken cancellationToken)
   at Microsoft.EntityFrameworkCore.Storage.RelationalConnection.OpenInternalAsync(Boolean errorsExpected, CancellationToken cancellationToken)
   at Microsoft.EntityFrameworkCore.Storage.RelationalConnection.OpenAsync(CancellationToken cancellationToken, Boolean errorsExpected)
   at Microsoft.EntityFrameworkCore.Storage.RelationalCommand.ExecuteReaderAsync(RelationalCommandParameterObject parameterObject, CancellationToken cancellationToken)
   at Microsoft.EntityFrameworkCore.Query.Internal.SingleQueryingEnumerable`1.AsyncEnumerator.InitializeReaderAsync(AsyncEnumerator enumerator, CancellationToken cancellationToken)
   at Npgsql.EntityFrameworkCore.PostgreSQL.Storage.Internal.NpgsqlExecutionStrategy.ExecuteAsync[TState,TResult](TState state, Func`4 operation, Func`4 verifySucceeded, CancellationToken cancellationToken)
   --- End of inner exception stack trace ---
   at Npgsql.EntityFrameworkCore.PostgreSQL.Storage.Internal.NpgsqlExecutionStrategy.ExecuteAsync[TState,TResult](TState state, Func`4 operation, Func`4 verifySucceeded, CancellationToken cancellationToken)
   at Microsoft.EntityFrameworkCore.Query.Internal.SingleQueryingEnumerable`1.AsyncEnumerator.MoveNextAsync()
2024-08-24 22:07:02.0790||DEBUG|Microsoft.EntityFrameworkCore.Infrastructure|'SmartwmsDbContext' disposed. 
2024-08-24 22:07:02.0811||DEBUG|Microsoft.EntityFrameworkCore.Database.Connection|Disposing connection to database 'smartwms_db' on server 'tcp://localhost:5432'. 
2024-08-24 22:07:02.0856||DEBUG|Microsoft.EntityFrameworkCore.Database.Connection|Disposed connection to database 'smartwms_db' on server 'tcp://localhost:5432' (0ms). 
2024-08-24 22:07:02.0865||ERROR|SmartWMS.Program|Stopped program because of exception System.InvalidOperationException: An exception has been raised that is likely due to a transient failure.
 ---> Npgsql.NpgsqlException (0x80004005): Failed to connect to 127.0.0.1:5432
 ---> System.Net.Sockets.SocketException (61): Connection refused
   at System.Net.Sockets.Socket.AwaitableSocketAsyncEventArgs.ThrowException(SocketError error, CancellationToken cancellationToken)
   at System.Net.Sockets.Socket.AwaitableSocketAsyncEventArgs.System.Threading.Tasks.Sources.IValueTaskSource.GetResult(Int16 token)
   at System.Net.Sockets.Socket.<ConnectAsync>g__WaitForConnectWithCancellation|285_0(AwaitableSocketAsyncEventArgs saea, ValueTask connectTask, CancellationToken cancellationToken)
   at Npgsql.TaskTimeoutAndCancellation.ExecuteAsync(Func`2 getTaskFunc, NpgsqlTimeout timeout, CancellationToken cancellationToken)
   at Npgsql.Internal.NpgsqlConnector.ConnectAsync(NpgsqlTimeout timeout, CancellationToken cancellationToken)
   at Npgsql.Internal.NpgsqlConnector.ConnectAsync(NpgsqlTimeout timeout, CancellationToken cancellationToken)
   at Npgsql.Internal.NpgsqlConnector.RawOpen(SslMode sslMode, NpgsqlTimeout timeout, Boolean async, CancellationToken cancellationToken, Boolean isFirstAttempt)
   at Npgsql.Internal.NpgsqlConnector.<Open>g__OpenCore|213_1(NpgsqlConnector conn, SslMode sslMode, NpgsqlTimeout timeout, Boolean async, CancellationToken cancellationToken, Boolean isFirstAttempt)
   at Npgsql.Internal.NpgsqlConnector.Open(NpgsqlTimeout timeout, Boolean async, CancellationToken cancellationToken)
   at Npgsql.PoolingDataSource.OpenNewConnector(NpgsqlConnection conn, NpgsqlTimeout timeout, Boolean async, CancellationToken cancellationToken)
   at Npgsql.PoolingDataSource.<Get>g__RentAsync|34_0(NpgsqlConnection conn, NpgsqlTimeout timeout, Boolean async, CancellationToken cancellationToken)
   at Npgsql.NpgsqlConnection.<Open>g__OpenAsync|42_0(Boolean async, CancellationToken cancellationToken)
   at Microsoft.EntityFrameworkCore.Storage.RelationalConnection.OpenInternalAsync(Boolean errorsExpected, CancellationToken cancellationToken)
   at Microsoft.EntityFrameworkCore.Storage.RelationalConnection.OpenInternalAsync(Boolean errorsExpected, CancellationToken cancellationToken)
   at Microsoft.EntityFrameworkCore.Storage.RelationalConnection.OpenAsync(CancellationToken cancellationToken, Boolean errorsExpected)
   at Microsoft.EntityFrameworkCore.Storage.RelationalCommand.ExecuteReaderAsync(RelationalCommandParameterObject parameterObject, CancellationToken cancellationToken)
   at Microsoft.EntityFrameworkCore.Query.Internal.SingleQueryingEnumerable`1.AsyncEnumerator.InitializeReaderAsync(AsyncEnumerator enumerator, CancellationToken cancellationToken)
   at Npgsql.EntityFrameworkCore.PostgreSQL.Storage.Internal.NpgsqlExecutionStrategy.ExecuteAsync[TState,TResult](TState state, Func`4 operation, Func`4 verifySucceeded, CancellationToken cancellationToken)
   --- End of inner exception stack trace ---
   at Npgsql.EntityFrameworkCore.PostgreSQL.Storage.Internal.NpgsqlExecutionStrategy.ExecuteAsync[TState,TResult](TState state, Func`4 operation, Func`4 verifySucceeded, CancellationToken cancellationToken)
   at Microsoft.EntityFrameworkCore.Query.Internal.SingleQueryingEnumerable`1.AsyncEnumerator.MoveNextAsync()
   at Microsoft.EntityFrameworkCore.Query.ShapedQueryCompilingExpressionVisitor.SingleOrDefaultAsync[TSource](IAsyncEnumerable`1 asyncEnumerable, CancellationToken cancellationToken)
   at Microsoft.EntityFrameworkCore.Query.ShapedQueryCompilingExpressionVisitor.SingleOrDefaultAsync[TSource](IAsyncEnumerable`1 asyncEnumerable, CancellationToken cancellationToken)
   at Microsoft.AspNetCore.Identity.RoleManager`1.RoleExistsAsync(String roleName)
   at Program.<Main>$(String[] args) in /Users/kamilsadowski/RiderProjects/SmartWMS/Program.cs:line 88
2024-08-24 22:08:12.8900||DEBUG|SmartWMS.Program|init main 
2024-08-24 22:08:13.1314||DEBUG|Microsoft.EntityFrameworkCore.Infrastructure|An 'IServiceProvider' was created for internal use by Entity Framework. 
2024-08-24 22:08:13.5755||DEBUG|Microsoft.EntityFrameworkCore.Model|The index {'UserId'} was not created on entity type 'IdentityUserRole<string>' as the properties are already covered by the index {'UserId', 'RoleId'}. 
2024-08-24 22:08:13.5768||DEBUG|Microsoft.EntityFrameworkCore.Model|The index {'UserId'} was not created on entity type 'IdentityUserToken<string>' as the properties are already covered by the index {'UserId', 'LoginProvider', 'Name'}. 
2024-08-24 22:08:13.5768||DEBUG|Microsoft.EntityFrameworkCore.Model|The index {'ProductsProductId'} was not created on entity type 'ProductsHasTask' as the properties are already covered by the index {'ProductsProductId', 'TasksTaskId'}. 
2024-08-24 22:08:13.5768||DEBUG|Microsoft.EntityFrameworkCore.Model|The index {'UsersUserId'} was not created on entity type 'UsersHasTask' as the properties are already covered by the index {'UsersUserId', 'TasksTaskId'}. 
2024-08-24 22:08:13.7411||DEBUG|Microsoft.EntityFrameworkCore.Infrastructure|Entity Framework Core 8.0.8 initialized 'SmartwmsDbContext' using provider 'Npgsql.EntityFrameworkCore.PostgreSQL:8.0.4+51faf6e9c9c7ef99c3e98d98a96adb8fa8ae4553' with options: None 
2024-08-24 22:08:13.7637||DEBUG|Microsoft.EntityFrameworkCore.Query|Compiling query expression: 
'DbSet<IdentityRole>()
    .FirstOrDefault(r => r.NormalizedName == __normalizedName_0)' 
2024-08-24 22:08:13.8499||DEBUG|Microsoft.EntityFrameworkCore.Query|Generated query execution expression: 
'queryContext => ShapedQueryCompilingExpressionVisitor.SingleOrDefaultAsync<IdentityRole>(
    asyncEnumerable: new SingleQueryingEnumerable<IdentityRole>(
        (RelationalQueryContext)queryContext, 
        RelationalCommandCache.QueryExpression(
            Projection Mapping:
                EmptyProjectionMember -> Dictionary<IProperty, int> { [Property: IdentityRole.Id (string) Required PK AfterSave:Throw, 0], [Property: IdentityRole.ConcurrencyStamp (string) Concurrency, 1], [Property: IdentityRole.Name (string) MaxLength(256), 2], [Property: IdentityRole.NormalizedName (string) Index MaxLength(256), 3] }
            SELECT TOP(1) a.Id, a.ConcurrencyStamp, a.Name, a.NormalizedName
            FROM AspNetRoles AS a
            WHERE a.NormalizedName == @__normalizedName_0), 
        null, 
        Func<QueryContext, DbDataReader, ResultContext, SingleQueryResultCoordinator, IdentityRole>, 
        SmartWMS.Models.SmartwmsDbContext, 
        False, 
        False, 
        True
    ), 
    cancellationToken: queryContext.CancellationToken)' 
2024-08-24 22:08:13.8707||DEBUG|Microsoft.EntityFrameworkCore.Database.Connection|Creating DbConnection. 
2024-08-24 22:08:13.8738||DEBUG|Microsoft.EntityFrameworkCore.Database.Connection|Created DbConnection. (1ms). 
2024-08-24 22:08:13.8754||DEBUG|Microsoft.EntityFrameworkCore.Database.Connection|Opening connection to database 'smartwms_db' on server 'tcp://localhost:5432'. 
2024-08-24 22:08:13.9762||DEBUG|Microsoft.EntityFrameworkCore.Database.Connection|Opened connection to database 'smartwms_db' on server 'tcp://localhost:5432'. 
2024-08-24 22:08:13.9831||DEBUG|Microsoft.EntityFrameworkCore.Database.Command|Creating DbCommand for 'ExecuteReader'. 
2024-08-24 22:08:13.9871||DEBUG|Microsoft.EntityFrameworkCore.Database.Command|Created DbCommand for 'ExecuteReader' (4ms). 
2024-08-24 22:08:13.9925||DEBUG|Microsoft.EntityFrameworkCore.Database.Command|Initialized DbCommand for 'ExecuteReader' (12ms). 
2024-08-24 22:08:13.9980||DEBUG|Microsoft.EntityFrameworkCore.Database.Command|Executing DbCommand [Parameters=[@__normalizedName_0='?'], CommandType='Text', CommandTimeout='30']
SELECT a."Id", a."ConcurrencyStamp", a."Name", a."NormalizedName"
FROM "AspNetRoles" AS a
WHERE a."NormalizedName" = @__normalizedName_0
LIMIT 1 
2024-08-24 22:08:14.0564||INFO|Microsoft.EntityFrameworkCore.Database.Command|Executed DbCommand (60ms) [Parameters=[@__normalizedName_0='?'], CommandType='Text', CommandTimeout='30']
SELECT a."Id", a."ConcurrencyStamp", a."Name", a."NormalizedName"
FROM "AspNetRoles" AS a
WHERE a."NormalizedName" = @__normalizedName_0
LIMIT 1 
2024-08-24 22:08:14.0841||DEBUG|Microsoft.EntityFrameworkCore.ChangeTracking|Context 'SmartwmsDbContext' started tracking 'IdentityRole' entity. Consider using 'DbContextOptionsBuilder.EnableSensitiveDataLogging' to see key values. 
2024-08-24 22:08:14.0944||DEBUG|Microsoft.EntityFrameworkCore.Database.Command|Closing data reader to 'smartwms_db' on server 'tcp://localhost:5432'. 
2024-08-24 22:08:14.0996||DEBUG|Microsoft.EntityFrameworkCore.Database.Command|A data reader for 'smartwms_db' on server 'tcp://localhost:5432' is being disposed after spending 39ms reading results. 
2024-08-24 22:08:14.1023||DEBUG|Microsoft.EntityFrameworkCore.Database.Connection|Closing connection to database 'smartwms_db' on server 'tcp://localhost:5432'. 
2024-08-24 22:08:14.1050||DEBUG|Microsoft.EntityFrameworkCore.Database.Connection|Closed connection to database 'smartwms_db' on server 'tcp://localhost:5432' (2ms). 
2024-08-24 22:08:14.1071||DEBUG|Microsoft.EntityFrameworkCore.Database.Connection|Opening connection to database 'smartwms_db' on server 'tcp://localhost:5432'. 
2024-08-24 22:08:14.1071||DEBUG|Microsoft.EntityFrameworkCore.Database.Connection|Opened connection to database 'smartwms_db' on server 'tcp://localhost:5432'. 
2024-08-24 22:08:14.1071||DEBUG|Microsoft.EntityFrameworkCore.Database.Command|Creating DbCommand for 'ExecuteReader'. 
2024-08-24 22:08:14.1071||DEBUG|Microsoft.EntityFrameworkCore.Database.Command|Created DbCommand for 'ExecuteReader' (0ms). 
2024-08-24 22:08:14.1071||DEBUG|Microsoft.EntityFrameworkCore.Database.Command|Initialized DbCommand for 'ExecuteReader' (0ms). 
2024-08-24 22:08:14.1071||DEBUG|Microsoft.EntityFrameworkCore.Database.Command|Executing DbCommand [Parameters=[@__normalizedName_0='?'], CommandType='Text', CommandTimeout='30']
SELECT a."Id", a."ConcurrencyStamp", a."Name", a."NormalizedName"
FROM "AspNetRoles" AS a
WHERE a."NormalizedName" = @__normalizedName_0
LIMIT 1 
2024-08-24 22:08:14.1090||INFO|Microsoft.EntityFrameworkCore.Database.Command|Executed DbCommand (2ms) [Parameters=[@__normalizedName_0='?'], CommandType='Text', CommandTimeout='30']
SELECT a."Id", a."ConcurrencyStamp", a."Name", a."NormalizedName"
FROM "AspNetRoles" AS a
WHERE a."NormalizedName" = @__normalizedName_0
LIMIT 1 
2024-08-24 22:08:14.1090||DEBUG|Microsoft.EntityFrameworkCore.ChangeTracking|Context 'SmartwmsDbContext' started tracking 'IdentityRole' entity. Consider using 'DbContextOptionsBuilder.EnableSensitiveDataLogging' to see key values. 
2024-08-24 22:08:14.1090||DEBUG|Microsoft.EntityFrameworkCore.Database.Command|Closing data reader to 'smartwms_db' on server 'tcp://localhost:5432'. 
2024-08-24 22:08:14.1090||DEBUG|Microsoft.EntityFrameworkCore.Database.Command|A data reader for 'smartwms_db' on server 'tcp://localhost:5432' is being disposed after spending 0ms reading results. 
2024-08-24 22:08:14.1090||DEBUG|Microsoft.EntityFrameworkCore.Database.Connection|Closing connection to database 'smartwms_db' on server 'tcp://localhost:5432'. 
2024-08-24 22:08:14.1090||DEBUG|Microsoft.EntityFrameworkCore.Database.Connection|Closed connection to database 'smartwms_db' on server 'tcp://localhost:5432' (0ms). 
2024-08-24 22:08:14.1090||DEBUG|Microsoft.EntityFrameworkCore.Database.Connection|Opening connection to database 'smartwms_db' on server 'tcp://localhost:5432'. 
2024-08-24 22:08:14.1090||DEBUG|Microsoft.EntityFrameworkCore.Database.Connection|Opened connection to database 'smartwms_db' on server 'tcp://localhost:5432'. 
2024-08-24 22:08:14.1090||DEBUG|Microsoft.EntityFrameworkCore.Database.Command|Creating DbCommand for 'ExecuteReader'. 
2024-08-24 22:08:14.1090||DEBUG|Microsoft.EntityFrameworkCore.Database.Command|Created DbCommand for 'ExecuteReader' (0ms). 
2024-08-24 22:08:14.1090||DEBUG|Microsoft.EntityFrameworkCore.Database.Command|Initialized DbCommand for 'ExecuteReader' (0ms). 
2024-08-24 22:08:14.1090||DEBUG|Microsoft.EntityFrameworkCore.Database.Command|Executing DbCommand [Parameters=[@__normalizedName_0='?'], CommandType='Text', CommandTimeout='30']
SELECT a."Id", a."ConcurrencyStamp", a."Name", a."NormalizedName"
FROM "AspNetRoles" AS a
WHERE a."NormalizedName" = @__normalizedName_0
LIMIT 1 
2024-08-24 22:08:14.1104||INFO|Microsoft.EntityFrameworkCore.Database.Command|Executed DbCommand (1ms) [Parameters=[@__normalizedName_0='?'], CommandType='Text', CommandTimeout='30']
SELECT a."Id", a."ConcurrencyStamp", a."Name", a."NormalizedName"
FROM "AspNetRoles" AS a
WHERE a."NormalizedName" = @__normalizedName_0
LIMIT 1 
2024-08-24 22:08:14.1104||DEBUG|Microsoft.EntityFrameworkCore.ChangeTracking|Context 'SmartwmsDbContext' started tracking 'IdentityRole' entity. Consider using 'DbContextOptionsBuilder.EnableSensitiveDataLogging' to see key values. 
2024-08-24 22:08:14.1104||DEBUG|Microsoft.EntityFrameworkCore.Database.Command|Closing data reader to 'smartwms_db' on server 'tcp://localhost:5432'. 
2024-08-24 22:08:14.1104||DEBUG|Microsoft.EntityFrameworkCore.Database.Command|A data reader for 'smartwms_db' on server 'tcp://localhost:5432' is being disposed after spending 0ms reading results. 
2024-08-24 22:08:14.1104||DEBUG|Microsoft.EntityFrameworkCore.Database.Connection|Closing connection to database 'smartwms_db' on server 'tcp://localhost:5432'. 
2024-08-24 22:08:14.1104||DEBUG|Microsoft.EntityFrameworkCore.Database.Connection|Closed connection to database 'smartwms_db' on server 'tcp://localhost:5432' (0ms). 
2024-08-24 22:08:14.1116||DEBUG|Microsoft.EntityFrameworkCore.Infrastructure|'SmartwmsDbContext' disposed. 
2024-08-24 22:08:14.1127||DEBUG|Microsoft.EntityFrameworkCore.Database.Connection|Disposing connection to database 'smartwms_db' on server 'tcp://localhost:5432'. 
2024-08-24 22:08:14.1127||DEBUG|Microsoft.EntityFrameworkCore.Database.Connection|Disposed connection to database 'smartwms_db' on server 'tcp://localhost:5432' (0ms). 
2024-08-24 22:08:14.1296||INFO|Microsoft.AspNetCore.DataProtection.KeyManagement.XmlKeyManager|User profile is available. Using '/Users/kamilsadowski/.aspnet/DataProtection-Keys' as key repository; keys will not be encrypted at rest. 
2024-08-24 22:08:14.1576||DEBUG|Microsoft.EntityFrameworkCore.Infrastructure|Entity Framework Core 8.0.8 initialized 'SmartwmsDbContext' using provider 'Npgsql.EntityFrameworkCore.PostgreSQL:8.0.4+51faf6e9c9c7ef99c3e98d98a96adb8fa8ae4553' with options: None 
2024-08-24 22:08:14.1583||DEBUG|Microsoft.EntityFrameworkCore.Query|Compiling query expression: 
'DbSet<User>()
    .SingleOrDefault(u => u.NormalizedEmail == __normalizedEmail_0)' 
2024-08-24 22:08:14.1620||DEBUG|Microsoft.EntityFrameworkCore.Query|Generated query execution expression: 
'queryContext => ShapedQueryCompilingExpressionVisitor.SingleOrDefaultAsync<User>(
    asyncEnumerable: new SingleQueryingEnumerable<User>(
        (RelationalQueryContext)queryContext, 
        RelationalCommandCache.QueryExpression(
            Projection Mapping:
                EmptyProjectionMember -> Dictionary<IProperty, int> { [Property: User.Id (string) Required PK AfterSave:Throw, 0], [Property: User.AccessFailedCount (int) Required, 1], [Property: User.ConcurrencyStamp (string) Concurrency, 2], [Property: User.Email (string) MaxLength(256), 3], [Property: User.EmailConfirmed (bool) Required, 4], [Property: User.LockoutEnabled (bool) Required, 5], [Property: User.LockoutEnd (DateTimeOffset?), 6], [Property: User.ManagerId (string) FK Index, 7], [Property: User.NormalizedEmail (string) Index MaxLength(256), 8], [Property: User.NormalizedUserName (string) Index MaxLength(256), 9], [Property: User.PasswordHash (string), 10], [Property: User.PhoneNumber (string), 11], [Property: User.PhoneNumberConfirmed (bool) Required, 12], [Property: User.SecurityStamp (string), 13], [Property: User.TwoFactorEnabled (bool) Required, 14], [Property: User.UserName (string) MaxLength(256), 15], [Property: User.WarehousesWarehouseId (int) Required FK Index, 16] }
            SELECT TOP(2) u.Id, u.AccessFailedCount, u.ConcurrencyStamp, u.Email, u.EmailConfirmed, u.LockoutEnabled, u.LockoutEnd, u.manager_id, u.NormalizedEmail, u.NormalizedUserName, u.PasswordHash, u.PhoneNumber, u.PhoneNumberConfirmed, u.SecurityStamp, u.TwoFactorEnabled, u.UserName, u.warehouses_warehouse_id
            FROM users AS u
            WHERE u.NormalizedEmail == @__normalizedEmail_0), 
        null, 
        Func<QueryContext, DbDataReader, ResultContext, SingleQueryResultCoordinator, User>, 
        SmartWMS.Models.SmartwmsDbContext, 
        False, 
        False, 
        True
    ), 
    cancellationToken: queryContext.CancellationToken)' 
2024-08-24 22:08:14.1620||DEBUG|Microsoft.EntityFrameworkCore.Database.Connection|Creating DbConnection. 
2024-08-24 22:08:14.1620||DEBUG|Microsoft.EntityFrameworkCore.Database.Connection|Created DbConnection. (0ms). 
2024-08-24 22:08:14.1620||DEBUG|Microsoft.EntityFrameworkCore.Database.Connection|Opening connection to database 'smartwms_db' on server 'tcp://localhost:5432'. 
2024-08-24 22:08:14.1620||DEBUG|Microsoft.EntityFrameworkCore.Database.Connection|Opened connection to database 'smartwms_db' on server 'tcp://localhost:5432'. 
2024-08-24 22:08:14.1620||DEBUG|Microsoft.EntityFrameworkCore.Database.Command|Creating DbCommand for 'ExecuteReader'. 
2024-08-24 22:08:14.1620||DEBUG|Microsoft.EntityFrameworkCore.Database.Command|Created DbCommand for 'ExecuteReader' (0ms). 
2024-08-24 22:08:14.1620||DEBUG|Microsoft.EntityFrameworkCore.Database.Command|Initialized DbCommand for 'ExecuteReader' (0ms). 
2024-08-24 22:08:14.1620||DEBUG|Microsoft.EntityFrameworkCore.Database.Command|Executing DbCommand [Parameters=[@__normalizedEmail_0='?'], CommandType='Text', CommandTimeout='30']
SELECT u."Id", u."AccessFailedCount", u."ConcurrencyStamp", u."Email", u."EmailConfirmed", u."LockoutEnabled", u."LockoutEnd", u.manager_id, u."NormalizedEmail", u."NormalizedUserName", u."PasswordHash", u."PhoneNumber", u."PhoneNumberConfirmed", u."SecurityStamp", u."TwoFactorEnabled", u."UserName", u.warehouses_warehouse_id
FROM users AS u
WHERE u."NormalizedEmail" = @__normalizedEmail_0
LIMIT 2 
2024-08-24 22:08:14.1677||INFO|Microsoft.EntityFrameworkCore.Database.Command|Executed DbCommand (5ms) [Parameters=[@__normalizedEmail_0='?'], CommandType='Text', CommandTimeout='30']
SELECT u."Id", u."AccessFailedCount", u."ConcurrencyStamp", u."Email", u."EmailConfirmed", u."LockoutEnabled", u."LockoutEnd", u.manager_id, u."NormalizedEmail", u."NormalizedUserName", u."PasswordHash", u."PhoneNumber", u."PhoneNumberConfirmed", u."SecurityStamp", u."TwoFactorEnabled", u."UserName", u.warehouses_warehouse_id
FROM users AS u
WHERE u."NormalizedEmail" = @__normalizedEmail_0
LIMIT 2 
2024-08-24 22:08:14.1774||DEBUG|Microsoft.EntityFrameworkCore.ChangeTracking|Context 'SmartwmsDbContext' started tracking 'User' entity. Consider using 'DbContextOptionsBuilder.EnableSensitiveDataLogging' to see key values. 
2024-08-24 22:08:14.1925||DEBUG|Microsoft.EntityFrameworkCore.Database.Command|Closing data reader to 'smartwms_db' on server 'tcp://localhost:5432'. 
2024-08-24 22:08:14.1925||DEBUG|Microsoft.EntityFrameworkCore.Database.Command|A data reader for 'smartwms_db' on server 'tcp://localhost:5432' is being disposed after spending 24ms reading results. 
2024-08-24 22:08:14.1925||DEBUG|Microsoft.EntityFrameworkCore.Database.Connection|Closing connection to database 'smartwms_db' on server 'tcp://localhost:5432'. 
2024-08-24 22:08:14.1925||DEBUG|Microsoft.EntityFrameworkCore.Database.Connection|Closed connection to database 'smartwms_db' on server 'tcp://localhost:5432' (0ms). 
2024-08-24 22:08:14.1933||DEBUG|Microsoft.EntityFrameworkCore.Infrastructure|'SmartwmsDbContext' disposed. 
2024-08-24 22:08:14.1933||DEBUG|Microsoft.EntityFrameworkCore.Database.Connection|Disposing connection to database 'smartwms_db' on server 'tcp://localhost:5432'. 
2024-08-24 22:08:14.1933||DEBUG|Microsoft.EntityFrameworkCore.Database.Connection|Disposed connection to database 'smartwms_db' on server 'tcp://localhost:5432' (0ms). 
2024-08-24 22:08:14.2747||DEBUG|Microsoft.AspNetCore.Mvc.ModelBinding.ModelBinderFactory|Registered model binder providers, in the following order: Microsoft.AspNetCore.Mvc.ModelBinding.Binders.BinderTypeModelBinderProvider, Microsoft.AspNetCore.Mvc.ModelBinding.Binders.ServicesModelBinderProvider, Microsoft.AspNetCore.Mvc.ModelBinding.Binders.BodyModelBinderProvider, Microsoft.AspNetCore.Mvc.ModelBinding.Binders.HeaderModelBinderProvider, Microsoft.AspNetCore.Mvc.ModelBinding.Binders.FloatingPointTypeModelBinderProvider, Microsoft.AspNetCore.Mvc.ModelBinding.Binders.EnumTypeModelBinderProvider, Microsoft.AspNetCore.Mvc.ModelBinding.Binders.DateTimeModelBinderProvider, Microsoft.AspNetCore.Mvc.ModelBinding.Binders.SimpleTypeModelBinderProvider, Microsoft.AspNetCore.Mvc.ModelBinding.Binders.TryParseModelBinderProvider, Microsoft.AspNetCore.Mvc.ModelBinding.Binders.CancellationTokenModelBinderProvider, Microsoft.AspNetCore.Mvc.ModelBinding.Binders.ByteArrayModelBinderProvider, Microsoft.AspNetCore.Mvc.ModelBinding.Binders.FormFileModelBinderProvider, Microsoft.AspNetCore.Mvc.ModelBinding.Binders.FormCollectionModelBinderProvider, Microsoft.AspNetCore.Mvc.ModelBinding.Binders.KeyValuePairModelBinderProvider, Microsoft.AspNetCore.Mvc.ModelBinding.Binders.DictionaryModelBinderProvider, Microsoft.AspNetCore.Mvc.ModelBinding.Binders.ArrayModelBinderProvider, Microsoft.AspNetCore.Mvc.ModelBinding.Binders.CollectionModelBinderProvider, Microsoft.AspNetCore.Mvc.ModelBinding.Binders.ComplexObjectModelBinderProvider 
2024-08-24 22:08:14.3355||DEBUG|Microsoft.Extensions.Hosting.Internal.Host|Hosting starting 
2024-08-24 22:08:14.3502||DEBUG|Microsoft.AspNetCore.DataProtection.Repositories.FileSystemXmlRepository|Reading data from file '/Users/kamilsadowski/.aspnet/DataProtection-Keys/key-0ffb32d9-8013-4a53-b6ea-d73a13adc424.xml'. 
2024-08-24 22:08:14.3548||DEBUG|Microsoft.AspNetCore.DataProtection.KeyManagement.XmlKeyManager|Found key {0ffb32d9-8013-4a53-b6ea-d73a13adc424}. 
2024-08-24 22:08:14.3664||DEBUG|Microsoft.AspNetCore.DataProtection.KeyManagement.DefaultKeyResolver|Considering key {0ffb32d9-8013-4a53-b6ea-d73a13adc424} with expiration date 2024-11-12 15:19:46Z as default key. 
2024-08-24 22:08:14.3700||DEBUG|Microsoft.AspNetCore.DataProtection.TypeForwardingActivator|Forwarded activator type request from Microsoft.AspNetCore.DataProtection.AuthenticatedEncryption.ConfigurationModel.AuthenticatedEncryptorDescriptorDeserializer, Microsoft.AspNetCore.DataProtection, Version=8.0.0.0, Culture=neutral, PublicKeyToken=adb9793829ddae60 to Microsoft.AspNetCore.DataProtection.AuthenticatedEncryption.ConfigurationModel.AuthenticatedEncryptorDescriptorDeserializer, Microsoft.AspNetCore.DataProtection, Culture=neutral, PublicKeyToken=adb9793829ddae60 
2024-08-24 22:08:14.3744||DEBUG|Microsoft.AspNetCore.DataProtection.AuthenticatedEncryption.ManagedAuthenticatedEncryptorFactory|Using managed symmetric algorithm 'System.Security.Cryptography.Aes'. 
2024-08-24 22:08:14.3749||DEBUG|Microsoft.AspNetCore.DataProtection.AuthenticatedEncryption.ManagedAuthenticatedEncryptorFactory|Using managed keyed hash algorithm 'System.Security.Cryptography.HMACSHA256'. 
2024-08-24 22:08:14.3791||DEBUG|Microsoft.AspNetCore.DataProtection.KeyManagement.KeyRingProvider|Using key {0ffb32d9-8013-4a53-b6ea-d73a13adc424} as the default key. 
2024-08-24 22:08:14.3808||DEBUG|Microsoft.AspNetCore.DataProtection.Internal.DataProtectionHostedService|Key ring with default key {0ffb32d9-8013-4a53-b6ea-d73a13adc424} was loaded during application startup. 
2024-08-24 22:08:14.5666||INFO|Microsoft.Hosting.Lifetime|Now listening on: http://localhost:5236 
2024-08-24 22:08:14.5667||DEBUG|Microsoft.AspNetCore.Hosting.Diagnostics|Loaded hosting startup assembly SmartWMS 
2024-08-24 22:08:14.5667||INFO|Microsoft.Hosting.Lifetime|Application started. Press Ctrl+C to shut down. 
2024-08-24 22:08:14.5667||INFO|Microsoft.Hosting.Lifetime|Hosting environment: Development 
2024-08-24 22:08:14.5667||INFO|Microsoft.Hosting.Lifetime|Content root path: /Users/kamilsadowski/RiderProjects/SmartWMS 
2024-08-24 22:08:14.5667||DEBUG|Microsoft.Extensions.Hosting.Internal.Host|Hosting started 
2024-08-24 22:08:14.9124||DEBUG|Microsoft.AspNetCore.Server.Kestrel.Transport.Sockets|Connection id "0HN64F1UD6JIP" received FIN. 
2024-08-24 22:08:14.9229||DEBUG|Microsoft.AspNetCore.Server.Kestrel.Connections|Connection id "0HN64F1UD6JIP" accepted. 
2024-08-24 22:08:14.9251||DEBUG|Microsoft.AspNetCore.Server.Kestrel.Connections|Connection id "0HN64F1UD6JIP" started. 
2024-08-24 22:08:14.9456||DEBUG|Microsoft.AspNetCore.Server.Kestrel.Transport.Sockets|Connection id "0HN64F1UD6JIP" sending FIN because: "The Socket transport's send loop completed gracefully." 
2024-08-24 22:08:14.9505||DEBUG|Microsoft.AspNetCore.Server.Kestrel.Connections|Connection id "0HN64F1UD6JIP" disconnecting. 
2024-08-24 22:08:14.9608||DEBUG|Microsoft.AspNetCore.Server.Kestrel.Connections|Connection id "0HN64F1UD6JIP" stopped. 
2024-08-24 22:08:15.0185||DEBUG|Microsoft.AspNetCore.Server.Kestrel.Connections|Connection id "0HN64F1UD6JIQ" accepted. 
2024-08-24 22:08:15.0185||DEBUG|Microsoft.AspNetCore.Server.Kestrel.Connections|Connection id "0HN64F1UD6JIQ" started. 
2024-08-24 22:08:15.0929||INFO|Microsoft.AspNetCore.Hosting.Diagnostics|Request starting HTTP/1.1 GET http://localhost:5236/swagger/index.html - - - 
2024-08-24 22:08:15.0948||DEBUG|Microsoft.AspNetCore.HostFiltering.HostFilteringMiddleware|Wildcard detected, all requests with hosts will be allowed. 
2024-08-24 22:08:15.0948||TRACE|Microsoft.AspNetCore.HostFiltering.HostFilteringMiddleware|All hosts are allowed. 
2024-08-24 22:08:15.1261||DEBUG|Microsoft.AspNetCore.Routing.Matching.DfaMatcher|No candidates found for the request path '/swagger/index.html' 
2024-08-24 22:08:15.1267||DEBUG|Microsoft.AspNetCore.Routing.EndpointRoutingMiddleware|Request did not match any endpoints 
2024-08-24 22:08:15.1978||DEBUG|Microsoft.AspNetCore.Server.Kestrel.Connections|Connection id "0HN64F1UD6JIQ" completed keep alive response. 
2024-08-24 22:08:15.2005||INFO|Microsoft.AspNetCore.Hosting.Diagnostics|Request finished HTTP/1.1 GET http://localhost:5236/swagger/index.html - 200 - text/html;charset=utf-8 116.9303ms 
2024-08-24 22:08:15.2955||INFO|Microsoft.AspNetCore.Hosting.Diagnostics|Request starting HTTP/1.1 GET http://localhost:5236/swagger/v1/swagger.json - - - 
2024-08-24 22:08:15.2955||TRACE|Microsoft.AspNetCore.HostFiltering.HostFilteringMiddleware|All hosts are allowed. 
2024-08-24 22:08:15.2967||DEBUG|Microsoft.AspNetCore.Routing.Matching.DfaMatcher|No candidates found for the request path '/swagger/v1/swagger.json' 
2024-08-24 22:08:15.2967||DEBUG|Microsoft.AspNetCore.Routing.EndpointRoutingMiddleware|Request did not match any endpoints 
2024-08-24 22:08:15.3065||DEBUG|Microsoft.AspNetCore.Server.Kestrel.Connections|Connection id "0HN64F1UD6JIR" accepted. 
2024-08-24 22:08:15.3065||DEBUG|Microsoft.AspNetCore.Server.Kestrel.Connections|Connection id "0HN64F1UD6JIR" started. 
2024-08-24 22:08:15.3069||INFO|Microsoft.AspNetCore.Hosting.Diagnostics|Request starting HTTP/1.1 GET http://localhost:5236/apple-touch-icon-precomposed.png - - - 
2024-08-24 22:08:15.3069||TRACE|Microsoft.AspNetCore.HostFiltering.HostFilteringMiddleware|All hosts are allowed. 
2024-08-24 22:08:15.3069||DEBUG|Microsoft.AspNetCore.Routing.Matching.DfaMatcher|No candidates found for the request path '/apple-touch-icon-precomposed.png' 
2024-08-24 22:08:15.3069||DEBUG|Microsoft.AspNetCore.Routing.EndpointRoutingMiddleware|Request did not match any endpoints 
2024-08-24 22:08:15.3090||DEBUG|Microsoft.AspNetCore.StaticFiles.StaticFileMiddleware|The request path  does not match the path filter 
2024-08-24 22:08:15.3212||DEBUG|Microsoft.AspNetCore.Authentication.BearerToken.BearerTokenHandler|AuthenticationScheme: Identity.Bearer was not authenticated. 
2024-08-24 22:08:15.3291||DEBUG|Microsoft.AspNetCore.Authentication.Cookies.CookieAuthenticationHandler|AuthenticationScheme: Identity.Application was not authenticated. 
2024-08-24 22:08:15.3291||DEBUG|Microsoft.Extensions.DependencyInjection.IdentityServiceCollectionExtensions+CompositeIdentityHandler|AuthenticationScheme: Identity.BearerAndApplication was not authenticated. 
2024-08-24 22:08:15.3325||WARN|Microsoft.AspNetCore.HttpsPolicy.HttpsRedirectionMiddleware|Failed to determine the https port for redirect. 
2024-08-24 22:08:15.3341||DEBUG|Microsoft.AspNetCore.Server.Kestrel.Connections|Connection id "0HN64F1UD6JIR" completed keep alive response. 
2024-08-24 22:08:15.3341||INFO|Microsoft.AspNetCore.Hosting.Diagnostics|Request finished HTTP/1.1 GET http://localhost:5236/apple-touch-icon-precomposed.png - 404 0 - 27.2633ms 
2024-08-24 22:08:15.3350||INFO|Microsoft.AspNetCore.Hosting.Diagnostics|Request reached the end of the middleware pipeline without being handled by application code. Request path: GET http://localhost:5236/apple-touch-icon-precomposed.png, Response status code: 404 
2024-08-24 22:08:15.3350||INFO|Microsoft.AspNetCore.Hosting.Diagnostics|Request starting HTTP/1.1 GET http://localhost:5236/apple-touch-icon.png - - - 
2024-08-24 22:08:15.3350||TRACE|Microsoft.AspNetCore.HostFiltering.HostFilteringMiddleware|All hosts are allowed. 
2024-08-24 22:08:15.3350||DEBUG|Microsoft.AspNetCore.Routing.Matching.DfaMatcher|No candidates found for the request path '/apple-touch-icon.png' 
2024-08-24 22:08:15.3350||DEBUG|Microsoft.AspNetCore.Routing.EndpointRoutingMiddleware|Request did not match any endpoints 
2024-08-24 22:08:15.3350||DEBUG|Microsoft.AspNetCore.StaticFiles.StaticFileMiddleware|The request path  does not match the path filter 
2024-08-24 22:08:15.3359||DEBUG|Microsoft.AspNetCore.Authentication.BearerToken.BearerTokenHandler|AuthenticationScheme: Identity.Bearer was not authenticated. 
2024-08-24 22:08:15.3359||DEBUG|Microsoft.AspNetCore.Authentication.Cookies.CookieAuthenticationHandler|AuthenticationScheme: Identity.Application was not authenticated. 
2024-08-24 22:08:15.3359||DEBUG|Microsoft.Extensions.DependencyInjection.IdentityServiceCollectionExtensions+CompositeIdentityHandler|AuthenticationScheme: Identity.BearerAndApplication was not authenticated. 
2024-08-24 22:08:15.3359||DEBUG|Microsoft.AspNetCore.Server.Kestrel.Connections|Connection id "0HN64F1UD6JIR" completed keep alive response. 
2024-08-24 22:08:15.3359||INFO|Microsoft.AspNetCore.Hosting.Diagnostics|Request finished HTTP/1.1 GET http://localhost:5236/apple-touch-icon.png - 404 0 - 1.0750ms 
2024-08-24 22:08:15.3359||INFO|Microsoft.AspNetCore.Hosting.Diagnostics|Request reached the end of the middleware pipeline without being handled by application code. Request path: GET http://localhost:5236/apple-touch-icon.png, Response status code: 404 
2024-08-24 22:08:15.3645||DEBUG|Microsoft.AspNetCore.Server.Kestrel.Connections|Connection id "0HN64F1UD6JIQ" completed keep alive response. 
2024-08-24 22:08:15.3645||INFO|Microsoft.AspNetCore.Hosting.Diagnostics|Request finished HTTP/1.1 GET http://localhost:5236/swagger/v1/swagger.json - 200 - application/json;charset=utf-8 69.1920ms 
2024-08-24 22:08:46.0169||DEBUG|Microsoft.AspNetCore.Server.Kestrel.Transport.Sockets|Connection id "0HN64F1UD6JIQ" received FIN. 
2024-08-24 22:08:46.0187||DEBUG|Microsoft.AspNetCore.Server.Kestrel.Transport.Sockets|Connection id "0HN64F1UD6JIQ" sending FIN because: "The Socket transport's send loop completed gracefully." 
2024-08-24 22:08:46.0207||DEBUG|Microsoft.AspNetCore.Server.Kestrel.Connections|Connection id "0HN64F1UD6JIQ" disconnecting. 
2024-08-24 22:08:46.0228||DEBUG|Microsoft.AspNetCore.Server.Kestrel.Connections|Connection id "0HN64F1UD6JIQ" stopped. 
2024-08-24 22:08:46.3040||DEBUG|Microsoft.AspNetCore.Server.Kestrel.Transport.Sockets|Connection id "0HN64F1UD6JIR" received FIN. 
2024-08-24 22:08:46.3040||DEBUG|Microsoft.AspNetCore.Server.Kestrel.Transport.Sockets|Connection id "0HN64F1UD6JIR" sending FIN because: "The Socket transport's send loop completed gracefully." 
2024-08-24 22:08:46.3040||DEBUG|Microsoft.AspNetCore.Server.Kestrel.Connections|Connection id "0HN64F1UD6JIR" disconnecting. 
2024-08-24 22:08:46.3040||DEBUG|Microsoft.AspNetCore.Server.Kestrel.Connections|Connection id "0HN64F1UD6JIR" stopped. 
2024-08-24 22:36:24.5511||INFO|Microsoft.Hosting.Lifetime|Application is shutting down... 
2024-08-24 22:36:24.5530||DEBUG|Microsoft.Extensions.Hosting.Internal.Host|Hosting stopping 
2024-08-24 22:36:24.5631||DEBUG|Microsoft.Extensions.Hosting.Internal.Host|Hosting stopped 
2024-08-24 23:07:03.5458||DEBUG|SmartWMS.Program|init main 
2024-08-24 23:07:03.9364||DEBUG|Microsoft.EntityFrameworkCore.Infrastructure|An 'IServiceProvider' was created for internal use by Entity Framework. 
2024-08-24 23:07:04.2450||DEBUG|Microsoft.EntityFrameworkCore.Model|The index {'UserId'} was not created on entity type 'IdentityUserRole<string>' as the properties are already covered by the index {'UserId', 'RoleId'}. 
2024-08-24 23:07:04.2462||DEBUG|Microsoft.EntityFrameworkCore.Model|The index {'UserId'} was not created on entity type 'IdentityUserToken<string>' as the properties are already covered by the index {'UserId', 'LoginProvider', 'Name'}. 
2024-08-24 23:07:04.2462||DEBUG|Microsoft.EntityFrameworkCore.Model|The index {'ProductsProductId'} was not created on entity type 'ProductsHasTask' as the properties are already covered by the index {'ProductsProductId', 'TasksTaskId'}. 
2024-08-24 23:07:04.2462||DEBUG|Microsoft.EntityFrameworkCore.Model|The index {'UsersUserId'} was not created on entity type 'UsersHasTask' as the properties are already covered by the index {'UsersUserId', 'TasksTaskId'}. 
2024-08-24 23:07:04.4099||DEBUG|Microsoft.EntityFrameworkCore.Infrastructure|Entity Framework Core 8.0.8 initialized 'SmartwmsDbContext' using provider 'Npgsql.EntityFrameworkCore.PostgreSQL:8.0.4+51faf6e9c9c7ef99c3e98d98a96adb8fa8ae4553' with options: None 
2024-08-24 23:07:04.4328||DEBUG|Microsoft.EntityFrameworkCore.Query|Compiling query expression: 
'DbSet<IdentityRole>()
    .FirstOrDefault(r => r.NormalizedName == __normalizedName_0)' 
2024-08-24 23:07:04.5228||DEBUG|Microsoft.EntityFrameworkCore.Query|Generated query execution expression: 
'queryContext => ShapedQueryCompilingExpressionVisitor.SingleOrDefaultAsync<IdentityRole>(
    asyncEnumerable: new SingleQueryingEnumerable<IdentityRole>(
        (RelationalQueryContext)queryContext, 
        RelationalCommandCache.QueryExpression(
            Projection Mapping:
                EmptyProjectionMember -> Dictionary<IProperty, int> { [Property: IdentityRole.Id (string) Required PK AfterSave:Throw, 0], [Property: IdentityRole.ConcurrencyStamp (string) Concurrency, 1], [Property: IdentityRole.Name (string) MaxLength(256), 2], [Property: IdentityRole.NormalizedName (string) Index MaxLength(256), 3] }
            SELECT TOP(1) a.Id, a.ConcurrencyStamp, a.Name, a.NormalizedName
            FROM AspNetRoles AS a
            WHERE a.NormalizedName == @__normalizedName_0), 
        null, 
        Func<QueryContext, DbDataReader, ResultContext, SingleQueryResultCoordinator, IdentityRole>, 
        SmartWMS.Models.SmartwmsDbContext, 
        False, 
        False, 
        True
    ), 
    cancellationToken: queryContext.CancellationToken)' 
2024-08-24 23:07:04.5431||DEBUG|Microsoft.EntityFrameworkCore.Database.Connection|Creating DbConnection. 
2024-08-24 23:07:04.5460||DEBUG|Microsoft.EntityFrameworkCore.Database.Connection|Created DbConnection. (1ms). 
2024-08-24 23:07:04.5476||DEBUG|Microsoft.EntityFrameworkCore.Database.Connection|Opening connection to database 'smartwms_db' on server 'tcp://localhost:5432'. 
2024-08-24 23:07:04.6223||DEBUG|Microsoft.EntityFrameworkCore.Database.Connection|Opened connection to database 'smartwms_db' on server 'tcp://localhost:5432'. 
2024-08-24 23:07:04.6293||DEBUG|Microsoft.EntityFrameworkCore.Database.Command|Creating DbCommand for 'ExecuteReader'. 
2024-08-24 23:07:04.6335||DEBUG|Microsoft.EntityFrameworkCore.Database.Command|Created DbCommand for 'ExecuteReader' (4ms). 
2024-08-24 23:07:04.6388||DEBUG|Microsoft.EntityFrameworkCore.Database.Command|Initialized DbCommand for 'ExecuteReader' (11ms). 
2024-08-24 23:07:04.6443||DEBUG|Microsoft.EntityFrameworkCore.Database.Command|Executing DbCommand [Parameters=[@__normalizedName_0='?'], CommandType='Text', CommandTimeout='30']
SELECT a."Id", a."ConcurrencyStamp", a."Name", a."NormalizedName"
FROM "AspNetRoles" AS a
WHERE a."NormalizedName" = @__normalizedName_0
LIMIT 1 
2024-08-24 23:07:04.7051||INFO|Microsoft.EntityFrameworkCore.Database.Command|Executed DbCommand (61ms) [Parameters=[@__normalizedName_0='?'], CommandType='Text', CommandTimeout='30']
SELECT a."Id", a."ConcurrencyStamp", a."Name", a."NormalizedName"
FROM "AspNetRoles" AS a
WHERE a."NormalizedName" = @__normalizedName_0
LIMIT 1 
2024-08-24 23:07:04.7444||DEBUG|Microsoft.EntityFrameworkCore.ChangeTracking|Context 'SmartwmsDbContext' started tracking 'IdentityRole' entity. Consider using 'DbContextOptionsBuilder.EnableSensitiveDataLogging' to see key values. 
2024-08-24 23:07:04.7590||DEBUG|Microsoft.EntityFrameworkCore.Database.Command|Closing data reader to 'smartwms_db' on server 'tcp://localhost:5432'. 
2024-08-24 23:07:04.7664||DEBUG|Microsoft.EntityFrameworkCore.Database.Command|A data reader for 'smartwms_db' on server 'tcp://localhost:5432' is being disposed after spending 56ms reading results. 
2024-08-24 23:07:04.7705||DEBUG|Microsoft.EntityFrameworkCore.Database.Connection|Closing connection to database 'smartwms_db' on server 'tcp://localhost:5432'. 
2024-08-24 23:07:04.7745||DEBUG|Microsoft.EntityFrameworkCore.Database.Connection|Closed connection to database 'smartwms_db' on server 'tcp://localhost:5432' (4ms). 
2024-08-24 23:07:04.7773||DEBUG|Microsoft.EntityFrameworkCore.Database.Connection|Opening connection to database 'smartwms_db' on server 'tcp://localhost:5432'. 
2024-08-24 23:07:04.7773||DEBUG|Microsoft.EntityFrameworkCore.Database.Connection|Opened connection to database 'smartwms_db' on server 'tcp://localhost:5432'. 
2024-08-24 23:07:04.7773||DEBUG|Microsoft.EntityFrameworkCore.Database.Command|Creating DbCommand for 'ExecuteReader'. 
2024-08-24 23:07:04.7773||DEBUG|Microsoft.EntityFrameworkCore.Database.Command|Created DbCommand for 'ExecuteReader' (0ms). 
2024-08-24 23:07:04.7773||DEBUG|Microsoft.EntityFrameworkCore.Database.Command|Initialized DbCommand for 'ExecuteReader' (0ms). 
2024-08-24 23:07:04.7773||DEBUG|Microsoft.EntityFrameworkCore.Database.Command|Executing DbCommand [Parameters=[@__normalizedName_0='?'], CommandType='Text', CommandTimeout='30']
SELECT a."Id", a."ConcurrencyStamp", a."Name", a."NormalizedName"
FROM "AspNetRoles" AS a
WHERE a."NormalizedName" = @__normalizedName_0
LIMIT 1 
2024-08-24 23:07:04.7817||INFO|Microsoft.EntityFrameworkCore.Database.Command|Executed DbCommand (4ms) [Parameters=[@__normalizedName_0='?'], CommandType='Text', CommandTimeout='30']
SELECT a."Id", a."ConcurrencyStamp", a."Name", a."NormalizedName"
FROM "AspNetRoles" AS a
WHERE a."NormalizedName" = @__normalizedName_0
LIMIT 1 
2024-08-24 23:07:04.7817||DEBUG|Microsoft.EntityFrameworkCore.ChangeTracking|Context 'SmartwmsDbContext' started tracking 'IdentityRole' entity. Consider using 'DbContextOptionsBuilder.EnableSensitiveDataLogging' to see key values. 
2024-08-24 23:07:04.7817||DEBUG|Microsoft.EntityFrameworkCore.Database.Command|Closing data reader to 'smartwms_db' on server 'tcp://localhost:5432'. 
2024-08-24 23:07:04.7817||DEBUG|Microsoft.EntityFrameworkCore.Database.Command|A data reader for 'smartwms_db' on server 'tcp://localhost:5432' is being disposed after spending 0ms reading results. 
2024-08-24 23:07:04.7817||DEBUG|Microsoft.EntityFrameworkCore.Database.Connection|Closing connection to database 'smartwms_db' on server 'tcp://localhost:5432'. 
2024-08-24 23:07:04.7817||DEBUG|Microsoft.EntityFrameworkCore.Database.Connection|Closed connection to database 'smartwms_db' on server 'tcp://localhost:5432' (0ms). 
2024-08-24 23:07:04.7817||DEBUG|Microsoft.EntityFrameworkCore.Database.Connection|Opening connection to database 'smartwms_db' on server 'tcp://localhost:5432'. 
2024-08-24 23:07:04.7817||DEBUG|Microsoft.EntityFrameworkCore.Database.Connection|Opened connection to database 'smartwms_db' on server 'tcp://localhost:5432'. 
2024-08-24 23:07:04.7822||DEBUG|Microsoft.EntityFrameworkCore.Database.Command|Creating DbCommand for 'ExecuteReader'. 
2024-08-24 23:07:04.7822||DEBUG|Microsoft.EntityFrameworkCore.Database.Command|Created DbCommand for 'ExecuteReader' (0ms). 
2024-08-24 23:07:04.7822||DEBUG|Microsoft.EntityFrameworkCore.Database.Command|Initialized DbCommand for 'ExecuteReader' (0ms). 
2024-08-24 23:07:04.7822||DEBUG|Microsoft.EntityFrameworkCore.Database.Command|Executing DbCommand [Parameters=[@__normalizedName_0='?'], CommandType='Text', CommandTimeout='30']
SELECT a."Id", a."ConcurrencyStamp", a."Name", a."NormalizedName"
FROM "AspNetRoles" AS a
WHERE a."NormalizedName" = @__normalizedName_0
LIMIT 1 
2024-08-24 23:07:04.7832||INFO|Microsoft.EntityFrameworkCore.Database.Command|Executed DbCommand (1ms) [Parameters=[@__normalizedName_0='?'], CommandType='Text', CommandTimeout='30']
SELECT a."Id", a."ConcurrencyStamp", a."Name", a."NormalizedName"
FROM "AspNetRoles" AS a
WHERE a."NormalizedName" = @__normalizedName_0
LIMIT 1 
2024-08-24 23:07:04.7832||DEBUG|Microsoft.EntityFrameworkCore.ChangeTracking|Context 'SmartwmsDbContext' started tracking 'IdentityRole' entity. Consider using 'DbContextOptionsBuilder.EnableSensitiveDataLogging' to see key values. 
2024-08-24 23:07:04.7832||DEBUG|Microsoft.EntityFrameworkCore.Database.Command|Closing data reader to 'smartwms_db' on server 'tcp://localhost:5432'. 
2024-08-24 23:07:04.7832||DEBUG|Microsoft.EntityFrameworkCore.Database.Command|A data reader for 'smartwms_db' on server 'tcp://localhost:5432' is being disposed after spending 0ms reading results. 
2024-08-24 23:07:04.7832||DEBUG|Microsoft.EntityFrameworkCore.Database.Connection|Closing connection to database 'smartwms_db' on server 'tcp://localhost:5432'. 
2024-08-24 23:07:04.7832||DEBUG|Microsoft.EntityFrameworkCore.Database.Connection|Closed connection to database 'smartwms_db' on server 'tcp://localhost:5432' (0ms). 
2024-08-24 23:07:04.7844||DEBUG|Microsoft.EntityFrameworkCore.Infrastructure|'SmartwmsDbContext' disposed. 
2024-08-24 23:07:04.7856||DEBUG|Microsoft.EntityFrameworkCore.Database.Connection|Disposing connection to database 'smartwms_db' on server 'tcp://localhost:5432'. 
2024-08-24 23:07:04.7856||DEBUG|Microsoft.EntityFrameworkCore.Database.Connection|Disposed connection to database 'smartwms_db' on server 'tcp://localhost:5432' (0ms). 
2024-08-24 23:07:04.8030||INFO|Microsoft.AspNetCore.DataProtection.KeyManagement.XmlKeyManager|User profile is available. Using '/Users/kamilsadowski/.aspnet/DataProtection-Keys' as key repository; keys will not be encrypted at rest. 
2024-08-24 23:07:04.8324||DEBUG|Microsoft.EntityFrameworkCore.Infrastructure|Entity Framework Core 8.0.8 initialized 'SmartwmsDbContext' using provider 'Npgsql.EntityFrameworkCore.PostgreSQL:8.0.4+51faf6e9c9c7ef99c3e98d98a96adb8fa8ae4553' with options: None 
2024-08-24 23:07:04.8331||DEBUG|Microsoft.EntityFrameworkCore.Query|Compiling query expression: 
'DbSet<User>()
    .SingleOrDefault(u => u.NormalizedEmail == __normalizedEmail_0)' 
2024-08-24 23:07:04.8368||DEBUG|Microsoft.EntityFrameworkCore.Query|Generated query execution expression: 
'queryContext => ShapedQueryCompilingExpressionVisitor.SingleOrDefaultAsync<User>(
    asyncEnumerable: new SingleQueryingEnumerable<User>(
        (RelationalQueryContext)queryContext, 
        RelationalCommandCache.QueryExpression(
            Projection Mapping:
                EmptyProjectionMember -> Dictionary<IProperty, int> { [Property: User.Id (string) Required PK AfterSave:Throw, 0], [Property: User.AccessFailedCount (int) Required, 1], [Property: User.ConcurrencyStamp (string) Concurrency, 2], [Property: User.Email (string) MaxLength(256), 3], [Property: User.EmailConfirmed (bool) Required, 4], [Property: User.LockoutEnabled (bool) Required, 5], [Property: User.LockoutEnd (DateTimeOffset?), 6], [Property: User.ManagerId (string) FK Index, 7], [Property: User.NormalizedEmail (string) Index MaxLength(256), 8], [Property: User.NormalizedUserName (string) Index MaxLength(256), 9], [Property: User.PasswordHash (string), 10], [Property: User.PhoneNumber (string), 11], [Property: User.PhoneNumberConfirmed (bool) Required, 12], [Property: User.SecurityStamp (string), 13], [Property: User.TwoFactorEnabled (bool) Required, 14], [Property: User.UserName (string) MaxLength(256), 15], [Property: User.WarehousesWarehouseId (int) Required FK Index, 16] }
            SELECT TOP(2) u.Id, u.AccessFailedCount, u.ConcurrencyStamp, u.Email, u.EmailConfirmed, u.LockoutEnabled, u.LockoutEnd, u.manager_id, u.NormalizedEmail, u.NormalizedUserName, u.PasswordHash, u.PhoneNumber, u.PhoneNumberConfirmed, u.SecurityStamp, u.TwoFactorEnabled, u.UserName, u.warehouses_warehouse_id
            FROM users AS u
            WHERE u.NormalizedEmail == @__normalizedEmail_0), 
        null, 
        Func<QueryContext, DbDataReader, ResultContext, SingleQueryResultCoordinator, User>, 
        SmartWMS.Models.SmartwmsDbContext, 
        False, 
        False, 
        True
    ), 
    cancellationToken: queryContext.CancellationToken)' 
2024-08-24 23:07:04.8368||DEBUG|Microsoft.EntityFrameworkCore.Database.Connection|Creating DbConnection. 
2024-08-24 23:07:04.8368||DEBUG|Microsoft.EntityFrameworkCore.Database.Connection|Created DbConnection. (0ms). 
2024-08-24 23:07:04.8368||DEBUG|Microsoft.EntityFrameworkCore.Database.Connection|Opening connection to database 'smartwms_db' on server 'tcp://localhost:5432'. 
2024-08-24 23:07:04.8368||DEBUG|Microsoft.EntityFrameworkCore.Database.Connection|Opened connection to database 'smartwms_db' on server 'tcp://localhost:5432'. 
2024-08-24 23:07:04.8368||DEBUG|Microsoft.EntityFrameworkCore.Database.Command|Creating DbCommand for 'ExecuteReader'. 
2024-08-24 23:07:04.8368||DEBUG|Microsoft.EntityFrameworkCore.Database.Command|Created DbCommand for 'ExecuteReader' (0ms). 
2024-08-24 23:07:04.8368||DEBUG|Microsoft.EntityFrameworkCore.Database.Command|Initialized DbCommand for 'ExecuteReader' (0ms). 
2024-08-24 23:07:04.8368||DEBUG|Microsoft.EntityFrameworkCore.Database.Command|Executing DbCommand [Parameters=[@__normalizedEmail_0='?'], CommandType='Text', CommandTimeout='30']
SELECT u."Id", u."AccessFailedCount", u."ConcurrencyStamp", u."Email", u."EmailConfirmed", u."LockoutEnabled", u."LockoutEnd", u.manager_id, u."NormalizedEmail", u."NormalizedUserName", u."PasswordHash", u."PhoneNumber", u."PhoneNumberConfirmed", u."SecurityStamp", u."TwoFactorEnabled", u."UserName", u.warehouses_warehouse_id
FROM users AS u
WHERE u."NormalizedEmail" = @__normalizedEmail_0
LIMIT 2 
2024-08-24 23:07:04.8395||INFO|Microsoft.EntityFrameworkCore.Database.Command|Executed DbCommand (2ms) [Parameters=[@__normalizedEmail_0='?'], CommandType='Text', CommandTimeout='30']
SELECT u."Id", u."AccessFailedCount", u."ConcurrencyStamp", u."Email", u."EmailConfirmed", u."LockoutEnabled", u."LockoutEnd", u.manager_id, u."NormalizedEmail", u."NormalizedUserName", u."PasswordHash", u."PhoneNumber", u."PhoneNumberConfirmed", u."SecurityStamp", u."TwoFactorEnabled", u."UserName", u.warehouses_warehouse_id
FROM users AS u
WHERE u."NormalizedEmail" = @__normalizedEmail_0
LIMIT 2 
2024-08-24 23:07:04.8482||DEBUG|Microsoft.EntityFrameworkCore.ChangeTracking|Context 'SmartwmsDbContext' started tracking 'User' entity. Consider using 'DbContextOptionsBuilder.EnableSensitiveDataLogging' to see key values. 
2024-08-24 23:07:04.8616||DEBUG|Microsoft.EntityFrameworkCore.Database.Command|Closing data reader to 'smartwms_db' on server 'tcp://localhost:5432'. 
2024-08-24 23:07:04.8616||DEBUG|Microsoft.EntityFrameworkCore.Database.Command|A data reader for 'smartwms_db' on server 'tcp://localhost:5432' is being disposed after spending 22ms reading results. 
2024-08-24 23:07:04.8616||DEBUG|Microsoft.EntityFrameworkCore.Database.Connection|Closing connection to database 'smartwms_db' on server 'tcp://localhost:5432'. 
2024-08-24 23:07:04.8616||DEBUG|Microsoft.EntityFrameworkCore.Database.Connection|Closed connection to database 'smartwms_db' on server 'tcp://localhost:5432' (0ms). 
2024-08-24 23:07:04.8623||DEBUG|Microsoft.EntityFrameworkCore.Infrastructure|'SmartwmsDbContext' disposed. 
2024-08-24 23:07:04.8623||DEBUG|Microsoft.EntityFrameworkCore.Database.Connection|Disposing connection to database 'smartwms_db' on server 'tcp://localhost:5432'. 
2024-08-24 23:07:04.8623||DEBUG|Microsoft.EntityFrameworkCore.Database.Connection|Disposed connection to database 'smartwms_db' on server 'tcp://localhost:5432' (0ms). 
2024-08-24 23:07:04.9453||DEBUG|Microsoft.AspNetCore.Mvc.ModelBinding.ModelBinderFactory|Registered model binder providers, in the following order: Microsoft.AspNetCore.Mvc.ModelBinding.Binders.BinderTypeModelBinderProvider, Microsoft.AspNetCore.Mvc.ModelBinding.Binders.ServicesModelBinderProvider, Microsoft.AspNetCore.Mvc.ModelBinding.Binders.BodyModelBinderProvider, Microsoft.AspNetCore.Mvc.ModelBinding.Binders.HeaderModelBinderProvider, Microsoft.AspNetCore.Mvc.ModelBinding.Binders.FloatingPointTypeModelBinderProvider, Microsoft.AspNetCore.Mvc.ModelBinding.Binders.EnumTypeModelBinderProvider, Microsoft.AspNetCore.Mvc.ModelBinding.Binders.DateTimeModelBinderProvider, Microsoft.AspNetCore.Mvc.ModelBinding.Binders.SimpleTypeModelBinderProvider, Microsoft.AspNetCore.Mvc.ModelBinding.Binders.TryParseModelBinderProvider, Microsoft.AspNetCore.Mvc.ModelBinding.Binders.CancellationTokenModelBinderProvider, Microsoft.AspNetCore.Mvc.ModelBinding.Binders.ByteArrayModelBinderProvider, Microsoft.AspNetCore.Mvc.ModelBinding.Binders.FormFileModelBinderProvider, Microsoft.AspNetCore.Mvc.ModelBinding.Binders.FormCollectionModelBinderProvider, Microsoft.AspNetCore.Mvc.ModelBinding.Binders.KeyValuePairModelBinderProvider, Microsoft.AspNetCore.Mvc.ModelBinding.Binders.DictionaryModelBinderProvider, Microsoft.AspNetCore.Mvc.ModelBinding.Binders.ArrayModelBinderProvider, Microsoft.AspNetCore.Mvc.ModelBinding.Binders.CollectionModelBinderProvider, Microsoft.AspNetCore.Mvc.ModelBinding.Binders.ComplexObjectModelBinderProvider 
2024-08-24 23:07:05.0095||DEBUG|Microsoft.Extensions.Hosting.Internal.Host|Hosting starting 
2024-08-24 23:07:05.0224||DEBUG|Microsoft.AspNetCore.DataProtection.Repositories.FileSystemXmlRepository|Reading data from file '/Users/kamilsadowski/.aspnet/DataProtection-Keys/key-0ffb32d9-8013-4a53-b6ea-d73a13adc424.xml'. 
2024-08-24 23:07:05.0267||DEBUG|Microsoft.AspNetCore.DataProtection.KeyManagement.XmlKeyManager|Found key {0ffb32d9-8013-4a53-b6ea-d73a13adc424}. 
2024-08-24 23:07:05.0370||DEBUG|Microsoft.AspNetCore.DataProtection.KeyManagement.DefaultKeyResolver|Considering key {0ffb32d9-8013-4a53-b6ea-d73a13adc424} with expiration date 2024-11-12 15:19:46Z as default key. 
2024-08-24 23:07:05.0401||DEBUG|Microsoft.AspNetCore.DataProtection.TypeForwardingActivator|Forwarded activator type request from Microsoft.AspNetCore.DataProtection.AuthenticatedEncryption.ConfigurationModel.AuthenticatedEncryptorDescriptorDeserializer, Microsoft.AspNetCore.DataProtection, Version=8.0.0.0, Culture=neutral, PublicKeyToken=adb9793829ddae60 to Microsoft.AspNetCore.DataProtection.AuthenticatedEncryption.ConfigurationModel.AuthenticatedEncryptorDescriptorDeserializer, Microsoft.AspNetCore.DataProtection, Culture=neutral, PublicKeyToken=adb9793829ddae60 
2024-08-24 23:07:05.0441||DEBUG|Microsoft.AspNetCore.DataProtection.AuthenticatedEncryption.ManagedAuthenticatedEncryptorFactory|Using managed symmetric algorithm 'System.Security.Cryptography.Aes'. 
2024-08-24 23:07:05.0444||DEBUG|Microsoft.AspNetCore.DataProtection.AuthenticatedEncryption.ManagedAuthenticatedEncryptorFactory|Using managed keyed hash algorithm 'System.Security.Cryptography.HMACSHA256'. 
2024-08-24 23:07:05.0480||DEBUG|Microsoft.AspNetCore.DataProtection.KeyManagement.KeyRingProvider|Using key {0ffb32d9-8013-4a53-b6ea-d73a13adc424} as the default key. 
2024-08-24 23:07:05.0495||DEBUG|Microsoft.AspNetCore.DataProtection.Internal.DataProtectionHostedService|Key ring with default key {0ffb32d9-8013-4a53-b6ea-d73a13adc424} was loaded during application startup. 
2024-08-24 23:07:05.2334||INFO|Microsoft.Hosting.Lifetime|Now listening on: http://localhost:5236 
2024-08-24 23:07:05.2334||DEBUG|Microsoft.AspNetCore.Hosting.Diagnostics|Loaded hosting startup assembly SmartWMS 
2024-08-24 23:07:05.2342||INFO|Microsoft.Hosting.Lifetime|Application started. Press Ctrl+C to shut down. 
2024-08-24 23:07:05.2342||INFO|Microsoft.Hosting.Lifetime|Hosting environment: Development 
2024-08-24 23:07:05.2342||INFO|Microsoft.Hosting.Lifetime|Content root path: /Users/kamilsadowski/RiderProjects/SmartWMS 
2024-08-24 23:07:05.2342||DEBUG|Microsoft.Extensions.Hosting.Internal.Host|Hosting started 
2024-08-24 23:07:05.5603||DEBUG|Microsoft.AspNetCore.Server.Kestrel.Transport.Sockets|Connection id "0HN64G2QK2PEF" received FIN. 
2024-08-24 23:07:05.5732||DEBUG|Microsoft.AspNetCore.Server.Kestrel.Connections|Connection id "0HN64G2QK2PEF" accepted. 
2024-08-24 23:07:05.5769||DEBUG|Microsoft.AspNetCore.Server.Kestrel.Connections|Connection id "0HN64G2QK2PEF" started. 
2024-08-24 23:07:05.5943||DEBUG|Microsoft.AspNetCore.Server.Kestrel.Transport.Sockets|Connection id "0HN64G2QK2PEF" sending FIN because: "The Socket transport's send loop completed gracefully." 
2024-08-24 23:07:05.5976||DEBUG|Microsoft.AspNetCore.Server.Kestrel.Connections|Connection id "0HN64G2QK2PEG" accepted. 
2024-08-24 23:07:05.5976||DEBUG|Microsoft.AspNetCore.Server.Kestrel.Connections|Connection id "0HN64G2QK2PEG" started. 
2024-08-24 23:07:05.5986||DEBUG|Microsoft.AspNetCore.Server.Kestrel.Connections|Connection id "0HN64G2QK2PEF" disconnecting. 
2024-08-24 23:07:05.6046||DEBUG|Microsoft.AspNetCore.Server.Kestrel.Connections|Connection id "0HN64G2QK2PEF" stopped. 
2024-08-24 23:07:06.1966||INFO|Microsoft.AspNetCore.Hosting.Diagnostics|Request starting HTTP/1.1 GET http://localhost:5236/swagger/index.html - - - 
2024-08-24 23:07:06.1983||DEBUG|Microsoft.AspNetCore.HostFiltering.HostFilteringMiddleware|Wildcard detected, all requests with hosts will be allowed. 
2024-08-24 23:07:06.1983||TRACE|Microsoft.AspNetCore.HostFiltering.HostFilteringMiddleware|All hosts are allowed. 
2024-08-24 23:07:06.2246||DEBUG|Microsoft.AspNetCore.Routing.Matching.DfaMatcher|No candidates found for the request path '/swagger/index.html' 
2024-08-24 23:07:06.2246||DEBUG|Microsoft.AspNetCore.Routing.EndpointRoutingMiddleware|Request did not match any endpoints 
2024-08-24 23:07:06.2834||DEBUG|Microsoft.AspNetCore.Server.Kestrel.Connections|Connection id "0HN64G2QK2PEG" completed keep alive response. 
2024-08-24 23:07:06.2860||INFO|Microsoft.AspNetCore.Hosting.Diagnostics|Request finished HTTP/1.1 GET http://localhost:5236/swagger/index.html - 200 - text/html;charset=utf-8 95.6889ms 
2024-08-24 23:07:06.3731||INFO|Microsoft.AspNetCore.Hosting.Diagnostics|Request starting HTTP/1.1 GET http://localhost:5236/swagger/v1/swagger.json - - - 
2024-08-24 23:07:06.3732||TRACE|Microsoft.AspNetCore.HostFiltering.HostFilteringMiddleware|All hosts are allowed. 
2024-08-24 23:07:06.3743||DEBUG|Microsoft.AspNetCore.Routing.Matching.DfaMatcher|No candidates found for the request path '/swagger/v1/swagger.json' 
2024-08-24 23:07:06.3743||DEBUG|Microsoft.AspNetCore.Routing.EndpointRoutingMiddleware|Request did not match any endpoints 
2024-08-24 23:07:06.4378||DEBUG|Microsoft.AspNetCore.Server.Kestrel.Connections|Connection id "0HN64G2QK2PEG" completed keep alive response. 
2024-08-24 23:07:06.4378||INFO|Microsoft.AspNetCore.Hosting.Diagnostics|Request finished HTTP/1.1 GET http://localhost:5236/swagger/v1/swagger.json - 200 - application/json;charset=utf-8 64.9198ms 
2024-08-24 23:07:36.5846||DEBUG|Microsoft.AspNetCore.Server.Kestrel.Transport.Sockets|Connection id "0HN64G2QK2PEG" received FIN. 
2024-08-24 23:07:36.5860||DEBUG|Microsoft.AspNetCore.Server.Kestrel.Transport.Sockets|Connection id "0HN64G2QK2PEG" sending FIN because: "The Socket transport's send loop completed gracefully." 
2024-08-24 23:07:36.5887||DEBUG|Microsoft.AspNetCore.Server.Kestrel.Connections|Connection id "0HN64G2QK2PEG" disconnecting. 
2024-08-24 23:07:36.5912||DEBUG|Microsoft.AspNetCore.Server.Kestrel.Connections|Connection id "0HN64G2QK2PEG" stopped. 
2024-08-24 23:14:19.4059||INFO|Microsoft.Hosting.Lifetime|Application is shutting down... 
2024-08-24 23:14:19.4093||DEBUG|Microsoft.Extensions.Hosting.Internal.Host|Hosting stopping 
2024-08-24 23:14:19.4262||DEBUG|Microsoft.Extensions.Hosting.Internal.Host|Hosting stopped 
